2003.10.06 17:24 B C:\Projects\CLIR\www.diglib.org\forums\fall2001\crossref_files\buttons.gif <-- CLIR.ORG Old Host /diglib/forums/fall2001/crossref_files buttons.gif
2003.10.06 17:24 B C:\Projects\CLIR\www.diglib.org\forums\fall2001\crossref_files\error.htm <-- CLIR.ORG Old Host /diglib/forums/fall2001/crossref_files error.htm
2003.10.06 17:24 B C:\Projects\CLIR\www.diglib.org\forums\fall2001\crossref_files\filelist.xml <-- CLIR.ORG Old Host /diglib/forums/fall2001/crossref_files filelist.xml
2003.10.06 17:24 B C:\Projects\CLIR\www.diglib.org\forums\fall2001\crossref_files\frame.htm <-- CLIR.ORG Old Host /diglib/forums/fall2001/crossref_files frame.htm
2003.10.06 17:24 B C:\Projects\CLIR\www.diglib.org\forums\fall2001\crossref_files\fullscreen.htm <-- CLIR.ORG Old Host /diglib/forums/fall2001/crossref_files fullscreen.htm
2003.10.06 17:24 B C:\Projects\CLIR\www.diglib.org\forums\fall2001\crossref_files\master01.htm <-- CLIR.ORG Old Host /diglib/forums/fall2001/crossref_files master01.htm
2003.10.06 17:24 B C:\Projects\CLIR\www.diglib.org\forums\fall2001\crossref_files\master02.htm <-- CLIR.ORG Old Host /diglib/forums/fall2001/crossref_files master02.htm
2003.10.06 17:24 B C:\Projects\CLIR\www.diglib.org\forums\fall2001\crossref_files\master06.htm <-- CLIR.ORG Old Host /diglib/forums/fall2001/crossref_files master06.htm
2003.10.06 17:24 B C:\Projects\CLIR\www.diglib.org\forums\fall2001\crossref_files\master06.xml <-- CLIR.ORG Old Host /diglib/forums/fall2001/crossref_files master06.xml
2003.10.06 17:24 B C:\Projects\CLIR\www.diglib.org\forums\fall2001\crossref_files\master06_image001.png <-- CLIR.ORG Old Host /diglib/forums/fall2001/crossref_files master06_image001.png
2003.10.06 17:24 B C:\Projects\CLIR\www.diglib.org\forums\fall2001\crossref_files\master06_image038.gif <-- CLIR.ORG Old Host /diglib/forums/fall2001/crossref_files master06_image038.gif
2003.10.06 17:24 B C:\Projects\CLIR\www.diglib.org\forums\fall2001\crossref_files\master06_image039.gif <-- CLIR.ORG Old Host /diglib/forums/fall2001/crossref_files master06_image039.gif
2003.10.06 17:24 B C:\Projects\CLIR\www.diglib.org\forums\fall2001\crossref_files\master06_stylesheet.css <-- CLIR.ORG Old Host /diglib/forums/fall2001/crossref_files master06_stylesheet.css
2003.10.06 17:24 B C:\Projects\CLIR\www.diglib.org\forums\fall2001\crossref_files\notes_flag.gif <-- CLIR.ORG Old Host /diglib/forums/fall2001/crossref_files notes_flag.gif
2003.10.06 17:24 B C:\Projects\CLIR\www.diglib.org\forums\fall2001\crossref_files\oledata.mso <-- CLIR.ORG Old Host /diglib/forums/fall2001/crossref_files oledata.mso
2003.10.06 17:24 B C:\Projects\CLIR\www.diglib.org\forums\fall2001\crossref_files\outline.htm <-- CLIR.ORG Old Host /diglib/forums/fall2001/crossref_files outline.htm
2003.10.06 17:24 B C:\Projects\CLIR\www.diglib.org\forums\fall2001\crossref_files\pres.xml <-- CLIR.ORG Old Host /diglib/forums/fall2001/crossref_files pres.xml
2003.10.06 17:24 B C:\Projects\CLIR\www.diglib.org\forums\fall2001\crossref_files\preview.wmf <-- CLIR.ORG Old Host /diglib/forums/fall2001/crossref_files preview.wmf
2003.10.06 17:24 B C:\Projects\CLIR\www.diglib.org\forums\fall2001\crossref_files\script.js <-- CLIR.ORG Old Host /diglib/forums/fall2001/crossref_files script.js
2003.10.06 17:24 B C:\Projects\CLIR\www.diglib.org\forums\fall2001\crossref_files\slide0030.htm <-- CLIR.ORG Old Host /diglib/forums/fall2001/crossref_files slide0030.htm
2003.10.06 17:24 B C:\Projects\CLIR\www.diglib.org\forums\fall2001\crossref_files\slide0030_image040.gif <-- CLIR.ORG Old Host /diglib/forums/fall2001/crossref_files slide0030_image040.gif
2003.10.06 17:24 B C:\Projects\CLIR\www.diglib.org\forums\fall2001\crossref_files\slide0030_image041.gif <-- CLIR.ORG Old Host /diglib/forums/fall2001/crossref_files slide0030_image041.gif
2003.10.06 17:24 B C:\Projects\CLIR\www.diglib.org\forums\fall2001\crossref_files\slide0040.htm <-- CLIR.ORG Old Host /diglib/forums/fall2001/crossref_files slide0040.htm
2003.10.06 17:24 B C:\Projects\CLIR\www.diglib.org\forums\fall2001\crossref_files\slide0042.htm <-- CLIR.ORG Old Host /diglib/forums/fall2001/crossref_files slide0042.htm
2003.10.06 17:24 B C:\Projects\CLIR\www.diglib.org\forums\fall2001\crossref_files\slide0048.htm <-- CLIR.ORG Old Host /diglib/forums/fall2001/crossref_files slide0048.htm
2003.10.06 17:24 B C:\Projects\CLIR\www.diglib.org\forums\fall2001\crossref_files\slide0062.htm <-- CLIR.ORG Old Host /diglib/forums/fall2001/crossref_files slide0062.htm
2003.10.06 17:24 B C:\Projects\CLIR\www.diglib.org\forums\fall2001\crossref_files\slide0064.htm <-- CLIR.ORG Old Host /diglib/forums/fall2001/crossref_files slide0064.htm
2003.10.06 17:24 B C:\Projects\CLIR\www.diglib.org\forums\fall2001\crossref_files\slide0065.htm <-- CLIR.ORG Old Host /diglib/forums/fall2001/crossref_files slide0065.htm
2003.10.06 17:24 B C:\Projects\CLIR\www.diglib.org\forums\fall2001\crossref_files\slide0065_image072.emz <-- CLIR.ORG Old Host /diglib/forums/fall2001/crossref_files slide0065_image072.emz
2003.10.06 17:25 B C:\Projects\CLIR\www.diglib.org\forums\fall2001\crossref_files\slide0065_image073.gif <-- CLIR.ORG Old Host /diglib/forums/fall2001/crossref_files slide0065_image073.gif
2003.10.06 17:25 B C:\Projects\CLIR\www.diglib.org\forums\fall2001\crossref_files\slide0112.htm <-- CLIR.ORG Old Host /diglib/forums/fall2001/crossref_files slide0112.htm
2003.10.06 17:25 B C:\Projects\CLIR\www.diglib.org\forums\fall2001\crossref_files\slide0114.htm <-- CLIR.ORG Old Host /diglib/forums/fall2001/crossref_files slide0114.htm
2003.10.06 17:25 B C:\Projects\CLIR\www.diglib.org\forums\fall2001\crossref_files\slide0121.htm <-- CLIR.ORG Old Host /diglib/forums/fall2001/crossref_files slide0121.htm
2003.10.06 17:25 B C:\Projects\CLIR\www.diglib.org\forums\fall2001\crossref_files\slide0127.htm <-- CLIR.ORG Old Host /diglib/forums/fall2001/crossref_files slide0127.htm
2003.10.06 17:25 B C:\Projects\CLIR\www.diglib.org\forums\fall2001\crossref_files\slide0127_image053.png <-- CLIR.ORG Old Host /diglib/forums/fall2001/crossref_files slide0127_image053.png
2003.10.06 17:25 B C:\Projects\CLIR\www.diglib.org\forums\fall2001\crossref_files\slide0127_image054.jpg <-- CLIR.ORG Old Host /diglib/forums/fall2001/crossref_files slide0127_image054.jpg
2003.10.06 17:25 B C:\Projects\CLIR\www.diglib.org\forums\fall2001\crossref_files\slide0128.htm <-- CLIR.ORG Old Host /diglib/forums/fall2001/crossref_files slide0128.htm
2003.10.06 17:25 B C:\Projects\CLIR\www.diglib.org\forums\fall2001\crossref_files\slide0128_image055.png <-- CLIR.ORG Old Host /diglib/forums/fall2001/crossref_files slide0128_image055.png
2003.10.06 17:25 B C:\Projects\CLIR\www.diglib.org\forums\fall2001\crossref_files\slide0128_image056.jpg <-- CLIR.ORG Old Host /diglib/forums/fall2001/crossref_files slide0128_image056.jpg
2003.10.06 17:25 B C:\Projects\CLIR\www.diglib.org\forums\fall2001\crossref_files\slide0128_image057.gif <-- CLIR.ORG Old Host /diglib/forums/fall2001/crossref_files slide0128_image057.gif
2003.10.06 17:25 B C:\Projects\CLIR\www.diglib.org\forums\fall2001\crossref_files\slide0128_image058.gif <-- CLIR.ORG Old Host /diglib/forums/fall2001/crossref_files slide0128_image058.gif
2003.10.06 17:25 B C:\Projects\CLIR\www.diglib.org\forums\fall2001\crossref_files\slide0128_image059.gif <-- CLIR.ORG Old Host /diglib/forums/fall2001/crossref_files slide0128_image059.gif
2003.10.06 17:25 B C:\Projects\CLIR\www.diglib.org\forums\fall2001\crossref_files\slide0128_image060.gif <-- CLIR.ORG Old Host /diglib/forums/fall2001/crossref_files slide0128_image060.gif
2003.10.06 17:25 B C:\Projects\CLIR\www.diglib.org\forums\fall2001\crossref_files\slide0128_image061.gif <-- CLIR.ORG Old Host /diglib/forums/fall2001/crossref_files slide0128_image061.gif
2003.10.06 17:25 B C:\Projects\CLIR\www.diglib.org\forums\fall2001\crossref_files\slide0128_image062.gif <-- CLIR.ORG Old Host /diglib/forums/fall2001/crossref_files slide0128_image062.gif
2003.10.06 17:25 B C:\Projects\CLIR\www.diglib.org\forums\fall2001\crossref_files\slide0128_image063.gif <-- CLIR.ORG Old Host /diglib/forums/fall2001/crossref_files slide0128_image063.gif
2003.10.06 17:25 B C:\Projects\CLIR\www.diglib.org\forums\fall2001\crossref_files\slide0129.htm <-- CLIR.ORG Old Host /diglib/forums/fall2001/crossref_files slide0129.htm
2003.10.06 17:25 B C:\Projects\CLIR\www.diglib.org\forums\fall2001\crossref_files\slide0129_image064.png <-- CLIR.ORG Old Host /diglib/forums/fall2001/crossref_files slide0129_image064.png
2003.10.06 17:25 B C:\Projects\CLIR\www.diglib.org\forums\fall2001\crossref_files\slide0129_image065.jpg <-- CLIR.ORG Old Host /diglib/forums/fall2001/crossref_files slide0129_image065.jpg
2003.10.06 17:25 B C:\Projects\CLIR\www.diglib.org\forums\fall2001\crossref_files\slide0130.htm <-- CLIR.ORG Old Host /diglib/forums/fall2001/crossref_files slide0130.htm
2003.10.06 17:25 B C:\Projects\CLIR\www.diglib.org\forums\fall2001\crossref_files\slide0130_image066.png <-- CLIR.ORG Old Host /diglib/forums/fall2001/crossref_files slide0130_image066.png
2003.10.06 17:25 B C:\Projects\CLIR\www.diglib.org\forums\fall2001\crossref_files\slide0130_image067.jpg <-- CLIR.ORG Old Host /diglib/forums/fall2001/crossref_files slide0130_image067.jpg
2003.10.06 17:25 B C:\Projects\CLIR\www.diglib.org\forums\fall2001\crossref_files\slide0130_image068.gif <-- CLIR.ORG Old Host /diglib/forums/fall2001/crossref_files slide0130_image068.gif
2003.10.06 17:25 B C:\Projects\CLIR\www.diglib.org\forums\fall2001\crossref_files\slide0130_image069.gif <-- CLIR.ORG Old Host /diglib/forums/fall2001/crossref_files slide0130_image069.gif
2003.10.06 17:25 B C:\Projects\CLIR\www.diglib.org\forums\fall2001\crossref_files\slide0131.htm <-- CLIR.ORG Old Host /diglib/forums/fall2001/crossref_files slide0131.htm
2003.10.06 17:25 B C:\Projects\CLIR\www.diglib.org\forums\fall2001\crossref_files\slide0131_image070.png <-- CLIR.ORG Old Host /diglib/forums/fall2001/crossref_files slide0131_image070.png
2003.10.06 17:25 B C:\Projects\CLIR\www.diglib.org\forums\fall2001\crossref_files\slide0131_image071.jpg <-- CLIR.ORG Old Host /diglib/forums/fall2001/crossref_files slide0131_image071.jpg
2003.10.06 17:25 B C:\Projects\CLIR\www.diglib.org\forums\fall2001\crossref_files\slide0132.htm <-- CLIR.ORG Old Host /diglib/forums/fall2001/crossref_files slide0132.htm
2003.10.06 17:25 B C:\Projects\CLIR\www.diglib.org\forums\fall2001\crossref_files\slide0132_image074.gif <-- CLIR.ORG Old Host /diglib/forums/fall2001/crossref_files slide0132_image074.gif
2003.10.06 17:25 B C:\Projects\CLIR\www.diglib.org\forums\fall2001\crossref_files\slide0132_image075.gif <-- CLIR.ORG Old Host /diglib/forums/fall2001/crossref_files slide0132_image075.gif
2003.10.06 17:25 B C:\Projects\CLIR\www.diglib.org\forums\fall2001\crossref_files\slide0132_image076.gif <-- CLIR.ORG Old Host /diglib/forums/fall2001/crossref_files slide0132_image076.gif
2003.10.06 17:25 B C:\Projects\CLIR\www.diglib.org\forums\fall2001\crossref_files\slide0132_image077.gif <-- CLIR.ORG Old Host /diglib/forums/fall2001/crossref_files slide0132_image077.gif
2003.10.06 17:25 B C:\Projects\CLIR\www.diglib.org\forums\fall2001\crossref_files\slide0132_image078.gif <-- CLIR.ORG Old Host /diglib/forums/fall2001/crossref_files slide0132_image078.gif
2003.10.06 17:25 B C:\Projects\CLIR\www.diglib.org\forums\fall2001\crossref_files\slide0138.htm <-- CLIR.ORG Old Host /diglib/forums/fall2001/crossref_files slide0138.htm
2003.10.06 17:25 B C:\Projects\CLIR\www.diglib.org\forums\fall2001\crossref_files\slide0139.htm <-- CLIR.ORG Old Host /diglib/forums/fall2001/crossref_files slide0139.htm
2003.10.06 17:25 B C:\Projects\CLIR\www.diglib.org\forums\fall2001\crossref_files\slide0139_image079.gif <-- CLIR.ORG Old Host /diglib/forums/fall2001/crossref_files slide0139_image079.gif
2003.10.06 17:25 B C:\Projects\CLIR\www.diglib.org\forums\fall2001\crossref_files\slide0141.htm <-- CLIR.ORG Old Host /diglib/forums/fall2001/crossref_files slide0141.htm
2003.10.06 17:25 B C:\Projects\CLIR\www.diglib.org\forums\fall2001\crossref_files\slide0144.htm <-- CLIR.ORG Old Host /diglib/forums/fall2001/crossref_files slide0144.htm
2003.10.06 17:25 B C:\Projects\CLIR\www.diglib.org\forums\fall2001\crossref_files\slide0145.htm <-- CLIR.ORG Old Host /diglib/forums/fall2001/crossref_files slide0145.htm
2003.10.06 17:25 B C:\Projects\CLIR\www.diglib.org\forums\fall2001\crossref_files\slide0146.htm <-- CLIR.ORG Old Host /diglib/forums/fall2001/crossref_files slide0146.htm
2003.10.06 17:25 B C:\Projects\CLIR\www.diglib.org\forums\fall2001\crossref_files\slide0148.htm <-- CLIR.ORG Old Host /diglib/forums/fall2001/crossref_files slide0148.htm
2003.10.06 17:25 B C:\Projects\CLIR\www.diglib.org\forums\fall2001\crossref_files\slide0149.htm <-- CLIR.ORG Old Host /diglib/forums/fall2001/crossref_files slide0149.htm
2003.10.06 17:25 B C:\Projects\CLIR\www.diglib.org\forums\fall2001\crossref_files\slide0150.htm <-- CLIR.ORG Old Host /diglib/forums/fall2001/crossref_files slide0150.htm
2003.10.06 17:25 B C:\Projects\CLIR\www.diglib.org\forums\fall2001\crossref_files\slide0152.htm <-- CLIR.ORG Old Host /diglib/forums/fall2001/crossref_files slide0152.htm
2003.10.06 17:25 B C:\Projects\CLIR\www.diglib.org\forums\fall2001\crossref_files\slide0152_image042.wmz <-- CLIR.ORG Old Host /diglib/forums/fall2001/crossref_files slide0152_image042.wmz
2003.10.06 17:25 B C:\Projects\CLIR\www.diglib.org\forums\fall2001\crossref_files\slide0152_image043.gif <-- CLIR.ORG Old Host /diglib/forums/fall2001/crossref_files slide0152_image043.gif
2003.10.06 17:25 B C:\Projects\CLIR\www.diglib.org\forums\fall2001\crossref_files\slide0152_image044.wmz <-- CLIR.ORG Old Host /diglib/forums/fall2001/crossref_files slide0152_image044.wmz
2003.10.06 17:25 B C:\Projects\CLIR\www.diglib.org\forums\fall2001\crossref_files\slide0152_image045.gif <-- CLIR.ORG Old Host /diglib/forums/fall2001/crossref_files slide0152_image045.gif
2003.10.06 17:25 B C:\Projects\CLIR\www.diglib.org\forums\fall2001\crossref_files\slide0152_image046.wmz <-- CLIR.ORG Old Host /diglib/forums/fall2001/crossref_files slide0152_image046.wmz
2003.10.06 17:25 B C:\Projects\CLIR\www.diglib.org\forums\fall2001\crossref_files\slide0152_image047.gif <-- CLIR.ORG Old Host /diglib/forums/fall2001/crossref_files slide0152_image047.gif
2003.10.06 17:25 B C:\Projects\CLIR\www.diglib.org\forums\fall2001\crossref_files\slide0152_image048.gif <-- CLIR.ORG Old Host /diglib/forums/fall2001/crossref_files slide0152_image048.gif
2003.10.06 17:25 B C:\Projects\CLIR\www.diglib.org\forums\fall2001\crossref_files\slide0152_image049.gif <-- CLIR.ORG Old Host /diglib/forums/fall2001/crossref_files slide0152_image049.gif
2003.10.06 17:25 B C:\Projects\CLIR\www.diglib.org\forums\fall2001\crossref_files\slide0152_image050.gif <-- CLIR.ORG Old Host /diglib/forums/fall2001/crossref_files slide0152_image050.gif
2003.10.06 17:25 B C:\Projects\CLIR\www.diglib.org\forums\fall2001\crossref_files\slide0152_image051.gif <-- CLIR.ORG Old Host /diglib/forums/fall2001/crossref_files slide0152_image051.gif
2003.10.06 17:25 B C:\Projects\CLIR\www.diglib.org\forums\fall2001\crossref_files\slide0152_image052.gif <-- CLIR.ORG Old Host /diglib/forums/fall2001/crossref_files slide0152_image052.gif
2003.10.06 17:25 B C:\Projects\CLIR\www.diglib.org\forums\fall2001\crossref_files\slide0154.htm <-- CLIR.ORG Old Host /diglib/forums/fall2001/crossref_files slide0154.htm
2003.10.06 17:25 B C:\Projects\CLIR\www.diglib.org\forums\fall2001\crossref_files\slide0155.htm <-- CLIR.ORG Old Host /diglib/forums/fall2001/crossref_files slide0155.htm
2003.10.06 17:25 B C:\Projects\CLIR\www.diglib.org\forums\fall2001\crossref_files\v3_blank_notes.htm <-- CLIR.ORG Old Host /diglib/forums/fall2001/crossref_files v3_blank_notes.htm
2003.10.06 17:25 B C:\Projects\CLIR\www.diglib.org\forums\fall2001\crossref_files\v3_document.htm <-- CLIR.ORG Old Host /diglib/forums/fall2001/crossref_files v3_document.htm
2003.10.06 17:25 B C:\Projects\CLIR\www.diglib.org\forums\fall2001\crossref_files\v3_endshow.htm <-- CLIR.ORG Old Host /diglib/forums/fall2001/crossref_files v3_endshow.htm
2003.10.06 17:25 B C:\Projects\CLIR\www.diglib.org\forums\fall2001\crossref_files\v3_master06_background.gif <-- CLIR.ORG Old Host /diglib/forums/fall2001/crossref_files v3_master06_background.gif
2003.10.06 17:25 B C:\Projects\CLIR\www.diglib.org\forums\fall2001\crossref_files\v3_master06_image003.gif <-- CLIR.ORG Old Host /diglib/forums/fall2001/crossref_files v3_master06_image003.gif
2003.10.06 17:25 B C:\Projects\CLIR\www.diglib.org\forums\fall2001\crossref_files\v3_master06_image004.gif <-- CLIR.ORG Old Host /diglib/forums/fall2001/crossref_files v3_master06_image004.gif
2003.10.06 17:25 B C:\Projects\CLIR\www.diglib.org\forums\fall2001\crossref_files\v3_master06_image005.gif <-- CLIR.ORG Old Host /diglib/forums/fall2001/crossref_files v3_master06_image005.gif
2003.10.06 17:25 B C:\Projects\CLIR\www.diglib.org\forums\fall2001\crossref_files\v3_master06_image006.gif <-- CLIR.ORG Old Host /diglib/forums/fall2001/crossref_files v3_master06_image006.gif
2003.10.06 17:25 B C:\Projects\CLIR\www.diglib.org\forums\fall2001\crossref_files\v3_master06_image007.gif <-- CLIR.ORG Old Host /diglib/forums/fall2001/crossref_files v3_master06_image007.gif
2003.10.06 17:25 B C:\Projects\CLIR\www.diglib.org\forums\fall2001\crossref_files\v3_master06_image008.gif <-- CLIR.ORG Old Host /diglib/forums/fall2001/crossref_files v3_master06_image008.gif
2003.10.06 17:25 B C:\Projects\CLIR\www.diglib.org\forums\fall2001\crossref_files\v3_master06_image009.gif <-- CLIR.ORG Old Host /diglib/forums/fall2001/crossref_files v3_master06_image009.gif
2003.10.06 17:25 B C:\Projects\CLIR\www.diglib.org\forums\fall2001\crossref_files\v3_master06_image015.gif <-- CLIR.ORG Old Host /diglib/forums/fall2001/crossref_files v3_master06_image015.gif
2003.10.06 17:25 B C:\Projects\CLIR\www.diglib.org\forums\fall2001\crossref_files\v3_master06_image016.gif <-- CLIR.ORG Old Host /diglib/forums/fall2001/crossref_files v3_master06_image016.gif
2003.10.06 17:25 B C:\Projects\CLIR\www.diglib.org\forums\fall2001\crossref_files\v3_master06_image017.gif <-- CLIR.ORG Old Host /diglib/forums/fall2001/crossref_files v3_master06_image017.gif
2003.10.06 17:25 B C:\Projects\CLIR\www.diglib.org\forums\fall2001\crossref_files\v3_master06_image018.gif <-- CLIR.ORG Old Host /diglib/forums/fall2001/crossref_files v3_master06_image018.gif
2003.10.06 17:25 B C:\Projects\CLIR\www.diglib.org\forums\fall2001\crossref_files\v3_master06_image019.gif <-- CLIR.ORG Old Host /diglib/forums/fall2001/crossref_files v3_master06_image019.gif
2003.10.06 17:25 B C:\Projects\CLIR\www.diglib.org\forums\fall2001\crossref_files\v3_master06_image020.gif <-- CLIR.ORG Old Host /diglib/forums/fall2001/crossref_files v3_master06_image020.gif
2003.10.06 17:26 B C:\Projects\CLIR\www.diglib.org\forums\fall2001\crossref_files\v3_master06_image021.gif <-- CLIR.ORG Old Host /diglib/forums/fall2001/crossref_files v3_master06_image021.gif
2003.10.06 17:26 B C:\Projects\CLIR\www.diglib.org\forums\fall2001\crossref_files\v3_master06_image022.gif <-- CLIR.ORG Old Host /diglib/forums/fall2001/crossref_files v3_master06_image022.gif
2003.10.06 17:26 B C:\Projects\CLIR\www.diglib.org\forums\fall2001\crossref_files\v3_master06_image024.gif <-- CLIR.ORG Old Host /diglib/forums/fall2001/crossref_files v3_master06_image024.gif
2003.10.06 17:26 B C:\Projects\CLIR\www.diglib.org\forums\fall2001\crossref_files\v3_master06_image028.gif <-- CLIR.ORG Old Host /diglib/forums/fall2001/crossref_files v3_master06_image028.gif
2003.10.06 17:26 B C:\Projects\CLIR\www.diglib.org\forums\fall2001\crossref_files\v3_master06_image029.gif <-- CLIR.ORG Old Host /diglib/forums/fall2001/crossref_files v3_master06_image029.gif
2003.10.06 17:26 B C:\Projects\CLIR\www.diglib.org\forums\fall2001\crossref_files\v3_master06_image030.gif <-- CLIR.ORG Old Host /diglib/forums/fall2001/crossref_files v3_master06_image030.gif
2003.10.06 17:26 B C:\Projects\CLIR\www.diglib.org\forums\fall2001\crossref_files\v3_master06_image031.gif <-- CLIR.ORG Old Host /diglib/forums/fall2001/crossref_files v3_master06_image031.gif
2003.10.06 17:26 B C:\Projects\CLIR\www.diglib.org\forums\fall2001\crossref_files\v3_master06_image032.gif <-- CLIR.ORG Old Host /diglib/forums/fall2001/crossref_files v3_master06_image032.gif
2003.10.06 17:26 B C:\Projects\CLIR\www.diglib.org\forums\fall2001\crossref_files\v3_master06_image034.gif <-- CLIR.ORG Old Host /diglib/forums/fall2001/crossref_files v3_master06_image034.gif
2003.10.06 17:26 B C:\Projects\CLIR\www.diglib.org\forums\fall2001\crossref_files\v3_master06_image035.gif <-- CLIR.ORG Old Host /diglib/forums/fall2001/crossref_files v3_master06_image035.gif
2003.10.06 17:26 B C:\Projects\CLIR\www.diglib.org\forums\fall2001\crossref_files\v3_master06_image036.gif <-- CLIR.ORG Old Host /diglib/forums/fall2001/crossref_files v3_master06_image036.gif
2003.10.06 17:26 B C:\Projects\CLIR\www.diglib.org\forums\fall2001\crossref_files\v3_master06_image037.gif <-- CLIR.ORG Old Host /diglib/forums/fall2001/crossref_files v3_master06_image037.gif
2003.10.06 17:26 B C:\Projects\CLIR\www.diglib.org\forums\fall2001\crossref_files\v3_navigation_bar.htm <-- CLIR.ORG Old Host /diglib/forums/fall2001/crossref_files v3_navigation_bar.htm
2003.10.06 17:26 B C:\Projects\CLIR\www.diglib.org\forums\fall2001\crossref_files\v3_next_active.gif <-- CLIR.ORG Old Host /diglib/forums/fall2001/crossref_files v3_next_active.gif
2003.10.06 17:26 B C:\Projects\CLIR\www.diglib.org\forums\fall2001\crossref_files\v3_next_disabled.gif <-- CLIR.ORG Old Host /diglib/forums/fall2001/crossref_files v3_next_disabled.gif
2003.10.06 17:26 B C:\Projects\CLIR\www.diglib.org\forums\fall2001\crossref_files\v3_outline_collapse.gif <-- CLIR.ORG Old Host /diglib/forums/fall2001/crossref_files v3_outline_collapse.gif
2003.10.06 17:26 B C:\Projects\CLIR\www.diglib.org\forums\fall2001\crossref_files\v3_outline_collapsed.htm <-- CLIR.ORG Old Host /diglib/forums/fall2001/crossref_files v3_outline_collapsed.htm
2003.10.06 17:26 B C:\Projects\CLIR\www.diglib.org\forums\fall2001\crossref_files\v3_outline_expand.gif <-- CLIR.ORG Old Host /diglib/forums/fall2001/crossref_files v3_outline_expand.gif
2003.10.06 17:26 B C:\Projects\CLIR\www.diglib.org\forums\fall2001\crossref_files\v3_outline_expanded.htm <-- CLIR.ORG Old Host /diglib/forums/fall2001/crossref_files v3_outline_expanded.htm
2003.10.06 17:26 B C:\Projects\CLIR\www.diglib.org\forums\fall2001\crossref_files\v3_outline_navigation_bar.htm <-- CLIR.ORG Old Host /diglib/forums/fall2001/crossref_files v3_outline_navigation_bar.htm
2003.10.06 17:26 B C:\Projects\CLIR\www.diglib.org\forums\fall2001\crossref_files\v3_prev_active.gif <-- CLIR.ORG Old Host /diglib/forums/fall2001/crossref_files v3_prev_active.gif
2003.10.06 17:26 B C:\Projects\CLIR\www.diglib.org\forums\fall2001\crossref_files\v3_prev_disabled.gif <-- CLIR.ORG Old Host /diglib/forums/fall2001/crossref_files v3_prev_disabled.gif
2003.10.06 17:26 B C:\Projects\CLIR\www.diglib.org\forums\fall2001\crossref_files\v3_slide0030.htm <-- CLIR.ORG Old Host /diglib/forums/fall2001/crossref_files v3_slide0030.htm
2003.10.06 17:26 B C:\Projects\CLIR\www.diglib.org\forums\fall2001\crossref_files\v3_slide0030_background.gif <-- CLIR.ORG Old Host /diglib/forums/fall2001/crossref_files v3_slide0030_background.gif
2003.10.06 17:26 B C:\Projects\CLIR\www.diglib.org\forums\fall2001\crossref_files\v3_slide0030_image002.gif <-- CLIR.ORG Old Host /diglib/forums/fall2001/crossref_files v3_slide0030_image002.gif
2003.10.06 17:26 B C:\Projects\CLIR\www.diglib.org\forums\fall2001\crossref_files\v3_slide0040.htm <-- CLIR.ORG Old Host /diglib/forums/fall2001/crossref_files v3_slide0040.htm
2003.10.06 17:26 B C:\Projects\CLIR\www.diglib.org\forums\fall2001\crossref_files\v3_slide0040_notes_pane.htm <-- CLIR.ORG Old Host /diglib/forums/fall2001/crossref_files v3_slide0040_notes_pane.htm
2003.10.06 17:26 B C:\Projects\CLIR\www.diglib.org\forums\fall2001\crossref_files\v3_slide0042.htm <-- CLIR.ORG Old Host /diglib/forums/fall2001/crossref_files v3_slide0042.htm
2003.10.06 17:26 B C:\Projects\CLIR\www.diglib.org\forums\fall2001\crossref_files\v3_slide0048.htm <-- CLIR.ORG Old Host /diglib/forums/fall2001/crossref_files v3_slide0048.htm
2003.10.06 17:26 B C:\Projects\CLIR\www.diglib.org\forums\fall2001\crossref_files\v3_slide0062.htm <-- CLIR.ORG Old Host /diglib/forums/fall2001/crossref_files v3_slide0062.htm
2003.10.06 17:26 B C:\Projects\CLIR\www.diglib.org\forums\fall2001\crossref_files\v3_slide0064.htm <-- CLIR.ORG Old Host /diglib/forums/fall2001/crossref_files v3_slide0064.htm
2003.10.06 17:26 B C:\Projects\CLIR\www.diglib.org\forums\fall2001\crossref_files\v3_slide0065.htm <-- CLIR.ORG Old Host /diglib/forums/fall2001/crossref_files v3_slide0065.htm
2003.10.06 17:26 B C:\Projects\CLIR\www.diglib.org\forums\fall2001\crossref_files\v3_slide0065_image023.gif <-- CLIR.ORG Old Host /diglib/forums/fall2001/crossref_files v3_slide0065_image023.gif
2003.10.06 17:26 B C:\Projects\CLIR\www.diglib.org\forums\fall2001\crossref_files\v3_slide0112.htm <-- CLIR.ORG Old Host /diglib/forums/fall2001/crossref_files v3_slide0112.htm
2003.10.06 17:26 B C:\Projects\CLIR\www.diglib.org\forums\fall2001\crossref_files\v3_slide0114.htm <-- CLIR.ORG Old Host /diglib/forums/fall2001/crossref_files v3_slide0114.htm
2003.10.06 17:26 B C:\Projects\CLIR\www.diglib.org\forums\fall2001\crossref_files\v3_slide0121.htm <-- CLIR.ORG Old Host /diglib/forums/fall2001/crossref_files v3_slide0121.htm
2003.10.06 17:26 B C:\Projects\CLIR\www.diglib.org\forums\fall2001\crossref_files\v3_slide0121_background.gif <-- CLIR.ORG Old Host /diglib/forums/fall2001/crossref_files v3_slide0121_background.gif
2003.10.06 17:26 B C:\Projects\CLIR\www.diglib.org\forums\fall2001\crossref_files\v3_slide0127.htm <-- CLIR.ORG Old Host /diglib/forums/fall2001/crossref_files v3_slide0127.htm
2003.10.06 17:26 B C:\Projects\CLIR\www.diglib.org\forums\fall2001\crossref_files\v3_slide0127_notes_pane.htm <-- CLIR.ORG Old Host /diglib/forums/fall2001/crossref_files v3_slide0127_notes_pane.htm
2003.10.06 17:26 B C:\Projects\CLIR\www.diglib.org\forums\fall2001\crossref_files\v3_slide0128.htm <-- CLIR.ORG Old Host /diglib/forums/fall2001/crossref_files v3_slide0128.htm
2003.10.06 17:26 B C:\Projects\CLIR\www.diglib.org\forums\fall2001\crossref_files\v3_slide0128_notes_pane.htm <-- CLIR.ORG Old Host /diglib/forums/fall2001/crossref_files v3_slide0128_notes_pane.htm
2003.10.06 17:26 B C:\Projects\CLIR\www.diglib.org\forums\fall2001\crossref_files\v3_slide0129.htm <-- CLIR.ORG Old Host /diglib/forums/fall2001/crossref_files v3_slide0129.htm
2003.10.06 17:26 B C:\Projects\CLIR\www.diglib.org\forums\fall2001\crossref_files\v3_slide0129_notes_pane.htm <-- CLIR.ORG Old Host /diglib/forums/fall2001/crossref_files v3_slide0129_notes_pane.htm
2003.10.06 17:26 B C:\Projects\CLIR\www.diglib.org\forums\fall2001\crossref_files\v3_slide0130.htm <-- CLIR.ORG Old Host /diglib/forums/fall2001/crossref_files v3_slide0130.htm
2003.10.06 17:26 B C:\Projects\CLIR\www.diglib.org\forums\fall2001\crossref_files\v3_slide0130_notes_pane.htm <-- CLIR.ORG Old Host /diglib/forums/fall2001/crossref_files v3_slide0130_notes_pane.htm
2003.10.06 17:26 B C:\Projects\CLIR\www.diglib.org\forums\fall2001\crossref_files\v3_slide0131.htm <-- CLIR.ORG Old Host /diglib/forums/fall2001/crossref_files v3_slide0131.htm
2003.10.06 17:26 B C:\Projects\CLIR\www.diglib.org\forums\fall2001\crossref_files\v3_slide0132.htm <-- CLIR.ORG Old Host /diglib/forums/fall2001/crossref_files v3_slide0132.htm
2003.10.06 17:26 B C:\Projects\CLIR\www.diglib.org\forums\fall2001\crossref_files\v3_slide0132_background.gif <-- CLIR.ORG Old Host /diglib/forums/fall2001/crossref_files v3_slide0132_background.gif
2003.10.06 17:26 B C:\Projects\CLIR\www.diglib.org\forums\fall2001\crossref_files\v3_slide0132_image025.gif <-- CLIR.ORG Old Host /diglib/forums/fall2001/crossref_files v3_slide0132_image025.gif
2003.10.06 17:26 B C:\Projects\CLIR\www.diglib.org\forums\fall2001\crossref_files\v3_slide0132_image026.gif <-- CLIR.ORG Old Host /diglib/forums/fall2001/crossref_files v3_slide0132_image026.gif
2003.10.06 17:26 B C:\Projects\CLIR\www.diglib.org\forums\fall2001\crossref_files\v3_slide0132_image027.gif <-- CLIR.ORG Old Host /diglib/forums/fall2001/crossref_files v3_slide0132_image027.gif
2003.10.06 17:26 B C:\Projects\CLIR\www.diglib.org\forums\fall2001\crossref_files\v3_slide0138.htm <-- CLIR.ORG Old Host /diglib/forums/fall2001/crossref_files v3_slide0138.htm
2003.10.06 17:26 B C:\Projects\CLIR\www.diglib.org\forums\fall2001\crossref_files\v3_slide0138_notes_pane.htm <-- CLIR.ORG Old Host /diglib/forums/fall2001/crossref_files v3_slide0138_notes_pane.htm
2003.10.06 17:26 B C:\Projects\CLIR\www.diglib.org\forums\fall2001\crossref_files\v3_slide0139.htm <-- CLIR.ORG Old Host /diglib/forums/fall2001/crossref_files v3_slide0139.htm
2003.10.06 17:26 B C:\Projects\CLIR\www.diglib.org\forums\fall2001\crossref_files\v3_slide0139_image033.gif <-- CLIR.ORG Old Host /diglib/forums/fall2001/crossref_files v3_slide0139_image033.gif
2003.10.06 17:26 B C:\Projects\CLIR\www.diglib.org\forums\fall2001\crossref_files\v3_slide0139_notes_pane.htm <-- CLIR.ORG Old Host /diglib/forums/fall2001/crossref_files v3_slide0139_notes_pane.htm
2003.10.06 17:26 B C:\Projects\CLIR\www.diglib.org\forums\fall2001\crossref_files\v3_slide0141.htm <-- CLIR.ORG Old Host /diglib/forums/fall2001/crossref_files v3_slide0141.htm
2003.10.06 17:26 B C:\Projects\CLIR\www.diglib.org\forums\fall2001\crossref_files\v3_slide0141_notes_pane.htm <-- CLIR.ORG Old Host /diglib/forums/fall2001/crossref_files v3_slide0141_notes_pane.htm
2003.10.06 17:26 B C:\Projects\CLIR\www.diglib.org\forums\fall2001\crossref_files\v3_slide0144.htm <-- CLIR.ORG Old Host /diglib/forums/fall2001/crossref_files v3_slide0144.htm
2003.10.06 17:26 B C:\Projects\CLIR\www.diglib.org\forums\fall2001\crossref_files\v3_slide0144_background.gif <-- CLIR.ORG Old Host /diglib/forums/fall2001/crossref_files v3_slide0144_background.gif
2003.10.06 17:26 B C:\Projects\CLIR\www.diglib.org\forums\fall2001\crossref_files\v3_slide0145.htm <-- CLIR.ORG Old Host /diglib/forums/fall2001/crossref_files v3_slide0145.htm
2003.10.06 17:26 B C:\Projects\CLIR\www.diglib.org\forums\fall2001\crossref_files\v3_slide0146.htm <-- CLIR.ORG Old Host /diglib/forums/fall2001/crossref_files v3_slide0146.htm
2003.10.06 17:26 B C:\Projects\CLIR\www.diglib.org\forums\fall2001\crossref_files\v3_slide0148.htm <-- CLIR.ORG Old Host /diglib/forums/fall2001/crossref_files v3_slide0148.htm
2003.10.06 17:26 B C:\Projects\CLIR\www.diglib.org\forums\fall2001\crossref_files\v3_slide0148_notes_pane.htm <-- CLIR.ORG Old Host /diglib/forums/fall2001/crossref_files v3_slide0148_notes_pane.htm
2003.10.06 17:26 B C:\Projects\CLIR\www.diglib.org\forums\fall2001\crossref_files\v3_slide0149.htm <-- CLIR.ORG Old Host /diglib/forums/fall2001/crossref_files v3_slide0149.htm
2003.10.06 17:26 B C:\Projects\CLIR\www.diglib.org\forums\fall2001\crossref_files\v3_slide0149_notes_pane.htm <-- CLIR.ORG Old Host /diglib/forums/fall2001/crossref_files v3_slide0149_notes_pane.htm
2003.10.06 17:26 B C:\Projects\CLIR\www.diglib.org\forums\fall2001\crossref_files\v3_slide0150.htm <-- CLIR.ORG Old Host /diglib/forums/fall2001/crossref_files v3_slide0150.htm
2003.10.06 17:26 B C:\Projects\CLIR\www.diglib.org\forums\fall2001\crossref_files\v3_slide0152.htm <-- CLIR.ORG Old Host /diglib/forums/fall2001/crossref_files v3_slide0152.htm
2003.10.06 17:26 B C:\Projects\CLIR\www.diglib.org\forums\fall2001\crossref_files\v3_slide0152_background.gif <-- CLIR.ORG Old Host /diglib/forums/fall2001/crossref_files v3_slide0152_background.gif
2003.10.06 17:26 B C:\Projects\CLIR\www.diglib.org\forums\fall2001\crossref_files\v3_slide0152_image010.gif <-- CLIR.ORG Old Host /diglib/forums/fall2001/crossref_files v3_slide0152_image010.gif
2003.10.06 17:26 B C:\Projects\CLIR\www.diglib.org\forums\fall2001\crossref_files\v3_slide0152_image011.gif <-- CLIR.ORG Old Host /diglib/forums/fall2001/crossref_files v3_slide0152_image011.gif
2003.10.06 17:26 B C:\Projects\CLIR\www.diglib.org\forums\fall2001\crossref_files\v3_slide0152_image012.gif <-- CLIR.ORG Old Host /diglib/forums/fall2001/crossref_files v3_slide0152_image012.gif
2003.10.06 17:26 B C:\Projects\CLIR\www.diglib.org\forums\fall2001\crossref_files\v3_slide0152_image013.gif <-- CLIR.ORG Old Host /diglib/forums/fall2001/crossref_files v3_slide0152_image013.gif
2003.10.06 17:26 B C:\Projects\CLIR\www.diglib.org\forums\fall2001\crossref_files\v3_slide0152_image014.gif <-- CLIR.ORG Old Host /diglib/forums/fall2001/crossref_files v3_slide0152_image014.gif
2003.10.06 17:26 B C:\Projects\CLIR\www.diglib.org\forums\fall2001\crossref_files\v3_slide0154.htm <-- CLIR.ORG Old Host /diglib/forums/fall2001/crossref_files v3_slide0154.htm
2003.10.06 17:26 B C:\Projects\CLIR\www.diglib.org\forums\fall2001\crossref_files\v3_slide0155.htm <-- CLIR.ORG Old Host /diglib/forums/fall2001/crossref_files v3_slide0155.htm
2003.10.06 17:26 B C:\Projects\CLIR\www.diglib.org\forums\fall2001\crossref_files\v3_space.gif <-- CLIR.ORG Old Host /diglib/forums/fall2001/crossref_files v3_space.gif
2003.10.07 10:05 B C:\Projects\CLIR\www.diglib.org\forums\fall2001\crossref_files\buttons.gif --> 205.252.29.47 /diglib/forums/fall2001/crossref_files buttons.gif
2003.10.07 10:05 B C:\Projects\CLIR\www.diglib.org\forums\fall2001\crossref_files\error.htm --> 205.252.29.47 /diglib/forums/fall2001/crossref_files error.htm
2003.10.07 10:05 B C:\Projects\CLIR\www.diglib.org\forums\fall2001\crossref_files\filelist.xml --> 205.252.29.47 /diglib/forums/fall2001/crossref_files filelist.xml
2003.10.07 10:05 B C:\Projects\CLIR\www.diglib.org\forums\fall2001\crossref_files\frame.htm --> 205.252.29.47 /diglib/forums/fall2001/crossref_files frame.htm
2003.10.07 10:05 B C:\Projects\CLIR\www.diglib.org\forums\fall2001\crossref_files\fullscreen.htm --> 205.252.29.47 /diglib/forums/fall2001/crossref_files fullscreen.htm
2003.10.07 10:05 B C:\Projects\CLIR\www.diglib.org\forums\fall2001\crossref_files\master01.htm --> 205.252.29.47 /diglib/forums/fall2001/crossref_files master01.htm
2003.10.07 10:05 B C:\Projects\CLIR\www.diglib.org\forums\fall2001\crossref_files\master02.htm --> 205.252.29.47 /diglib/forums/fall2001/crossref_files master02.htm
2003.10.07 10:05 B C:\Projects\CLIR\www.diglib.org\forums\fall2001\crossref_files\master06.htm --> 205.252.29.47 /diglib/forums/fall2001/crossref_files master06.htm
2003.10.07 10:05 B C:\Projects\CLIR\www.diglib.org\forums\fall2001\crossref_files\master06.xml --> 205.252.29.47 /diglib/forums/fall2001/crossref_files master06.xml
2003.10.07 10:05 B C:\Projects\CLIR\www.diglib.org\forums\fall2001\crossref_files\master06_image001.png --> 205.252.29.47 /diglib/forums/fall2001/crossref_files master06_image001.png
2003.10.07 10:05 B C:\Projects\CLIR\www.diglib.org\forums\fall2001\crossref_files\master06_image038.gif --> 205.252.29.47 /diglib/forums/fall2001/crossref_files master06_image038.gif
2003.10.07 10:05 B C:\Projects\CLIR\www.diglib.org\forums\fall2001\crossref_files\master06_image039.gif --> 205.252.29.47 /diglib/forums/fall2001/crossref_files master06_image039.gif
2003.10.07 10:05 B C:\Projects\CLIR\www.diglib.org\forums\fall2001\crossref_files\master06_stylesheet.css --> 205.252.29.47 /diglib/forums/fall2001/crossref_files master06_stylesheet.css
2003.10.07 10:05 B C:\Projects\CLIR\www.diglib.org\forums\fall2001\crossref_files\notes_flag.gif --> 205.252.29.47 /diglib/forums/fall2001/crossref_files notes_flag.gif
2003.10.07 10:05 B C:\Projects\CLIR\www.diglib.org\forums\fall2001\crossref_files\oledata.mso --> 205.252.29.47 /diglib/forums/fall2001/crossref_files oledata.mso
2003.10.07 10:05 B C:\Projects\CLIR\www.diglib.org\forums\fall2001\crossref_files\outline.htm --> 205.252.29.47 /diglib/forums/fall2001/crossref_files outline.htm
2003.10.07 10:05 B C:\Projects\CLIR\www.diglib.org\forums\fall2001\crossref_files\pres.xml --> 205.252.29.47 /diglib/forums/fall2001/crossref_files pres.xml
2003.10.07 10:05 B C:\Projects\CLIR\www.diglib.org\forums\fall2001\crossref_files\preview.wmf --> 205.252.29.47 /diglib/forums/fall2001/crossref_files preview.wmf
2003.10.07 10:05 B C:\Projects\CLIR\www.diglib.org\forums\fall2001\crossref_files\script.js --> 205.252.29.47 /diglib/forums/fall2001/crossref_files script.js
2003.10.07 10:05 B C:\Projects\CLIR\www.diglib.org\forums\fall2001\crossref_files\slide0030.htm --> 205.252.29.47 /diglib/forums/fall2001/crossref_files slide0030.htm
2003.10.07 10:05 B C:\Projects\CLIR\www.diglib.org\forums\fall2001\crossref_files\slide0030_image040.gif --> 205.252.29.47 /diglib/forums/fall2001/crossref_files slide0030_image040.gif
2003.10.07 10:05 B C:\Projects\CLIR\www.diglib.org\forums\fall2001\crossref_files\slide0030_image041.gif --> 205.252.29.47 /diglib/forums/fall2001/crossref_files slide0030_image041.gif
2003.10.07 10:05 B C:\Projects\CLIR\www.diglib.org\forums\fall2001\crossref_files\slide0040.htm --> 205.252.29.47 /diglib/forums/fall2001/crossref_files slide0040.htm
2003.10.07 10:05 B C:\Projects\CLIR\www.diglib.org\forums\fall2001\crossref_files\slide0042.htm --> 205.252.29.47 /diglib/forums/fall2001/crossref_files slide0042.htm
2003.10.07 10:05 B C:\Projects\CLIR\www.diglib.org\forums\fall2001\crossref_files\slide0048.htm --> 205.252.29.47 /diglib/forums/fall2001/crossref_files slide0048.htm
2003.10.07 10:05 B C:\Projects\CLIR\www.diglib.org\forums\fall2001\crossref_files\slide0062.htm --> 205.252.29.47 /diglib/forums/fall2001/crossref_files slide0062.htm
2003.10.07 10:05 B C:\Projects\CLIR\www.diglib.org\forums\fall2001\crossref_files\slide0064.htm --> 205.252.29.47 /diglib/forums/fall2001/crossref_files slide0064.htm
2003.10.07 10:05 B C:\Projects\CLIR\www.diglib.org\forums\fall2001\crossref_files\slide0065.htm --> 205.252.29.47 /diglib/forums/fall2001/crossref_files slide0065.htm
2003.10.07 10:05 B C:\Projects\CLIR\www.diglib.org\forums\fall2001\crossref_files\slide0065_image072.emz --> 205.252.29.47 /diglib/forums/fall2001/crossref_files slide0065_image072.emz
2003.10.07 10:05 B C:\Projects\CLIR\www.diglib.org\forums\fall2001\crossref_files\slide0065_image073.gif --> 205.252.29.47 /diglib/forums/fall2001/crossref_files slide0065_image073.gif
2003.10.07 10:05 B C:\Projects\CLIR\www.diglib.org\forums\fall2001\crossref_files\slide0112.htm --> 205.252.29.47 /diglib/forums/fall2001/crossref_files slide0112.htm
2003.10.07 10:05 B C:\Projects\CLIR\www.diglib.org\forums\fall2001\crossref_files\slide0114.htm --> 205.252.29.47 /diglib/forums/fall2001/crossref_files slide0114.htm
2003.10.07 10:05 B C:\Projects\CLIR\www.diglib.org\forums\fall2001\crossref_files\slide0121.htm --> 205.252.29.47 /diglib/forums/fall2001/crossref_files slide0121.htm
2003.10.07 10:05 B C:\Projects\CLIR\www.diglib.org\forums\fall2001\crossref_files\slide0127.htm --> 205.252.29.47 /diglib/forums/fall2001/crossref_files slide0127.htm
2003.10.07 10:05 B C:\Projects\CLIR\www.diglib.org\forums\fall2001\crossref_files\slide0127_image053.png --> 205.252.29.47 /diglib/forums/fall2001/crossref_files slide0127_image053.png
2003.10.07 10:05 B C:\Projects\CLIR\www.diglib.org\forums\fall2001\crossref_files\slide0127_image054.jpg --> 205.252.29.47 /diglib/forums/fall2001/crossref_files slide0127_image054.jpg
2003.10.07 10:05 B C:\Projects\CLIR\www.diglib.org\forums\fall2001\crossref_files\slide0128.htm --> 205.252.29.47 /diglib/forums/fall2001/crossref_files slide0128.htm
2003.10.07 10:05 B C:\Projects\CLIR\www.diglib.org\forums\fall2001\crossref_files\slide0128_image055.png --> 205.252.29.47 /diglib/forums/fall2001/crossref_files slide0128_image055.png
2003.10.07 10:05 B C:\Projects\CLIR\www.diglib.org\forums\fall2001\crossref_files\slide0128_image056.jpg --> 205.252.29.47 /diglib/forums/fall2001/crossref_files slide0128_image056.jpg
2003.10.07 10:05 B C:\Projects\CLIR\www.diglib.org\forums\fall2001\crossref_files\slide0128_image057.gif --> 205.252.29.47 /diglib/forums/fall2001/crossref_files slide0128_image057.gif
2003.10.07 10:05 B C:\Projects\CLIR\www.diglib.org\forums\fall2001\crossref_files\slide0128_image058.gif --> 205.252.29.47 /diglib/forums/fall2001/crossref_files slide0128_image058.gif
2003.10.07 10:05 B C:\Projects\CLIR\www.diglib.org\forums\fall2001\crossref_files\slide0128_image059.gif --> 205.252.29.47 /diglib/forums/fall2001/crossref_files slide0128_image059.gif
2003.10.07 10:05 B C:\Projects\CLIR\www.diglib.org\forums\fall2001\crossref_files\slide0128_image060.gif --> 205.252.29.47 /diglib/forums/fall2001/crossref_files slide0128_image060.gif
2003.10.07 10:05 B C:\Projects\CLIR\www.diglib.org\forums\fall2001\crossref_files\slide0128_image061.gif --> 205.252.29.47 /diglib/forums/fall2001/crossref_files slide0128_image061.gif
2003.10.07 10:05 B C:\Projects\CLIR\www.diglib.org\forums\fall2001\crossref_files\slide0128_image062.gif --> 205.252.29.47 /diglib/forums/fall2001/crossref_files slide0128_image062.gif
2003.10.07 10:05 B C:\Projects\CLIR\www.diglib.org\forums\fall2001\crossref_files\slide0128_image063.gif --> 205.252.29.47 /diglib/forums/fall2001/crossref_files slide0128_image063.gif
2003.10.07 10:05 B C:\Projects\CLIR\www.diglib.org\forums\fall2001\crossref_files\slide0129.htm --> 205.252.29.47 /diglib/forums/fall2001/crossref_files slide0129.htm
2003.10.07 10:05 B C:\Projects\CLIR\www.diglib.org\forums\fall2001\crossref_files\slide0129_image064.png --> 205.252.29.47 /diglib/forums/fall2001/crossref_files slide0129_image064.png
2003.10.07 10:05 B C:\Projects\CLIR\www.diglib.org\forums\fall2001\crossref_files\slide0129_image065.jpg --> 205.252.29.47 /diglib/forums/fall2001/crossref_files slide0129_image065.jpg
2003.10.07 10:05 B C:\Projects\CLIR\www.diglib.org\forums\fall2001\crossref_files\slide0130.htm --> 205.252.29.47 /diglib/forums/fall2001/crossref_files slide0130.htm
2003.10.07 10:05 B C:\Projects\CLIR\www.diglib.org\forums\fall2001\crossref_files\slide0130_image066.png --> 205.252.29.47 /diglib/forums/fall2001/crossref_files slide0130_image066.png
2003.10.07 10:05 B C:\Projects\CLIR\www.diglib.org\forums\fall2001\crossref_files\slide0130_image067.jpg --> 205.252.29.47 /diglib/forums/fall2001/crossref_files slide0130_image067.jpg
2003.10.07 10:05 B C:\Projects\CLIR\www.diglib.org\forums\fall2001\crossref_files\slide0130_image068.gif --> 205.252.29.47 /diglib/forums/fall2001/crossref_files slide0130_image068.gif
2003.10.07 10:05 B C:\Projects\CLIR\www.diglib.org\forums\fall2001\crossref_files\slide0130_image069.gif --> 205.252.29.47 /diglib/forums/fall2001/crossref_files slide0130_image069.gif
2003.10.07 10:05 B C:\Projects\CLIR\www.diglib.org\forums\fall2001\crossref_files\slide0131.htm --> 205.252.29.47 /diglib/forums/fall2001/crossref_files slide0131.htm
2003.10.07 10:05 B C:\Projects\CLIR\www.diglib.org\forums\fall2001\crossref_files\slide0131_image070.png --> 205.252.29.47 /diglib/forums/fall2001/crossref_files slide0131_image070.png
2003.10.07 10:06 B C:\Projects\CLIR\www.diglib.org\forums\fall2001\crossref_files\slide0131_image071.jpg --> 205.252.29.47 /diglib/forums/fall2001/crossref_files slide0131_image071.jpg
2003.10.07 10:06 B C:\Projects\CLIR\www.diglib.org\forums\fall2001\crossref_files\slide0132.htm --> 205.252.29.47 /diglib/forums/fall2001/crossref_files slide0132.htm
2003.10.07 10:06 B C:\Projects\CLIR\www.diglib.org\forums\fall2001\crossref_files\slide0132_image074.gif --> 205.252.29.47 /diglib/forums/fall2001/crossref_files slide0132_image074.gif
2003.10.07 10:06 B C:\Projects\CLIR\www.diglib.org\forums\fall2001\crossref_files\slide0132_image075.gif --> 205.252.29.47 /diglib/forums/fall2001/crossref_files slide0132_image075.gif
2003.10.07 10:06 B C:\Projects\CLIR\www.diglib.org\forums\fall2001\crossref_files\slide0132_image076.gif --> 205.252.29.47 /diglib/forums/fall2001/crossref_files slide0132_image076.gif
2003.10.07 10:06 B C:\Projects\CLIR\www.diglib.org\forums\fall2001\crossref_files\slide0132_image077.gif --> 205.252.29.47 /diglib/forums/fall2001/crossref_files slide0132_image077.gif
2003.10.07 10:06 B C:\Projects\CLIR\www.diglib.org\forums\fall2001\crossref_files\slide0132_image078.gif --> 205.252.29.47 /diglib/forums/fall2001/crossref_files slide0132_image078.gif
2003.10.07 10:06 B C:\Projects\CLIR\www.diglib.org\forums\fall2001\crossref_files\slide0138.htm --> 205.252.29.47 /diglib/forums/fall2001/crossref_files slide0138.htm
2003.10.07 10:06 B C:\Projects\CLIR\www.diglib.org\forums\fall2001\crossref_files\slide0139.htm --> 205.252.29.47 /diglib/forums/fall2001/crossref_files slide0139.htm
2003.10.07 10:06 B C:\Projects\CLIR\www.diglib.org\forums\fall2001\crossref_files\slide0139_image079.gif --> 205.252.29.47 /diglib/forums/fall2001/crossref_files slide0139_image079.gif
2003.10.07 10:06 B C:\Projects\CLIR\www.diglib.org\forums\fall2001\crossref_files\slide0141.htm --> 205.252.29.47 /diglib/forums/fall2001/crossref_files slide0141.htm
2003.10.07 10:06 B C:\Projects\CLIR\www.diglib.org\forums\fall2001\crossref_files\slide0144.htm --> 205.252.29.47 /diglib/forums/fall2001/crossref_files slide0144.htm
2003.10.07 10:06 B C:\Projects\CLIR\www.diglib.org\forums\fall2001\crossref_files\slide0145.htm --> 205.252.29.47 /diglib/forums/fall2001/crossref_files slide0145.htm
2003.10.07 10:06 B C:\Projects\CLIR\www.diglib.org\forums\fall2001\crossref_files\slide0146.htm --> 205.252.29.47 /diglib/forums/fall2001/crossref_files slide0146.htm
2003.10.07 10:06 B C:\Projects\CLIR\www.diglib.org\forums\fall2001\crossref_files\slide0148.htm --> 205.252.29.47 /diglib/forums/fall2001/crossref_files slide0148.htm
2003.10.07 10:06 B C:\Projects\CLIR\www.diglib.org\forums\fall2001\crossref_files\slide0149.htm --> 205.252.29.47 /diglib/forums/fall2001/crossref_files slide0149.htm
2003.10.07 10:06 B C:\Projects\CLIR\www.diglib.org\forums\fall2001\crossref_files\slide0150.htm --> 205.252.29.47 /diglib/forums/fall2001/crossref_files slide0150.htm
2003.10.07 10:06 B C:\Projects\CLIR\www.diglib.org\forums\fall2001\crossref_files\slide0152.htm --> 205.252.29.47 /diglib/forums/fall2001/crossref_files slide0152.htm
2003.10.07 10:06 B C:\Projects\CLIR\www.diglib.org\forums\fall2001\crossref_files\slide0152_image042.wmz --> 205.252.29.47 /diglib/forums/fall2001/crossref_files slide0152_image042.wmz
2003.10.07 10:06 B C:\Projects\CLIR\www.diglib.org\forums\fall2001\crossref_files\slide0152_image043.gif --> 205.252.29.47 /diglib/forums/fall2001/crossref_files slide0152_image043.gif
2003.10.07 10:06 B C:\Projects\CLIR\www.diglib.org\forums\fall2001\crossref_files\slide0152_image044.wmz --> 205.252.29.47 /diglib/forums/fall2001/crossref_files slide0152_image044.wmz
2003.10.07 10:06 B C:\Projects\CLIR\www.diglib.org\forums\fall2001\crossref_files\slide0152_image045.gif --> 205.252.29.47 /diglib/forums/fall2001/crossref_files slide0152_image045.gif
2003.10.07 10:06 B C:\Projects\CLIR\www.diglib.org\forums\fall2001\crossref_files\slide0152_image046.wmz --> 205.252.29.47 /diglib/forums/fall2001/crossref_files slide0152_image046.wmz
2003.10.07 10:06 B C:\Projects\CLIR\www.diglib.org\forums\fall2001\crossref_files\slide0152_image047.gif --> 205.252.29.47 /diglib/forums/fall2001/crossref_files slide0152_image047.gif
2003.10.07 10:06 B C:\Projects\CLIR\www.diglib.org\forums\fall2001\crossref_files\slide0152_image048.gif --> 205.252.29.47 /diglib/forums/fall2001/crossref_files slide0152_image048.gif
2003.10.07 10:06 B C:\Projects\CLIR\www.diglib.org\forums\fall2001\crossref_files\slide0152_image049.gif --> 205.252.29.47 /diglib/forums/fall2001/crossref_files slide0152_image049.gif
2003.10.07 10:06 B C:\Projects\CLIR\www.diglib.org\forums\fall2001\crossref_files\slide0152_image050.gif --> 205.252.29.47 /diglib/forums/fall2001/crossref_files slide0152_image050.gif
2003.10.07 10:06 B C:\Projects\CLIR\www.diglib.org\forums\fall2001\crossref_files\slide0152_image051.gif --> 205.252.29.47 /diglib/forums/fall2001/crossref_files slide0152_image051.gif
2003.10.07 10:06 B C:\Projects\CLIR\www.diglib.org\forums\fall2001\crossref_files\slide0152_image052.gif --> 205.252.29.47 /diglib/forums/fall2001/crossref_files slide0152_image052.gif
2003.10.07 10:06 B C:\Projects\CLIR\www.diglib.org\forums\fall2001\crossref_files\slide0154.htm --> 205.252.29.47 /diglib/forums/fall2001/crossref_files slide0154.htm
2003.10.07 10:06 B C:\Projects\CLIR\www.diglib.org\forums\fall2001\crossref_files\slide0155.htm --> 205.252.29.47 /diglib/forums/fall2001/crossref_files slide0155.htm
2003.10.07 10:06 B C:\Projects\CLIR\www.diglib.org\forums\fall2001\crossref_files\v3_blank_notes.htm --> 205.252.29.47 /diglib/forums/fall2001/crossref_files v3_blank_notes.htm
2003.10.07 10:06 B C:\Projects\CLIR\www.diglib.org\forums\fall2001\crossref_files\v3_document.htm --> 205.252.29.47 /diglib/forums/fall2001/crossref_files v3_document.htm
2003.10.07 10:06 B C:\Projects\CLIR\www.diglib.org\forums\fall2001\crossref_files\v3_endshow.htm --> 205.252.29.47 /diglib/forums/fall2001/crossref_files v3_endshow.htm
2003.10.07 10:06 B C:\Projects\CLIR\www.diglib.org\forums\fall2001\crossref_files\v3_master06_background.gif --> 205.252.29.47 /diglib/forums/fall2001/crossref_files v3_master06_background.gif
2003.10.07 10:06 B C:\Projects\CLIR\www.diglib.org\forums\fall2001\crossref_files\v3_master06_image003.gif --> 205.252.29.47 /diglib/forums/fall2001/crossref_files v3_master06_image003.gif
2003.10.07 10:06 B C:\Projects\CLIR\www.diglib.org\forums\fall2001\crossref_files\v3_master06_image004.gif --> 205.252.29.47 /diglib/forums/fall2001/crossref_files v3_master06_image004.gif
2003.10.07 10:06 B C:\Projects\CLIR\www.diglib.org\forums\fall2001\crossref_files\v3_master06_image005.gif --> 205.252.29.47 /diglib/forums/fall2001/crossref_files v3_master06_image005.gif
2003.10.07 10:06 B C:\Projects\CLIR\www.diglib.org\forums\fall2001\crossref_files\v3_master06_image006.gif --> 205.252.29.47 /diglib/forums/fall2001/crossref_files v3_master06_image006.gif
2003.10.07 10:06 B C:\Projects\CLIR\www.diglib.org\forums\fall2001\crossref_files\v3_master06_image007.gif --> 205.252.29.47 /diglib/forums/fall2001/crossref_files v3_master06_image007.gif
2003.10.07 10:06 B C:\Projects\CLIR\www.diglib.org\forums\fall2001\crossref_files\v3_master06_image008.gif --> 205.252.29.47 /diglib/forums/fall2001/crossref_files v3_master06_image008.gif
2003.10.07 10:06 B C:\Projects\CLIR\www.diglib.org\forums\fall2001\crossref_files\v3_master06_image009.gif --> 205.252.29.47 /diglib/forums/fall2001/crossref_files v3_master06_image009.gif
2003.10.07 10:06 B C:\Projects\CLIR\www.diglib.org\forums\fall2001\crossref_files\v3_master06_image015.gif --> 205.252.29.47 /diglib/forums/fall2001/crossref_files v3_master06_image015.gif
2003.10.07 10:06 B C:\Projects\CLIR\www.diglib.org\forums\fall2001\crossref_files\v3_master06_image016.gif --> 205.252.29.47 /diglib/forums/fall2001/crossref_files v3_master06_image016.gif
2003.10.07 10:06 B C:\Projects\CLIR\www.diglib.org\forums\fall2001\crossref_files\v3_master06_image017.gif --> 205.252.29.47 /diglib/forums/fall2001/crossref_files v3_master06_image017.gif
2003.10.07 10:06 B C:\Projects\CLIR\www.diglib.org\forums\fall2001\crossref_files\v3_master06_image018.gif --> 205.252.29.47 /diglib/forums/fall2001/crossref_files v3_master06_image018.gif
2003.10.07 10:06 B C:\Projects\CLIR\www.diglib.org\forums\fall2001\crossref_files\v3_master06_image019.gif --> 205.252.29.47 /diglib/forums/fall2001/crossref_files v3_master06_image019.gif
2003.10.07 10:06 B C:\Projects\CLIR\www.diglib.org\forums\fall2001\crossref_files\v3_master06_image020.gif --> 205.252.29.47 /diglib/forums/fall2001/crossref_files v3_master06_image020.gif
2003.10.07 10:06 B C:\Projects\CLIR\www.diglib.org\forums\fall2001\crossref_files\v3_master06_image021.gif --> 205.252.29.47 /diglib/forums/fall2001/crossref_files v3_master06_image021.gif
2003.10.07 10:06 B C:\Projects\CLIR\www.diglib.org\forums\fall2001\crossref_files\v3_master06_image022.gif --> 205.252.29.47 /diglib/forums/fall2001/crossref_files v3_master06_image022.gif
2003.10.07 10:06 B C:\Projects\CLIR\www.diglib.org\forums\fall2001\crossref_files\v3_master06_image024.gif --> 205.252.29.47 /diglib/forums/fall2001/crossref_files v3_master06_image024.gif
2003.10.07 10:06 B C:\Projects\CLIR\www.diglib.org\forums\fall2001\crossref_files\v3_master06_image028.gif --> 205.252.29.47 /diglib/forums/fall2001/crossref_files v3_master06_image028.gif
2003.10.07 10:06 B C:\Projects\CLIR\www.diglib.org\forums\fall2001\crossref_files\v3_master06_image029.gif --> 205.252.29.47 /diglib/forums/fall2001/crossref_files v3_master06_image029.gif
2003.10.07 10:06 B C:\Projects\CLIR\www.diglib.org\forums\fall2001\crossref_files\v3_master06_image030.gif --> 205.252.29.47 /diglib/forums/fall2001/crossref_files v3_master06_image030.gif
2003.10.07 10:06 B C:\Projects\CLIR\www.diglib.org\forums\fall2001\crossref_files\v3_master06_image031.gif --> 205.252.29.47 /diglib/forums/fall2001/crossref_files v3_master06_image031.gif
2003.10.07 10:06 B C:\Projects\CLIR\www.diglib.org\forums\fall2001\crossref_files\v3_master06_image032.gif --> 205.252.29.47 /diglib/forums/fall2001/crossref_files v3_master06_image032.gif
2003.10.07 10:06 B C:\Projects\CLIR\www.diglib.org\forums\fall2001\crossref_files\v3_master06_image034.gif --> 205.252.29.47 /diglib/forums/fall2001/crossref_files v3_master06_image034.gif
2003.10.07 10:06 B C:\Projects\CLIR\www.diglib.org\forums\fall2001\crossref_files\v3_master06_image035.gif --> 205.252.29.47 /diglib/forums/fall2001/crossref_files v3_master06_image035.gif
2003.10.07 10:06 B C:\Projects\CLIR\www.diglib.org\forums\fall2001\crossref_files\v3_master06_image036.gif --> 205.252.29.47 /diglib/forums/fall2001/crossref_files v3_master06_image036.gif
2003.10.07 10:06 B C:\Projects\CLIR\www.diglib.org\forums\fall2001\crossref_files\v3_master06_image037.gif --> 205.252.29.47 /diglib/forums/fall2001/crossref_files v3_master06_image037.gif
2003.10.07 10:06 B C:\Projects\CLIR\www.diglib.org\forums\fall2001\crossref_files\v3_navigation_bar.htm --> 205.252.29.47 /diglib/forums/fall2001/crossref_files v3_navigation_bar.htm
2003.10.07 10:06 B C:\Projects\CLIR\www.diglib.org\forums\fall2001\crossref_files\v3_next_active.gif --> 205.252.29.47 /diglib/forums/fall2001/crossref_files v3_next_active.gif
2003.10.07 10:06 B C:\Projects\CLIR\www.diglib.org\forums\fall2001\crossref_files\v3_next_disabled.gif --> 205.252.29.47 /diglib/forums/fall2001/crossref_files v3_next_disabled.gif
2003.10.07 10:06 B C:\Projects\CLIR\www.diglib.org\forums\fall2001\crossref_files\v3_outline_collapse.gif --> 205.252.29.47 /diglib/forums/fall2001/crossref_files v3_outline_collapse.gif
2003.10.07 10:06 B C:\Projects\CLIR\www.diglib.org\forums\fall2001\crossref_files\v3_outline_collapsed.htm --> 205.252.29.47 /diglib/forums/fall2001/crossref_files v3_outline_collapsed.htm
2003.10.07 10:06 B C:\Projects\CLIR\www.diglib.org\forums\fall2001\crossref_files\v3_outline_expand.gif --> 205.252.29.47 /diglib/forums/fall2001/crossref_files v3_outline_expand.gif
2003.10.07 10:06 B C:\Projects\CLIR\www.diglib.org\forums\fall2001\crossref_files\v3_outline_expanded.htm --> 205.252.29.47 /diglib/forums/fall2001/crossref_files v3_outline_expanded.htm
2003.10.07 10:06 B C:\Projects\CLIR\www.diglib.org\forums\fall2001\crossref_files\v3_outline_navigation_bar.htm --> 205.252.29.47 /diglib/forums/fall2001/crossref_files v3_outline_navigation_bar.htm
2003.10.07 10:06 B C:\Projects\CLIR\www.diglib.org\forums\fall2001\crossref_files\v3_prev_active.gif --> 205.252.29.47 /diglib/forums/fall2001/crossref_files v3_prev_active.gif
2003.10.07 10:06 B C:\Projects\CLIR\www.diglib.org\forums\fall2001\crossref_files\v3_prev_disabled.gif --> 205.252.29.47 /diglib/forums/fall2001/crossref_files v3_prev_disabled.gif
2003.10.07 10:06 B C:\Projects\CLIR\www.diglib.org\forums\fall2001\crossref_files\v3_slide0030.htm --> 205.252.29.47 /diglib/forums/fall2001/crossref_files v3_slide0030.htm
2003.10.07 10:06 B C:\Projects\CLIR\www.diglib.org\forums\fall2001\crossref_files\v3_slide0030_background.gif --> 205.252.29.47 /diglib/forums/fall2001/crossref_files v3_slide0030_background.gif
2003.10.07 10:06 B C:\Projects\CLIR\www.diglib.org\forums\fall2001\crossref_files\v3_slide0030_image002.gif --> 205.252.29.47 /diglib/forums/fall2001/crossref_files v3_slide0030_image002.gif
2003.10.07 10:06 B C:\Projects\CLIR\www.diglib.org\forums\fall2001\crossref_files\v3_slide0040.htm --> 205.252.29.47 /diglib/forums/fall2001/crossref_files v3_slide0040.htm
2003.10.07 10:06 B C:\Projects\CLIR\www.diglib.org\forums\fall2001\crossref_files\v3_slide0040_notes_pane.htm --> 205.252.29.47 /diglib/forums/fall2001/crossref_files v3_slide0040_notes_pane.htm
2003.10.07 10:06 B C:\Projects\CLIR\www.diglib.org\forums\fall2001\crossref_files\v3_slide0042.htm --> 205.252.29.47 /diglib/forums/fall2001/crossref_files v3_slide0042.htm
2003.10.07 10:06 B C:\Projects\CLIR\www.diglib.org\forums\fall2001\crossref_files\v3_slide0048.htm --> 205.252.29.47 /diglib/forums/fall2001/crossref_files v3_slide0048.htm
2003.10.07 10:06 B C:\Projects\CLIR\www.diglib.org\forums\fall2001\crossref_files\v3_slide0062.htm --> 205.252.29.47 /diglib/forums/fall2001/crossref_files v3_slide0062.htm
2003.10.07 10:06 B C:\Projects\CLIR\www.diglib.org\forums\fall2001\crossref_files\v3_slide0064.htm --> 205.252.29.47 /diglib/forums/fall2001/crossref_files v3_slide0064.htm
2003.10.07 10:06 B C:\Projects\CLIR\www.diglib.org\forums\fall2001\crossref_files\v3_slide0065.htm --> 205.252.29.47 /diglib/forums/fall2001/crossref_files v3_slide0065.htm
2003.10.07 10:06 B C:\Projects\CLIR\www.diglib.org\forums\fall2001\crossref_files\v3_slide0065_image023.gif --> 205.252.29.47 /diglib/forums/fall2001/crossref_files v3_slide0065_image023.gif
2003.10.07 10:06 B C:\Projects\CLIR\www.diglib.org\forums\fall2001\crossref_files\v3_slide0112.htm --> 205.252.29.47 /diglib/forums/fall2001/crossref_files v3_slide0112.htm
2003.10.07 10:06 B C:\Projects\CLIR\www.diglib.org\forums\fall2001\crossref_files\v3_slide0114.htm --> 205.252.29.47 /diglib/forums/fall2001/crossref_files v3_slide0114.htm
2003.10.07 10:06 B C:\Projects\CLIR\www.diglib.org\forums\fall2001\crossref_files\v3_slide0121.htm --> 205.252.29.47 /diglib/forums/fall2001/crossref_files v3_slide0121.htm
2003.10.07 10:06 B C:\Projects\CLIR\www.diglib.org\forums\fall2001\crossref_files\v3_slide0121_background.gif --> 205.252.29.47 /diglib/forums/fall2001/crossref_files v3_slide0121_background.gif
2003.10.07 10:06 B C:\Projects\CLIR\www.diglib.org\forums\fall2001\crossref_files\v3_slide0127.htm --> 205.252.29.47 /diglib/forums/fall2001/crossref_files v3_slide0127.htm
2003.10.07 10:06 B C:\Projects\CLIR\www.diglib.org\forums\fall2001\crossref_files\v3_slide0127_notes_pane.htm --> 205.252.29.47 /diglib/forums/fall2001/crossref_files v3_slide0127_notes_pane.htm
2003.10.07 10:06 B C:\Projects\CLIR\www.diglib.org\forums\fall2001\crossref_files\v3_slide0128.htm --> 205.252.29.47 /diglib/forums/fall2001/crossref_files v3_slide0128.htm
2003.10.07 10:06 B C:\Projects\CLIR\www.diglib.org\forums\fall2001\crossref_files\v3_slide0128_notes_pane.htm --> 205.252.29.47 /diglib/forums/fall2001/crossref_files v3_slide0128_notes_pane.htm
2003.10.07 10:06 B C:\Projects\CLIR\www.diglib.org\forums\fall2001\crossref_files\v3_slide0129.htm --> 205.252.29.47 /diglib/forums/fall2001/crossref_files v3_slide0129.htm
2003.10.07 10:06 B C:\Projects\CLIR\www.diglib.org\forums\fall2001\crossref_files\v3_slide0129_notes_pane.htm --> 205.252.29.47 /diglib/forums/fall2001/crossref_files v3_slide0129_notes_pane.htm
2003.10.07 10:06 B C:\Projects\CLIR\www.diglib.org\forums\fall2001\crossref_files\v3_slide0130.htm --> 205.252.29.47 /diglib/forums/fall2001/crossref_files v3_slide0130.htm
2003.10.07 10:06 B C:\Projects\CLIR\www.diglib.org\forums\fall2001\crossref_files\v3_slide0130_notes_pane.htm --> 205.252.29.47 /diglib/forums/fall2001/crossref_files v3_slide0130_notes_pane.htm
2003.10.07 10:06 B C:\Projects\CLIR\www.diglib.org\forums\fall2001\crossref_files\v3_slide0131.htm --> 205.252.29.47 /diglib/forums/fall2001/crossref_files v3_slide0131.htm
2003.10.07 10:06 B C:\Projects\CLIR\www.diglib.org\forums\fall2001\crossref_files\v3_slide0132.htm --> 205.252.29.47 /diglib/forums/fall2001/crossref_files v3_slide0132.htm
2003.10.07 10:06 B C:\Projects\CLIR\www.diglib.org\forums\fall2001\crossref_files\v3_slide0132_background.gif --> 205.252.29.47 /diglib/forums/fall2001/crossref_files v3_slide0132_background.gif
2003.10.07 10:06 B C:\Projects\CLIR\www.diglib.org\forums\fall2001\crossref_files\v3_slide0132_image025.gif --> 205.252.29.47 /diglib/forums/fall2001/crossref_files v3_slide0132_image025.gif
2003.10.07 10:06 B C:\Projects\CLIR\www.diglib.org\forums\fall2001\crossref_files\v3_slide0132_image026.gif --> 205.252.29.47 /diglib/forums/fall2001/crossref_files v3_slide0132_image026.gif
2003.10.07 10:06 B C:\Projects\CLIR\www.diglib.org\forums\fall2001\crossref_files\v3_slide0132_image027.gif --> 205.252.29.47 /diglib/forums/fall2001/crossref_files v3_slide0132_image027.gif
2003.10.07 10:06 B C:\Projects\CLIR\www.diglib.org\forums\fall2001\crossref_files\v3_slide0138.htm --> 205.252.29.47 /diglib/forums/fall2001/crossref_files v3_slide0138.htm
2003.10.07 10:06 B C:\Projects\CLIR\www.diglib.org\forums\fall2001\crossref_files\v3_slide0138_notes_pane.htm --> 205.252.29.47 /diglib/forums/fall2001/crossref_files v3_slide0138_notes_pane.htm
2003.10.07 10:06 B C:\Projects\CLIR\www.diglib.org\forums\fall2001\crossref_files\v3_slide0139.htm --> 205.252.29.47 /diglib/forums/fall2001/crossref_files v3_slide0139.htm
2003.10.07 10:06 B C:\Projects\CLIR\www.diglib.org\forums\fall2001\crossref_files\v3_slide0139_image033.gif --> 205.252.29.47 /diglib/forums/fall2001/crossref_files v3_slide0139_image033.gif
2003.10.07 10:06 B C:\Projects\CLIR\www.diglib.org\forums\fall2001\crossref_files\v3_slide0139_notes_pane.htm --> 205.252.29.47 /diglib/forums/fall2001/crossref_files v3_slide0139_notes_pane.htm
2003.10.07 10:06 B C:\Projects\CLIR\www.diglib.org\forums\fall2001\crossref_files\v3_slide0141.htm --> 205.252.29.47 /diglib/forums/fall2001/crossref_files v3_slide0141.htm
2003.10.07 10:06 B C:\Projects\CLIR\www.diglib.org\forums\fall2001\crossref_files\v3_slide0141_notes_pane.htm --> 205.252.29.47 /diglib/forums/fall2001/crossref_files v3_slide0141_notes_pane.htm
2003.10.07 10:06 B C:\Projects\CLIR\www.diglib.org\forums\fall2001\crossref_files\v3_slide0144.htm --> 205.252.29.47 /diglib/forums/fall2001/crossref_files v3_slide0144.htm
2003.10.07 10:06 B C:\Projects\CLIR\www.diglib.org\forums\fall2001\crossref_files\v3_slide0144_background.gif --> 205.252.29.47 /diglib/forums/fall2001/crossref_files v3_slide0144_background.gif
2003.10.07 10:06 B C:\Projects\CLIR\www.diglib.org\forums\fall2001\crossref_files\v3_slide0145.htm --> 205.252.29.47 /diglib/forums/fall2001/crossref_files v3_slide0145.htm
2003.10.07 10:06 B C:\Projects\CLIR\www.diglib.org\forums\fall2001\crossref_files\v3_slide0146.htm --> 205.252.29.47 /diglib/forums/fall2001/crossref_files v3_slide0146.htm
2003.10.07 10:06 B C:\Projects\CLIR\www.diglib.org\forums\fall2001\crossref_files\v3_slide0148.htm --> 205.252.29.47 /diglib/forums/fall2001/crossref_files v3_slide0148.htm
2003.10.07 10:06 B C:\Projects\CLIR\www.diglib.org\forums\fall2001\crossref_files\v3_slide0148_notes_pane.htm --> 205.252.29.47 /diglib/forums/fall2001/crossref_files v3_slide0148_notes_pane.htm
2003.10.07 10:06 B C:\Projects\CLIR\www.diglib.org\forums\fall2001\crossref_files\v3_slide0149.htm --> 205.252.29.47 /diglib/forums/fall2001/crossref_files v3_slide0149.htm
2003.10.07 10:06 B C:\Projects\CLIR\www.diglib.org\forums\fall2001\crossref_files\v3_slide0149_notes_pane.htm --> 205.252.29.47 /diglib/forums/fall2001/crossref_files v3_slide0149_notes_pane.htm
2003.10.07 10:06 B C:\Projects\CLIR\www.diglib.org\forums\fall2001\crossref_files\v3_slide0150.htm --> 205.252.29.47 /diglib/forums/fall2001/crossref_files v3_slide0150.htm
2003.10.07 10:06 B C:\Projects\CLIR\www.diglib.org\forums\fall2001\crossref_files\v3_slide0152.htm --> 205.252.29.47 /diglib/forums/fall2001/crossref_files v3_slide0152.htm
2003.10.07 10:06 B C:\Projects\CLIR\www.diglib.org\forums\fall2001\crossref_files\v3_slide0152_background.gif --> 205.252.29.47 /diglib/forums/fall2001/crossref_files v3_slide0152_background.gif
2003.10.07 10:06 B C:\Projects\CLIR\www.diglib.org\forums\fall2001\crossref_files\v3_slide0152_image010.gif --> 205.252.29.47 /diglib/forums/fall2001/crossref_files v3_slide0152_image010.gif
2003.10.07 10:06 B C:\Projects\CLIR\www.diglib.org\forums\fall2001\crossref_files\v3_slide0152_image011.gif --> 205.252.29.47 /diglib/forums/fall2001/crossref_files v3_slide0152_image011.gif
2003.10.07 10:06 B C:\Projects\CLIR\www.diglib.org\forums\fall2001\crossref_files\v3_slide0152_image012.gif --> 205.252.29.47 /diglib/forums/fall2001/crossref_files v3_slide0152_image012.gif
2003.10.07 10:06 B C:\Projects\CLIR\www.diglib.org\forums\fall2001\crossref_files\v3_slide0152_image013.gif --> 205.252.29.47 /diglib/forums/fall2001/crossref_files v3_slide0152_image013.gif
2003.10.07 10:06 B C:\Projects\CLIR\www.diglib.org\forums\fall2001\crossref_files\v3_slide0152_image014.gif --> 205.252.29.47 /diglib/forums/fall2001/crossref_files v3_slide0152_image014.gif
2003.10.07 10:06 B C:\Projects\CLIR\www.diglib.org\forums\fall2001\crossref_files\v3_slide0154.htm --> 205.252.29.47 /diglib/forums/fall2001/crossref_files v3_slide0154.htm
2003.10.07 10:06 B C:\Projects\CLIR\www.diglib.org\forums\fall2001\crossref_files\v3_slide0155.htm --> 205.252.29.47 /diglib/forums/fall2001/crossref_files v3_slide0155.htm
2003.10.07 10:06 B C:\Projects\CLIR\www.diglib.org\forums\fall2001\crossref_files\v3_space.gif --> 205.252.29.47 /diglib/forums/fall2001/crossref_files v3_space.gif
2003.10.07 10:06 B C:\Projects\CLIR\www.diglib.org\forums\fall2001\crossref_files\WS_FTP.LOG --> 205.252.29.47 /diglib/forums/fall2001/crossref_files WS_FTP.LOG
2003.10.07 11:21 B C:\Projects\CLIR\www.diglib.org\forums\fall2001\crossref_files\buttons.gif --> 205.252.29.47 /diglib/forums/fall2001/crossref_files buttons.gif
2003.10.07 11:21 B C:\Projects\CLIR\www.diglib.org\forums\fall2001\crossref_files\error.htm --> 205.252.29.47 /diglib/forums/fall2001/crossref_files error.htm
2003.10.07 11:21 B C:\Projects\CLIR\www.diglib.org\forums\fall2001\crossref_files\filelist.xml --> 205.252.29.47 /diglib/forums/fall2001/crossref_files filelist.xml
2003.10.07 11:21 B C:\Projects\CLIR\www.diglib.org\forums\fall2001\crossref_files\frame.htm --> 205.252.29.47 /diglib/forums/fall2001/crossref_files frame.htm
2003.10.07 11:21 B C:\Projects\CLIR\www.diglib.org\forums\fall2001\crossref_files\fullscreen.htm --> 205.252.29.47 /diglib/forums/fall2001/crossref_files fullscreen.htm
2003.10.07 11:21 B C:\Projects\CLIR\www.diglib.org\forums\fall2001\crossref_files\master01.htm --> 205.252.29.47 /diglib/forums/fall2001/crossref_files master01.htm
2003.10.07 11:21 B C:\Projects\CLIR\www.diglib.org\forums\fall2001\crossref_files\master02.htm --> 205.252.29.47 /diglib/forums/fall2001/crossref_files master02.htm
2003.10.07 11:21 B C:\Projects\CLIR\www.diglib.org\forums\fall2001\crossref_files\master06.htm --> 205.252.29.47 /diglib/forums/fall2001/crossref_files master06.htm
2003.10.07 11:21 B C:\Projects\CLIR\www.diglib.org\forums\fall2001\crossref_files\master06.xml --> 205.252.29.47 /diglib/forums/fall2001/crossref_files master06.xml
2003.10.07 11:21 B C:\Projects\CLIR\www.diglib.org\forums\fall2001\crossref_files\master06_image001.png --> 205.252.29.47 /diglib/forums/fall2001/crossref_files master06_image001.png
2003.10.07 11:21 B C:\Projects\CLIR\www.diglib.org\forums\fall2001\crossref_files\master06_image038.gif --> 205.252.29.47 /diglib/forums/fall2001/crossref_files master06_image038.gif
2003.10.07 11:21 B C:\Projects\CLIR\www.diglib.org\forums\fall2001\crossref_files\master06_image039.gif --> 205.252.29.47 /diglib/forums/fall2001/crossref_files master06_image039.gif
2003.10.07 11:21 B C:\Projects\CLIR\www.diglib.org\forums\fall2001\crossref_files\master06_stylesheet.css --> 205.252.29.47 /diglib/forums/fall2001/crossref_files master06_stylesheet.css
2003.10.07 11:21 B C:\Projects\CLIR\www.diglib.org\forums\fall2001\crossref_files\notes_flag.gif --> 205.252.29.47 /diglib/forums/fall2001/crossref_files notes_flag.gif
2003.10.07 11:21 B C:\Projects\CLIR\www.diglib.org\forums\fall2001\crossref_files\oledata.mso --> 205.252.29.47 /diglib/forums/fall2001/crossref_files oledata.mso
2003.10.07 11:21 B C:\Projects\CLIR\www.diglib.org\forums\fall2001\crossref_files\outline.htm --> 205.252.29.47 /diglib/forums/fall2001/crossref_files outline.htm
2003.10.07 11:21 B C:\Projects\CLIR\www.diglib.org\forums\fall2001\crossref_files\pres.xml --> 205.252.29.47 /diglib/forums/fall2001/crossref_files pres.xml
2003.10.07 11:21 B C:\Projects\CLIR\www.diglib.org\forums\fall2001\crossref_files\preview.wmf --> 205.252.29.47 /diglib/forums/fall2001/crossref_files preview.wmf
2003.10.07 11:21 B C:\Projects\CLIR\www.diglib.org\forums\fall2001\crossref_files\script.js --> 205.252.29.47 /diglib/forums/fall2001/crossref_files script.js
2003.10.07 11:21 B C:\Projects\CLIR\www.diglib.org\forums\fall2001\crossref_files\slide0030.htm --> 205.252.29.47 /diglib/forums/fall2001/crossref_files slide0030.htm
2003.10.07 11:21 B C:\Projects\CLIR\www.diglib.org\forums\fall2001\crossref_files\slide0030_image040.gif --> 205.252.29.47 /diglib/forums/fall2001/crossref_files slide0030_image040.gif
2003.10.07 11:21 B C:\Projects\CLIR\www.diglib.org\forums\fall2001\crossref_files\slide0030_image041.gif --> 205.252.29.47 /diglib/forums/fall2001/crossref_files slide0030_image041.gif
2003.10.07 11:21 B C:\Projects\CLIR\www.diglib.org\forums\fall2001\crossref_files\slide0040.htm --> 205.252.29.47 /diglib/forums/fall2001/crossref_files slide0040.htm
2003.10.07 11:21 B C:\Projects\CLIR\www.diglib.org\forums\fall2001\crossref_files\slide0042.htm --> 205.252.29.47 /diglib/forums/fall2001/crossref_files slide0042.htm
2003.10.07 11:21 B C:\Projects\CLIR\www.diglib.org\forums\fall2001\crossref_files\slide0048.htm --> 205.252.29.47 /diglib/forums/fall2001/crossref_files slide0048.htm
2003.10.07 11:21 B C:\Projects\CLIR\www.diglib.org\forums\fall2001\crossref_files\slide0062.htm --> 205.252.29.47 /diglib/forums/fall2001/crossref_files slide0062.htm
2003.10.07 11:21 B C:\Projects\CLIR\www.diglib.org\forums\fall2001\crossref_files\slide0064.htm --> 205.252.29.47 /diglib/forums/fall2001/crossref_files slide0064.htm
2003.10.07 11:21 B C:\Projects\CLIR\www.diglib.org\forums\fall2001\crossref_files\slide0065.htm --> 205.252.29.47 /diglib/forums/fall2001/crossref_files slide0065.htm
2003.10.07 11:21 B C:\Projects\CLIR\www.diglib.org\forums\fall2001\crossref_files\slide0065_image072.emz --> 205.252.29.47 /diglib/forums/fall2001/crossref_files slide0065_image072.emz
2003.10.07 11:21 B C:\Projects\CLIR\www.diglib.org\forums\fall2001\crossref_files\slide0065_image073.gif --> 205.252.29.47 /diglib/forums/fall2001/crossref_files slide0065_image073.gif
2003.10.07 11:21 B C:\Projects\CLIR\www.diglib.org\forums\fall2001\crossref_files\slide0112.htm --> 205.252.29.47 /diglib/forums/fall2001/crossref_files slide0112.htm
2003.10.07 11:21 B C:\Projects\CLIR\www.diglib.org\forums\fall2001\crossref_files\slide0114.htm --> 205.252.29.47 /diglib/forums/fall2001/crossref_files slide0114.htm
2003.10.07 11:21 B C:\Projects\CLIR\www.diglib.org\forums\fall2001\crossref_files\slide0121.htm --> 205.252.29.47 /diglib/forums/fall2001/crossref_files slide0121.htm
2003.10.07 11:21 B C:\Projects\CLIR\www.diglib.org\forums\fall2001\crossref_files\slide0127.htm --> 205.252.29.47 /diglib/forums/fall2001/crossref_files slide0127.htm
2003.10.07 11:21 B C:\Projects\CLIR\www.diglib.org\forums\fall2001\crossref_files\slide0127_image053.png --> 205.252.29.47 /diglib/forums/fall2001/crossref_files slide0127_image053.png
2003.10.07 11:21 B C:\Projects\CLIR\www.diglib.org\forums\fall2001\crossref_files\slide0127_image054.jpg --> 205.252.29.47 /diglib/forums/fall2001/crossref_files slide0127_image054.jpg
2003.10.07 11:21 B C:\Projects\CLIR\www.diglib.org\forums\fall2001\crossref_files\slide0128.htm --> 205.252.29.47 /diglib/forums/fall2001/crossref_files slide0128.htm
2003.10.07 11:21 B C:\Projects\CLIR\www.diglib.org\forums\fall2001\crossref_files\slide0128_image055.png --> 205.252.29.47 /diglib/forums/fall2001/crossref_files slide0128_image055.png
2003.10.07 11:21 B C:\Projects\CLIR\www.diglib.org\forums\fall2001\crossref_files\slide0128_image056.jpg --> 205.252.29.47 /diglib/forums/fall2001/crossref_files slide0128_image056.jpg
2003.10.07 11:21 B C:\Projects\CLIR\www.diglib.org\forums\fall2001\crossref_files\slide0128_image057.gif --> 205.252.29.47 /diglib/forums/fall2001/crossref_files slide0128_image057.gif
2003.10.07 11:21 B C:\Projects\CLIR\www.diglib.org\forums\fall2001\crossref_files\slide0128_image058.gif --> 205.252.29.47 /diglib/forums/fall2001/crossref_files slide0128_image058.gif
2003.10.07 11:21 B C:\Projects\CLIR\www.diglib.org\forums\fall2001\crossref_files\slide0128_image059.gif --> 205.252.29.47 /diglib/forums/fall2001/crossref_files slide0128_image059.gif
2003.10.07 11:21 B C:\Projects\CLIR\www.diglib.org\forums\fall2001\crossref_files\slide0128_image060.gif --> 205.252.29.47 /diglib/forums/fall2001/crossref_files slide0128_image060.gif
2003.10.07 11:21 B C:\Projects\CLIR\www.diglib.org\forums\fall2001\crossref_files\slide0128_image061.gif --> 205.252.29.47 /diglib/forums/fall2001/crossref_files slide0128_image061.gif
2003.10.07 11:21 B C:\Projects\CLIR\www.diglib.org\forums\fall2001\crossref_files\slide0128_image062.gif --> 205.252.29.47 /diglib/forums/fall2001/crossref_files slide0128_image062.gif
2003.10.07 11:21 B C:\Projects\CLIR\www.diglib.org\forums\fall2001\crossref_files\slide0128_image063.gif --> 205.252.29.47 /diglib/forums/fall2001/crossref_files slide0128_image063.gif
2003.10.07 11:21 B C:\Projects\CLIR\www.diglib.org\forums\fall2001\crossref_files\slide0129.htm --> 205.252.29.47 /diglib/forums/fall2001/crossref_files slide0129.htm
2003.10.07 11:21 B C:\Projects\CLIR\www.diglib.org\forums\fall2001\crossref_files\slide0129_image064.png --> 205.252.29.47 /diglib/forums/fall2001/crossref_files slide0129_image064.png
2003.10.07 11:21 B C:\Projects\CLIR\www.diglib.org\forums\fall2001\crossref_files\slide0129_image065.jpg --> 205.252.29.47 /diglib/forums/fall2001/crossref_files slide0129_image065.jpg
2003.10.07 11:21 B C:\Projects\CLIR\www.diglib.org\forums\fall2001\crossref_files\slide0130.htm --> 205.252.29.47 /diglib/forums/fall2001/crossref_files slide0130.htm
2003.10.07 11:21 B C:\Projects\CLIR\www.diglib.org\forums\fall2001\crossref_files\slide0130_image066.png --> 205.252.29.47 /diglib/forums/fall2001/crossref_files slide0130_image066.png
2003.10.07 11:21 B C:\Projects\CLIR\www.diglib.org\forums\fall2001\crossref_files\slide0130_image067.jpg --> 205.252.29.47 /diglib/forums/fall2001/crossref_files slide0130_image067.jpg
2003.10.07 11:21 B C:\Projects\CLIR\www.diglib.org\forums\fall2001\crossref_files\slide0130_image068.gif --> 205.252.29.47 /diglib/forums/fall2001/crossref_files slide0130_image068.gif
2003.10.07 11:21 B C:\Projects\CLIR\www.diglib.org\forums\fall2001\crossref_files\slide0130_image069.gif --> 205.252.29.47 /diglib/forums/fall2001/crossref_files slide0130_image069.gif
2003.10.07 11:21 B C:\Projects\CLIR\www.diglib.org\forums\fall2001\crossref_files\slide0131.htm --> 205.252.29.47 /diglib/forums/fall2001/crossref_files slide0131.htm
2003.10.07 11:21 B C:\Projects\CLIR\www.diglib.org\forums\fall2001\crossref_files\slide0131_image070.png --> 205.252.29.47 /diglib/forums/fall2001/crossref_files slide0131_image070.png
2003.10.07 11:21 B C:\Projects\CLIR\www.diglib.org\forums\fall2001\crossref_files\slide0131_image071.jpg --> 205.252.29.47 /diglib/forums/fall2001/crossref_files slide0131_image071.jpg
2003.10.07 11:21 B C:\Projects\CLIR\www.diglib.org\forums\fall2001\crossref_files\slide0132.htm --> 205.252.29.47 /diglib/forums/fall2001/crossref_files slide0132.htm
2003.10.07 11:21 B C:\Projects\CLIR\www.diglib.org\forums\fall2001\crossref_files\slide0132_image074.gif --> 205.252.29.47 /diglib/forums/fall2001/crossref_files slide0132_image074.gif
2003.10.07 11:21 B C:\Projects\CLIR\www.diglib.org\forums\fall2001\crossref_files\slide0132_image075.gif --> 205.252.29.47 /diglib/forums/fall2001/crossref_files slide0132_image075.gif
2003.10.07 11:21 B C:\Projects\CLIR\www.diglib.org\forums\fall2001\crossref_files\slide0132_image076.gif --> 205.252.29.47 /diglib/forums/fall2001/crossref_files slide0132_image076.gif
2003.10.07 11:21 B C:\Projects\CLIR\www.diglib.org\forums\fall2001\crossref_files\slide0132_image077.gif --> 205.252.29.47 /diglib/forums/fall2001/crossref_files slide0132_image077.gif
2003.10.07 11:21 B C:\Projects\CLIR\www.diglib.org\forums\fall2001\crossref_files\slide0132_image078.gif --> 205.252.29.47 /diglib/forums/fall2001/crossref_files slide0132_image078.gif
2003.10.07 11:21 B C:\Projects\CLIR\www.diglib.org\forums\fall2001\crossref_files\slide0138.htm --> 205.252.29.47 /diglib/forums/fall2001/crossref_files slide0138.htm
2003.10.07 11:21 B C:\Projects\CLIR\www.diglib.org\forums\fall2001\crossref_files\slide0139.htm --> 205.252.29.47 /diglib/forums/fall2001/crossref_files slide0139.htm
2003.10.07 11:21 B C:\Projects\CLIR\www.diglib.org\forums\fall2001\crossref_files\slide0139_image079.gif --> 205.252.29.47 /diglib/forums/fall2001/crossref_files slide0139_image079.gif
2003.10.07 11:21 B C:\Projects\CLIR\www.diglib.org\forums\fall2001\crossref_files\slide0141.htm --> 205.252.29.47 /diglib/forums/fall2001/crossref_files slide0141.htm
2003.10.07 11:21 B C:\Projects\CLIR\www.diglib.org\forums\fall2001\crossref_files\slide0144.htm --> 205.252.29.47 /diglib/forums/fall2001/crossref_files slide0144.htm
2003.10.07 11:21 B C:\Projects\CLIR\www.diglib.org\forums\fall2001\crossref_files\slide0145.htm --> 205.252.29.47 /diglib/forums/fall2001/crossref_files slide0145.htm
2003.10.07 11:21 B C:\Projects\CLIR\www.diglib.org\forums\fall2001\crossref_files\slide0146.htm --> 205.252.29.47 /diglib/forums/fall2001/crossref_files slide0146.htm
2003.10.07 11:21 B C:\Projects\CLIR\www.diglib.org\forums\fall2001\crossref_files\slide0148.htm --> 205.252.29.47 /diglib/forums/fall2001/crossref_files slide0148.htm
2003.10.07 11:21 B C:\Projects\CLIR\www.diglib.org\forums\fall2001\crossref_files\slide0149.htm --> 205.252.29.47 /diglib/forums/fall2001/crossref_files slide0149.htm
2003.10.07 11:21 B C:\Projects\CLIR\www.diglib.org\forums\fall2001\crossref_files\slide0150.htm --> 205.252.29.47 /diglib/forums/fall2001/crossref_files slide0150.htm
2003.10.07 11:21 B C:\Projects\CLIR\www.diglib.org\forums\fall2001\crossref_files\slide0152.htm --> 205.252.29.47 /diglib/forums/fall2001/crossref_files slide0152.htm
2003.10.07 11:21 B C:\Projects\CLIR\www.diglib.org\forums\fall2001\crossref_files\slide0152_image042.wmz --> 205.252.29.47 /diglib/forums/fall2001/crossref_files slide0152_image042.wmz
2003.10.07 11:21 B C:\Projects\CLIR\www.diglib.org\forums\fall2001\crossref_files\slide0152_image043.gif --> 205.252.29.47 /diglib/forums/fall2001/crossref_files slide0152_image043.gif
2003.10.07 11:21 B C:\Projects\CLIR\www.diglib.org\forums\fall2001\crossref_files\slide0152_image044.wmz --> 205.252.29.47 /diglib/forums/fall2001/crossref_files slide0152_image044.wmz
2003.10.07 11:21 B C:\Projects\CLIR\www.diglib.org\forums\fall2001\crossref_files\slide0152_image045.gif --> 205.252.29.47 /diglib/forums/fall2001/crossref_files slide0152_image045.gif
2003.10.07 11:21 B C:\Projects\CLIR\www.diglib.org\forums\fall2001\crossref_files\slide0152_image046.wmz --> 205.252.29.47 /diglib/forums/fall2001/crossref_files slide0152_image046.wmz
2003.10.07 11:21 B C:\Projects\CLIR\www.diglib.org\forums\fall2001\crossref_files\slide0152_image047.gif --> 205.252.29.47 /diglib/forums/fall2001/crossref_files slide0152_image047.gif
2003.10.07 11:21 B C:\Projects\CLIR\www.diglib.org\forums\fall2001\crossref_files\slide0152_image048.gif --> 205.252.29.47 /diglib/forums/fall2001/crossref_files slide0152_image048.gif
2003.10.07 11:21 B C:\Projects\CLIR\www.diglib.org\forums\fall2001\crossref_files\slide0152_image049.gif --> 205.252.29.47 /diglib/forums/fall2001/crossref_files slide0152_image049.gif
2003.10.07 11:21 B C:\Projects\CLIR\www.diglib.org\forums\fall2001\crossref_files\slide0152_image050.gif --> 205.252.29.47 /diglib/forums/fall2001/crossref_files slide0152_image050.gif
2003.10.07 11:21 B C:\Projects\CLIR\www.diglib.org\forums\fall2001\crossref_files\slide0152_image051.gif --> 205.252.29.47 /diglib/forums/fall2001/crossref_files slide0152_image051.gif
2003.10.07 11:21 B C:\Projects\CLIR\www.diglib.org\forums\fall2001\crossref_files\slide0152_image052.gif --> 205.252.29.47 /diglib/forums/fall2001/crossref_files slide0152_image052.gif
2003.10.07 11:21 B C:\Projects\CLIR\www.diglib.org\forums\fall2001\crossref_files\slide0154.htm --> 205.252.29.47 /diglib/forums/fall2001/crossref_files slide0154.htm
2003.10.07 11:21 B C:\Projects\CLIR\www.diglib.org\forums\fall2001\crossref_files\slide0155.htm --> 205.252.29.47 /diglib/forums/fall2001/crossref_files slide0155.htm
2003.10.07 11:21 B C:\Projects\CLIR\www.diglib.org\forums\fall2001\crossref_files\v3_blank_notes.htm --> 205.252.29.47 /diglib/forums/fall2001/crossref_files v3_blank_notes.htm
2003.10.07 11:21 B C:\Projects\CLIR\www.diglib.org\forums\fall2001\crossref_files\v3_document.htm --> 205.252.29.47 /diglib/forums/fall2001/crossref_files v3_document.htm
2003.10.07 11:21 B C:\Projects\CLIR\www.diglib.org\forums\fall2001\crossref_files\v3_endshow.htm --> 205.252.29.47 /diglib/forums/fall2001/crossref_files v3_endshow.htm
2003.10.07 11:22 B C:\Projects\CLIR\www.diglib.org\forums\fall2001\crossref_files\v3_master06_background.gif --> 205.252.29.47 /diglib/forums/fall2001/crossref_files v3_master06_background.gif
2003.10.07 11:22 B C:\Projects\CLIR\www.diglib.org\forums\fall2001\crossref_files\v3_master06_image003.gif --> 205.252.29.47 /diglib/forums/fall2001/crossref_files v3_master06_image003.gif
2003.10.07 11:22 B C:\Projects\CLIR\www.diglib.org\forums\fall2001\crossref_files\v3_master06_image004.gif --> 205.252.29.47 /diglib/forums/fall2001/crossref_files v3_master06_image004.gif
2003.10.07 11:22 B C:\Projects\CLIR\www.diglib.org\forums\fall2001\crossref_files\v3_master06_image005.gif --> 205.252.29.47 /diglib/forums/fall2001/crossref_files v3_master06_image005.gif
2003.10.07 11:22 B C:\Projects\CLIR\www.diglib.org\forums\fall2001\crossref_files\v3_master06_image006.gif --> 205.252.29.47 /diglib/forums/fall2001/crossref_files v3_master06_image006.gif
2003.10.07 11:22 B C:\Projects\CLIR\www.diglib.org\forums\fall2001\crossref_files\v3_master06_image007.gif --> 205.252.29.47 /diglib/forums/fall2001/crossref_files v3_master06_image007.gif
2003.10.07 11:22 B C:\Projects\CLIR\www.diglib.org\forums\fall2001\crossref_files\v3_master06_image008.gif --> 205.252.29.47 /diglib/forums/fall2001/crossref_files v3_master06_image008.gif
2003.10.07 11:22 B C:\Projects\CLIR\www.diglib.org\forums\fall2001\crossref_files\v3_master06_image009.gif --> 205.252.29.47 /diglib/forums/fall2001/crossref_files v3_master06_image009.gif
2003.10.07 11:22 B C:\Projects\CLIR\www.diglib.org\forums\fall2001\crossref_files\v3_master06_image015.gif --> 205.252.29.47 /diglib/forums/fall2001/crossref_files v3_master06_image015.gif
2003.10.07 11:22 B C:\Projects\CLIR\www.diglib.org\forums\fall2001\crossref_files\v3_master06_image016.gif --> 205.252.29.47 /diglib/forums/fall2001/crossref_files v3_master06_image016.gif
2003.10.07 11:22 B C:\Projects\CLIR\www.diglib.org\forums\fall2001\crossref_files\v3_master06_image017.gif --> 205.252.29.47 /diglib/forums/fall2001/crossref_files v3_master06_image017.gif
2003.10.07 11:22 B C:\Projects\CLIR\www.diglib.org\forums\fall2001\crossref_files\v3_master06_image018.gif --> 205.252.29.47 /diglib/forums/fall2001/crossref_files v3_master06_image018.gif
2003.10.07 11:22 B C:\Projects\CLIR\www.diglib.org\forums\fall2001\crossref_files\v3_master06_image019.gif --> 205.252.29.47 /diglib/forums/fall2001/crossref_files v3_master06_image019.gif
2003.10.07 11:22 B C:\Projects\CLIR\www.diglib.org\forums\fall2001\crossref_files\v3_master06_image020.gif --> 205.252.29.47 /diglib/forums/fall2001/crossref_files v3_master06_image020.gif
2003.10.07 11:22 B C:\Projects\CLIR\www.diglib.org\forums\fall2001\crossref_files\v3_master06_image021.gif --> 205.252.29.47 /diglib/forums/fall2001/crossref_files v3_master06_image021.gif
2003.10.07 11:22 B C:\Projects\CLIR\www.diglib.org\forums\fall2001\crossref_files\v3_master06_image022.gif --> 205.252.29.47 /diglib/forums/fall2001/crossref_files v3_master06_image022.gif
2003.10.07 11:22 B C:\Projects\CLIR\www.diglib.org\forums\fall2001\crossref_files\v3_master06_image024.gif --> 205.252.29.47 /diglib/forums/fall2001/crossref_files v3_master06_image024.gif
2003.10.07 11:22 B C:\Projects\CLIR\www.diglib.org\forums\fall2001\crossref_files\v3_master06_image028.gif --> 205.252.29.47 /diglib/forums/fall2001/crossref_files v3_master06_image028.gif
2003.10.07 11:22 B C:\Projects\CLIR\www.diglib.org\forums\fall2001\crossref_files\v3_master06_image029.gif --> 205.252.29.47 /diglib/forums/fall2001/crossref_files v3_master06_image029.gif
2003.10.07 11:22 B C:\Projects\CLIR\www.diglib.org\forums\fall2001\crossref_files\v3_master06_image030.gif --> 205.252.29.47 /diglib/forums/fall2001/crossref_files v3_master06_image030.gif
2003.10.07 11:22 B C:\Projects\CLIR\www.diglib.org\forums\fall2001\crossref_files\v3_master06_image031.gif --> 205.252.29.47 /diglib/forums/fall2001/crossref_files v3_master06_image031.gif
2003.10.07 11:22 B C:\Projects\CLIR\www.diglib.org\forums\fall2001\crossref_files\v3_master06_image032.gif --> 205.252.29.47 /diglib/forums/fall2001/crossref_files v3_master06_image032.gif
2003.10.07 11:22 B C:\Projects\CLIR\www.diglib.org\forums\fall2001\crossref_files\v3_master06_image034.gif --> 205.252.29.47 /diglib/forums/fall2001/crossref_files v3_master06_image034.gif
2003.10.07 11:22 B C:\Projects\CLIR\www.diglib.org\forums\fall2001\crossref_files\v3_master06_image035.gif --> 205.252.29.47 /diglib/forums/fall2001/crossref_files v3_master06_image035.gif
2003.10.07 11:22 B C:\Projects\CLIR\www.diglib.org\forums\fall2001\crossref_files\v3_master06_image036.gif --> 205.252.29.47 /diglib/forums/fall2001/crossref_files v3_master06_image036.gif
2003.10.07 11:22 B C:\Projects\CLIR\www.diglib.org\forums\fall2001\crossref_files\v3_master06_image037.gif --> 205.252.29.47 /diglib/forums/fall2001/crossref_files v3_master06_image037.gif
2003.10.07 11:22 B C:\Projects\CLIR\www.diglib.org\forums\fall2001\crossref_files\v3_navigation_bar.htm --> 205.252.29.47 /diglib/forums/fall2001/crossref_files v3_navigation_bar.htm
2003.10.07 11:22 B C:\Projects\CLIR\www.diglib.org\forums\fall2001\crossref_files\v3_next_active.gif --> 205.252.29.47 /diglib/forums/fall2001/crossref_files v3_next_active.gif
2003.10.07 11:22 B C:\Projects\CLIR\www.diglib.org\forums\fall2001\crossref_files\v3_next_disabled.gif --> 205.252.29.47 /diglib/forums/fall2001/crossref_files v3_next_disabled.gif
2003.10.07 11:22 B C:\Projects\CLIR\www.diglib.org\forums\fall2001\crossref_files\v3_outline_collapse.gif --> 205.252.29.47 /diglib/forums/fall2001/crossref_files v3_outline_collapse.gif
2003.10.07 11:22 B C:\Projects\CLIR\www.diglib.org\forums\fall2001\crossref_files\v3_outline_collapsed.htm --> 205.252.29.47 /diglib/forums/fall2001/crossref_files v3_outline_collapsed.htm
2003.10.07 11:22 B C:\Projects\CLIR\www.diglib.org\forums\fall2001\crossref_files\v3_outline_expand.gif --> 205.252.29.47 /diglib/forums/fall2001/crossref_files v3_outline_expand.gif
2003.10.07 11:22 B C:\Projects\CLIR\www.diglib.org\forums\fall2001\crossref_files\v3_outline_expanded.htm --> 205.252.29.47 /diglib/forums/fall2001/crossref_files v3_outline_expanded.htm
2003.10.07 11:22 B C:\Projects\CLIR\www.diglib.org\forums\fall2001\crossref_files\v3_outline_navigation_bar.htm --> 205.252.29.47 /diglib/forums/fall2001/crossref_files v3_outline_navigation_bar.htm
2003.10.07 11:22 B C:\Projects\CLIR\www.diglib.org\forums\fall2001\crossref_files\v3_prev_active.gif --> 205.252.29.47 /diglib/forums/fall2001/crossref_files v3_prev_active.gif
2003.10.07 11:22 B C:\Projects\CLIR\www.diglib.org\forums\fall2001\crossref_files\v3_prev_disabled.gif --> 205.252.29.47 /diglib/forums/fall2001/crossref_files v3_prev_disabled.gif
2003.10.07 11:22 B C:\Projects\CLIR\www.diglib.org\forums\fall2001\crossref_files\v3_slide0030.htm --> 205.252.29.47 /diglib/forums/fall2001/crossref_files v3_slide0030.htm
2003.10.07 11:22 B C:\Projects\CLIR\www.diglib.org\forums\fall2001\crossref_files\v3_slide0030_background.gif --> 205.252.29.47 /diglib/forums/fall2001/crossref_files v3_slide0030_background.gif
2003.10.07 11:22 B C:\Projects\CLIR\www.diglib.org\forums\fall2001\crossref_files\v3_slide0030_image002.gif --> 205.252.29.47 /diglib/forums/fall2001/crossref_files v3_slide0030_image002.gif
2003.10.07 11:22 B C:\Projects\CLIR\www.diglib.org\forums\fall2001\crossref_files\v3_slide0040.htm --> 205.252.29.47 /diglib/forums/fall2001/crossref_files v3_slide0040.htm
2003.10.07 11:22 B C:\Projects\CLIR\www.diglib.org\forums\fall2001\crossref_files\v3_slide0040_notes_pane.htm --> 205.252.29.47 /diglib/forums/fall2001/crossref_files v3_slide0040_notes_pane.htm
2003.10.07 11:22 B C:\Projects\CLIR\www.diglib.org\forums\fall2001\crossref_files\v3_slide0042.htm --> 205.252.29.47 /diglib/forums/fall2001/crossref_files v3_slide0042.htm
2003.10.07 11:22 B C:\Projects\CLIR\www.diglib.org\forums\fall2001\crossref_files\v3_slide0048.htm --> 205.252.29.47 /diglib/forums/fall2001/crossref_files v3_slide0048.htm
2003.10.07 11:22 B C:\Projects\CLIR\www.diglib.org\forums\fall2001\crossref_files\v3_slide0062.htm --> 205.252.29.47 /diglib/forums/fall2001/crossref_files v3_slide0062.htm
2003.10.07 11:22 B C:\Projects\CLIR\www.diglib.org\forums\fall2001\crossref_files\v3_slide0064.htm --> 205.252.29.47 /diglib/forums/fall2001/crossref_files v3_slide0064.htm
2003.10.07 11:22 B C:\Projects\CLIR\www.diglib.org\forums\fall2001\crossref_files\v3_slide0065.htm --> 205.252.29.47 /diglib/forums/fall2001/crossref_files v3_slide0065.htm
2003.10.07 11:22 B C:\Projects\CLIR\www.diglib.org\forums\fall2001\crossref_files\v3_slide0065_image023.gif --> 205.252.29.47 /diglib/forums/fall2001/crossref_files v3_slide0065_image023.gif
2003.10.07 11:22 B C:\Projects\CLIR\www.diglib.org\forums\fall2001\crossref_files\v3_slide0112.htm --> 205.252.29.47 /diglib/forums/fall2001/crossref_files v3_slide0112.htm
2003.10.07 11:22 B C:\Projects\CLIR\www.diglib.org\forums\fall2001\crossref_files\v3_slide0114.htm --> 205.252.29.47 /diglib/forums/fall2001/crossref_files v3_slide0114.htm
2003.10.07 11:22 B C:\Projects\CLIR\www.diglib.org\forums\fall2001\crossref_files\v3_slide0121.htm --> 205.252.29.47 /diglib/forums/fall2001/crossref_files v3_slide0121.htm
2003.10.07 11:22 B C:\Projects\CLIR\www.diglib.org\forums\fall2001\crossref_files\v3_slide0121_background.gif --> 205.252.29.47 /diglib/forums/fall2001/crossref_files v3_slide0121_background.gif
2003.10.07 11:22 B C:\Projects\CLIR\www.diglib.org\forums\fall2001\crossref_files\v3_slide0127.htm --> 205.252.29.47 /diglib/forums/fall2001/crossref_files v3_slide0127.htm
2003.10.07 11:22 B C:\Projects\CLIR\www.diglib.org\forums\fall2001\crossref_files\v3_slide0127_notes_pane.htm --> 205.252.29.47 /diglib/forums/fall2001/crossref_files v3_slide0127_notes_pane.htm
2003.10.07 11:22 B C:\Projects\CLIR\www.diglib.org\forums\fall2001\crossref_files\v3_slide0128.htm --> 205.252.29.47 /diglib/forums/fall2001/crossref_files v3_slide0128.htm
2003.10.07 11:22 B C:\Projects\CLIR\www.diglib.org\forums\fall2001\crossref_files\v3_slide0128_notes_pane.htm --> 205.252.29.47 /diglib/forums/fall2001/crossref_files v3_slide0128_notes_pane.htm
2003.10.07 11:22 B C:\Projects\CLIR\www.diglib.org\forums\fall2001\crossref_files\v3_slide0129.htm --> 205.252.29.47 /diglib/forums/fall2001/crossref_files v3_slide0129.htm
2003.10.07 11:22 B C:\Projects\CLIR\www.diglib.org\forums\fall2001\crossref_files\v3_slide0129_notes_pane.htm --> 205.252.29.47 /diglib/forums/fall2001/crossref_files v3_slide0129_notes_pane.htm
2003.10.07 11:22 B C:\Projects\CLIR\www.diglib.org\forums\fall2001\crossref_files\v3_slide0130.htm --> 205.252.29.47 /diglib/forums/fall2001/crossref_files v3_slide0130.htm
2003.10.07 11:22 B C:\Projects\CLIR\www.diglib.org\forums\fall2001\crossref_files\v3_slide0130_notes_pane.htm --> 205.252.29.47 /diglib/forums/fall2001/crossref_files v3_slide0130_notes_pane.htm
2003.10.07 11:22 B C:\Projects\CLIR\www.diglib.org\forums\fall2001\crossref_files\v3_slide0131.htm --> 205.252.29.47 /diglib/forums/fall2001/crossref_files v3_slide0131.htm
2003.10.07 11:22 B C:\Projects\CLIR\www.diglib.org\forums\fall2001\crossref_files\v3_slide0132.htm --> 205.252.29.47 /diglib/forums/fall2001/crossref_files v3_slide0132.htm
2003.10.07 11:22 B C:\Projects\CLIR\www.diglib.org\forums\fall2001\crossref_files\v3_slide0132_background.gif --> 205.252.29.47 /diglib/forums/fall2001/crossref_files v3_slide0132_background.gif
2003.10.07 11:22 B C:\Projects\CLIR\www.diglib.org\forums\fall2001\crossref_files\v3_slide0132_image025.gif --> 205.252.29.47 /diglib/forums/fall2001/crossref_files v3_slide0132_image025.gif
2003.10.07 11:22 B C:\Projects\CLIR\www.diglib.org\forums\fall2001\crossref_files\v3_slide0132_image026.gif --> 205.252.29.47 /diglib/forums/fall2001/crossref_files v3_slide0132_image026.gif
2003.10.07 11:22 B C:\Projects\CLIR\www.diglib.org\forums\fall2001\crossref_files\v3_slide0132_image027.gif --> 205.252.29.47 /diglib/forums/fall2001/crossref_files v3_slide0132_image027.gif
2003.10.07 11:22 B C:\Projects\CLIR\www.diglib.org\forums\fall2001\crossref_files\v3_slide0138.htm --> 205.252.29.47 /diglib/forums/fall2001/crossref_files v3_slide0138.htm
2003.10.07 11:22 B C:\Projects\CLIR\www.diglib.org\forums\fall2001\crossref_files\v3_slide0138_notes_pane.htm --> 205.252.29.47 /diglib/forums/fall2001/crossref_files v3_slide0138_notes_pane.htm
2003.10.07 11:22 B C:\Projects\CLIR\www.diglib.org\forums\fall2001\crossref_files\v3_slide0139.htm --> 205.252.29.47 /diglib/forums/fall2001/crossref_files v3_slide0139.htm
2003.10.07 11:22 B C:\Projects\CLIR\www.diglib.org\forums\fall2001\crossref_files\v3_slide0139_image033.gif --> 205.252.29.47 /diglib/forums/fall2001/crossref_files v3_slide0139_image033.gif
2003.10.07 11:22 B C:\Projects\CLIR\www.diglib.org\forums\fall2001\crossref_files\v3_slide0139_notes_pane.htm --> 205.252.29.47 /diglib/forums/fall2001/crossref_files v3_slide0139_notes_pane.htm
2003.10.07 11:22 B C:\Projects\CLIR\www.diglib.org\forums\fall2001\crossref_files\v3_slide0141.htm --> 205.252.29.47 /diglib/forums/fall2001/crossref_files v3_slide0141.htm
2003.10.07 11:22 B C:\Projects\CLIR\www.diglib.org\forums\fall2001\crossref_files\v3_slide0141_notes_pane.htm --> 205.252.29.47 /diglib/forums/fall2001/crossref_files v3_slide0141_notes_pane.htm
2003.10.07 11:22 B C:\Projects\CLIR\www.diglib.org\forums\fall2001\crossref_files\v3_slide0144.htm --> 205.252.29.47 /diglib/forums/fall2001/crossref_files v3_slide0144.htm
2003.10.07 11:22 B C:\Projects\CLIR\www.diglib.org\forums\fall2001\crossref_files\v3_slide0144_background.gif --> 205.252.29.47 /diglib/forums/fall2001/crossref_files v3_slide0144_background.gif
2003.10.07 11:22 B C:\Projects\CLIR\www.diglib.org\forums\fall2001\crossref_files\v3_slide0145.htm --> 205.252.29.47 /diglib/forums/fall2001/crossref_files v3_slide0145.htm
2003.10.07 11:22 B C:\Projects\CLIR\www.diglib.org\forums\fall2001\crossref_files\v3_slide0146.htm --> 205.252.29.47 /diglib/forums/fall2001/crossref_files v3_slide0146.htm
2003.10.07 11:22 B C:\Projects\CLIR\www.diglib.org\forums\fall2001\crossref_files\v3_slide0148.htm --> 205.252.29.47 /diglib/forums/fall2001/crossref_files v3_slide0148.htm
2003.10.07 11:22 B C:\Projects\CLIR\www.diglib.org\forums\fall2001\crossref_files\v3_slide0148_notes_pane.htm --> 205.252.29.47 /diglib/forums/fall2001/crossref_files v3_slide0148_notes_pane.htm
2003.10.07 11:22 B C:\Projects\CLIR\www.diglib.org\forums\fall2001\crossref_files\v3_slide0149.htm --> 205.252.29.47 /diglib/forums/fall2001/crossref_files v3_slide0149.htm
2003.10.07 11:22 B C:\Projects\CLIR\www.diglib.org\forums\fall2001\crossref_files\v3_slide0149_notes_pane.htm --> 205.252.29.47 /diglib/forums/fall2001/crossref_files v3_slide0149_notes_pane.htm
2003.10.07 11:22 B C:\Projects\CLIR\www.diglib.org\forums\fall2001\crossref_files\v3_slide0150.htm --> 205.252.29.47 /diglib/forums/fall2001/crossref_files v3_slide0150.htm
2003.10.07 11:22 B C:\Projects\CLIR\www.diglib.org\forums\fall2001\crossref_files\v3_slide0152.htm --> 205.252.29.47 /diglib/forums/fall2001/crossref_files v3_slide0152.htm
2003.10.07 11:22 B C:\Projects\CLIR\www.diglib.org\forums\fall2001\crossref_files\v3_slide0152_background.gif --> 205.252.29.47 /diglib/forums/fall2001/crossref_files v3_slide0152_background.gif
2003.10.07 11:22 B C:\Projects\CLIR\www.diglib.org\forums\fall2001\crossref_files\v3_slide0152_image010.gif --> 205.252.29.47 /diglib/forums/fall2001/crossref_files v3_slide0152_image010.gif
2003.10.07 11:22 B C:\Projects\CLIR\www.diglib.org\forums\fall2001\crossref_files\v3_slide0152_image011.gif --> 205.252.29.47 /diglib/forums/fall2001/crossref_files v3_slide0152_image011.gif
2003.10.07 11:22 B C:\Projects\CLIR\www.diglib.org\forums\fall2001\crossref_files\v3_slide0152_image012.gif --> 205.252.29.47 /diglib/forums/fall2001/crossref_files v3_slide0152_image012.gif
2003.10.07 11:22 B C:\Projects\CLIR\www.diglib.org\forums\fall2001\crossref_files\v3_slide0152_image013.gif --> 205.252.29.47 /diglib/forums/fall2001/crossref_files v3_slide0152_image013.gif
2003.10.07 11:22 B C:\Projects\CLIR\www.diglib.org\forums\fall2001\crossref_files\v3_slide0152_image014.gif --> 205.252.29.47 /diglib/forums/fall2001/crossref_files v3_slide0152_image014.gif
2003.10.07 11:22 B C:\Projects\CLIR\www.diglib.org\forums\fall2001\crossref_files\v3_slide0154.htm --> 205.252.29.47 /diglib/forums/fall2001/crossref_files v3_slide0154.htm
2003.10.07 11:22 B C:\Projects\CLIR\www.diglib.org\forums\fall2001\crossref_files\v3_slide0155.htm --> 205.252.29.47 /diglib/forums/fall2001/crossref_files v3_slide0155.htm
2003.10.07 11:22 B C:\Projects\CLIR\www.diglib.org\forums\fall2001\crossref_files\v3_space.gif --> 205.252.29.47 /diglib/forums/fall2001/crossref_files v3_space.gif
2003.10.07 11:22 B C:\Projects\CLIR\www.diglib.org\forums\fall2001\crossref_files\WS_FTP.LOG --> 205.252.29.47 /diglib/forums/fall2001/crossref_files WS_FTP.LOG
2003.10.16 02:14 B C:\Projects\InfoSource\www.diglib.org\forums\fall2001\crossref_files\v3_outline_expanded.htm <-- diglib.org /diglib/forums/fall2001/crossref_files v3_outline_expanded.htm
2003.10.16 02:14 B C:\Projects\InfoSource\www.diglib.org\forums\fall2001\crossref_files\v3_slide0148_notes_pane.htm <-- diglib.org /diglib/forums/fall2001/crossref_files v3_slide0148_notes_pane.htm
2003.10.16 04:20 B C:\Projects\InfoSource\www.diglib.org\forums\fall2001\crossref_files\WS_FTP.LOG --> 205.252.29.47 /diglib/forums/fall2001/crossref_files WS_FTP.LOG
