2003.10.06 17:29 B C:\Projects\CLIR\www.diglib.org\forums\fall2001\kurthetal_files\buttons.gif <-- CLIR.ORG Old Host /diglib/forums/fall2001/kurthetal_files buttons.gif
2003.10.06 17:29 B C:\Projects\CLIR\www.diglib.org\forums\fall2001\kurthetal_files\error.htm <-- CLIR.ORG Old Host /diglib/forums/fall2001/kurthetal_files error.htm
2003.10.06 17:29 B C:\Projects\CLIR\www.diglib.org\forums\fall2001\kurthetal_files\filelist.xml <-- CLIR.ORG Old Host /diglib/forums/fall2001/kurthetal_files filelist.xml
2003.10.06 17:29 B C:\Projects\CLIR\www.diglib.org\forums\fall2001\kurthetal_files\frame.htm <-- CLIR.ORG Old Host /diglib/forums/fall2001/kurthetal_files frame.htm
2003.10.06 17:29 B C:\Projects\CLIR\www.diglib.org\forums\fall2001\kurthetal_files\fullscreen.htm <-- CLIR.ORG Old Host /diglib/forums/fall2001/kurthetal_files fullscreen.htm
2003.10.06 17:29 B C:\Projects\CLIR\www.diglib.org\forums\fall2001\kurthetal_files\master01.htm <-- CLIR.ORG Old Host /diglib/forums/fall2001/kurthetal_files master01.htm
2003.10.06 17:29 B C:\Projects\CLIR\www.diglib.org\forums\fall2001\kurthetal_files\master02.htm <-- CLIR.ORG Old Host /diglib/forums/fall2001/kurthetal_files master02.htm
2003.10.06 17:29 B C:\Projects\CLIR\www.diglib.org\forums\fall2001\kurthetal_files\master03.htm <-- CLIR.ORG Old Host /diglib/forums/fall2001/kurthetal_files master03.htm
2003.10.06 17:29 B C:\Projects\CLIR\www.diglib.org\forums\fall2001\kurthetal_files\master03.xml <-- CLIR.ORG Old Host /diglib/forums/fall2001/kurthetal_files master03.xml
2003.10.06 17:29 B C:\Projects\CLIR\www.diglib.org\forums\fall2001\kurthetal_files\master03_stylesheet.css <-- CLIR.ORG Old Host /diglib/forums/fall2001/kurthetal_files master03_stylesheet.css
2003.10.06 17:29 B C:\Projects\CLIR\www.diglib.org\forums\fall2001\kurthetal_files\notes_flag.gif <-- CLIR.ORG Old Host /diglib/forums/fall2001/kurthetal_files notes_flag.gif
2003.10.06 17:29 B C:\Projects\CLIR\www.diglib.org\forums\fall2001\kurthetal_files\outline.htm <-- CLIR.ORG Old Host /diglib/forums/fall2001/kurthetal_files outline.htm
2003.10.06 17:29 B C:\Projects\CLIR\www.diglib.org\forums\fall2001\kurthetal_files\pres.xml <-- CLIR.ORG Old Host /diglib/forums/fall2001/kurthetal_files pres.xml
2003.10.06 17:29 B C:\Projects\CLIR\www.diglib.org\forums\fall2001\kurthetal_files\preview.wmf <-- CLIR.ORG Old Host /diglib/forums/fall2001/kurthetal_files preview.wmf
2003.10.06 17:29 B C:\Projects\CLIR\www.diglib.org\forums\fall2001\kurthetal_files\script.js <-- CLIR.ORG Old Host /diglib/forums/fall2001/kurthetal_files script.js
2003.10.06 17:29 B C:\Projects\CLIR\www.diglib.org\forums\fall2001\kurthetal_files\slide0003.htm <-- CLIR.ORG Old Host /diglib/forums/fall2001/kurthetal_files slide0003.htm
2003.10.06 17:29 B C:\Projects\CLIR\www.diglib.org\forums\fall2001\kurthetal_files\slide0003_image039.gif <-- CLIR.ORG Old Host /diglib/forums/fall2001/kurthetal_files slide0003_image039.gif
2003.10.06 17:29 B C:\Projects\CLIR\www.diglib.org\forums\fall2001\kurthetal_files\slide0004.htm <-- CLIR.ORG Old Host /diglib/forums/fall2001/kurthetal_files slide0004.htm
2003.10.06 17:29 B C:\Projects\CLIR\www.diglib.org\forums\fall2001\kurthetal_files\slide0004_image041.gif <-- CLIR.ORG Old Host /diglib/forums/fall2001/kurthetal_files slide0004_image041.gif
2003.10.06 17:29 B C:\Projects\CLIR\www.diglib.org\forums\fall2001\kurthetal_files\slide0005.htm <-- CLIR.ORG Old Host /diglib/forums/fall2001/kurthetal_files slide0005.htm
2003.10.06 17:29 B C:\Projects\CLIR\www.diglib.org\forums\fall2001\kurthetal_files\slide0005_image040.gif <-- CLIR.ORG Old Host /diglib/forums/fall2001/kurthetal_files slide0005_image040.gif
2003.10.06 17:29 B C:\Projects\CLIR\www.diglib.org\forums\fall2001\kurthetal_files\slide0006.htm <-- CLIR.ORG Old Host /diglib/forums/fall2001/kurthetal_files slide0006.htm
2003.10.06 17:29 B C:\Projects\CLIR\www.diglib.org\forums\fall2001\kurthetal_files\slide0006_image051.gif <-- CLIR.ORG Old Host /diglib/forums/fall2001/kurthetal_files slide0006_image051.gif
2003.10.06 17:29 B C:\Projects\CLIR\www.diglib.org\forums\fall2001\kurthetal_files\slide0006_image052.gif <-- CLIR.ORG Old Host /diglib/forums/fall2001/kurthetal_files slide0006_image052.gif
2003.10.06 17:29 B C:\Projects\CLIR\www.diglib.org\forums\fall2001\kurthetal_files\slide0007.htm <-- CLIR.ORG Old Host /diglib/forums/fall2001/kurthetal_files slide0007.htm
2003.10.06 17:29 B C:\Projects\CLIR\www.diglib.org\forums\fall2001\kurthetal_files\slide0007_image042.png <-- CLIR.ORG Old Host /diglib/forums/fall2001/kurthetal_files slide0007_image042.png
2003.10.06 17:29 B C:\Projects\CLIR\www.diglib.org\forums\fall2001\kurthetal_files\slide0007_image043.gif <-- CLIR.ORG Old Host /diglib/forums/fall2001/kurthetal_files slide0007_image043.gif
2003.10.06 17:29 B C:\Projects\CLIR\www.diglib.org\forums\fall2001\kurthetal_files\slide0007_image044.gif <-- CLIR.ORG Old Host /diglib/forums/fall2001/kurthetal_files slide0007_image044.gif
2003.10.06 17:29 B C:\Projects\CLIR\www.diglib.org\forums\fall2001\kurthetal_files\slide0008.htm <-- CLIR.ORG Old Host /diglib/forums/fall2001/kurthetal_files slide0008.htm
2003.10.06 17:29 B C:\Projects\CLIR\www.diglib.org\forums\fall2001\kurthetal_files\slide0008_image037.png <-- CLIR.ORG Old Host /diglib/forums/fall2001/kurthetal_files slide0008_image037.png
2003.10.06 17:29 B C:\Projects\CLIR\www.diglib.org\forums\fall2001\kurthetal_files\slide0008_image038.gif <-- CLIR.ORG Old Host /diglib/forums/fall2001/kurthetal_files slide0008_image038.gif
2003.10.06 17:29 B C:\Projects\CLIR\www.diglib.org\forums\fall2001\kurthetal_files\slide0013.htm <-- CLIR.ORG Old Host /diglib/forums/fall2001/kurthetal_files slide0013.htm
2003.10.06 17:29 B C:\Projects\CLIR\www.diglib.org\forums\fall2001\kurthetal_files\slide0013_image048.gif <-- CLIR.ORG Old Host /diglib/forums/fall2001/kurthetal_files slide0013_image048.gif
2003.10.06 17:29 B C:\Projects\CLIR\www.diglib.org\forums\fall2001\kurthetal_files\slide0013_image049.png <-- CLIR.ORG Old Host /diglib/forums/fall2001/kurthetal_files slide0013_image049.png
2003.10.06 17:29 B C:\Projects\CLIR\www.diglib.org\forums\fall2001\kurthetal_files\slide0013_image050.gif <-- CLIR.ORG Old Host /diglib/forums/fall2001/kurthetal_files slide0013_image050.gif
2003.10.06 17:29 B C:\Projects\CLIR\www.diglib.org\forums\fall2001\kurthetal_files\slide0014.htm <-- CLIR.ORG Old Host /diglib/forums/fall2001/kurthetal_files slide0014.htm
2003.10.06 17:29 B C:\Projects\CLIR\www.diglib.org\forums\fall2001\kurthetal_files\slide0014_image045.gif <-- CLIR.ORG Old Host /diglib/forums/fall2001/kurthetal_files slide0014_image045.gif
2003.10.06 17:29 B C:\Projects\CLIR\www.diglib.org\forums\fall2001\kurthetal_files\slide0014_image046.png <-- CLIR.ORG Old Host /diglib/forums/fall2001/kurthetal_files slide0014_image046.png
2003.10.06 17:29 B C:\Projects\CLIR\www.diglib.org\forums\fall2001\kurthetal_files\slide0014_image047.gif <-- CLIR.ORG Old Host /diglib/forums/fall2001/kurthetal_files slide0014_image047.gif
2003.10.06 17:29 B C:\Projects\CLIR\www.diglib.org\forums\fall2001\kurthetal_files\slide0016.htm <-- CLIR.ORG Old Host /diglib/forums/fall2001/kurthetal_files slide0016.htm
2003.10.06 17:29 B C:\Projects\CLIR\www.diglib.org\forums\fall2001\kurthetal_files\slide0016_image053.jpg <-- CLIR.ORG Old Host /diglib/forums/fall2001/kurthetal_files slide0016_image053.jpg
2003.10.06 17:29 B C:\Projects\CLIR\www.diglib.org\forums\fall2001\kurthetal_files\slide0016_image054.jpg <-- CLIR.ORG Old Host /diglib/forums/fall2001/kurthetal_files slide0016_image054.jpg
2003.10.06 17:29 B C:\Projects\CLIR\www.diglib.org\forums\fall2001\kurthetal_files\slide0016_image055.jpg <-- CLIR.ORG Old Host /diglib/forums/fall2001/kurthetal_files slide0016_image055.jpg
2003.10.06 17:29 B C:\Projects\CLIR\www.diglib.org\forums\fall2001\kurthetal_files\slide0016_image056.jpg <-- CLIR.ORG Old Host /diglib/forums/fall2001/kurthetal_files slide0016_image056.jpg
2003.10.06 17:30 B C:\Projects\CLIR\www.diglib.org\forums\fall2001\kurthetal_files\slide0016_image057.gif <-- CLIR.ORG Old Host /diglib/forums/fall2001/kurthetal_files slide0016_image057.gif
2003.10.06 17:30 B C:\Projects\CLIR\www.diglib.org\forums\fall2001\kurthetal_files\slide0017.htm <-- CLIR.ORG Old Host /diglib/forums/fall2001/kurthetal_files slide0017.htm
2003.10.06 17:30 B C:\Projects\CLIR\www.diglib.org\forums\fall2001\kurthetal_files\slide0017_image058.png <-- CLIR.ORG Old Host /diglib/forums/fall2001/kurthetal_files slide0017_image058.png
2003.10.06 17:30 B C:\Projects\CLIR\www.diglib.org\forums\fall2001\kurthetal_files\slide0017_image059.jpg <-- CLIR.ORG Old Host /diglib/forums/fall2001/kurthetal_files slide0017_image059.jpg
2003.10.06 17:30 B C:\Projects\CLIR\www.diglib.org\forums\fall2001\kurthetal_files\slide0017_image060.gif <-- CLIR.ORG Old Host /diglib/forums/fall2001/kurthetal_files slide0017_image060.gif
2003.10.06 17:30 B C:\Projects\CLIR\www.diglib.org\forums\fall2001\kurthetal_files\slide0018.htm <-- CLIR.ORG Old Host /diglib/forums/fall2001/kurthetal_files slide0018.htm
2003.10.06 17:30 B C:\Projects\CLIR\www.diglib.org\forums\fall2001\kurthetal_files\slide0018_image061.png <-- CLIR.ORG Old Host /diglib/forums/fall2001/kurthetal_files slide0018_image061.png
2003.10.06 17:30 B C:\Projects\CLIR\www.diglib.org\forums\fall2001\kurthetal_files\slide0018_image062.jpg <-- CLIR.ORG Old Host /diglib/forums/fall2001/kurthetal_files slide0018_image062.jpg
2003.10.06 17:30 B C:\Projects\CLIR\www.diglib.org\forums\fall2001\kurthetal_files\slide0018_image063.gif <-- CLIR.ORG Old Host /diglib/forums/fall2001/kurthetal_files slide0018_image063.gif
2003.10.06 17:30 B C:\Projects\CLIR\www.diglib.org\forums\fall2001\kurthetal_files\slide0019.htm <-- CLIR.ORG Old Host /diglib/forums/fall2001/kurthetal_files slide0019.htm
2003.10.06 17:30 B C:\Projects\CLIR\www.diglib.org\forums\fall2001\kurthetal_files\slide0019_image064.png <-- CLIR.ORG Old Host /diglib/forums/fall2001/kurthetal_files slide0019_image064.png
2003.10.06 17:30 B C:\Projects\CLIR\www.diglib.org\forums\fall2001\kurthetal_files\slide0019_image065.jpg <-- CLIR.ORG Old Host /diglib/forums/fall2001/kurthetal_files slide0019_image065.jpg
2003.10.06 17:30 B C:\Projects\CLIR\www.diglib.org\forums\fall2001\kurthetal_files\slide0019_image066.gif <-- CLIR.ORG Old Host /diglib/forums/fall2001/kurthetal_files slide0019_image066.gif
2003.10.06 17:30 B C:\Projects\CLIR\www.diglib.org\forums\fall2001\kurthetal_files\slide0020.htm <-- CLIR.ORG Old Host /diglib/forums/fall2001/kurthetal_files slide0020.htm
2003.10.06 17:30 B C:\Projects\CLIR\www.diglib.org\forums\fall2001\kurthetal_files\slide0020_image067.png <-- CLIR.ORG Old Host /diglib/forums/fall2001/kurthetal_files slide0020_image067.png
2003.10.06 17:30 B C:\Projects\CLIR\www.diglib.org\forums\fall2001\kurthetal_files\slide0020_image068.jpg <-- CLIR.ORG Old Host /diglib/forums/fall2001/kurthetal_files slide0020_image068.jpg
2003.10.06 17:30 B C:\Projects\CLIR\www.diglib.org\forums\fall2001\kurthetal_files\slide0020_image069.gif <-- CLIR.ORG Old Host /diglib/forums/fall2001/kurthetal_files slide0020_image069.gif
2003.10.06 17:30 B C:\Projects\CLIR\www.diglib.org\forums\fall2001\kurthetal_files\slide0022.htm <-- CLIR.ORG Old Host /diglib/forums/fall2001/kurthetal_files slide0022.htm
2003.10.06 17:30 B C:\Projects\CLIR\www.diglib.org\forums\fall2001\kurthetal_files\slide0022_image071.png <-- CLIR.ORG Old Host /diglib/forums/fall2001/kurthetal_files slide0022_image071.png
2003.10.06 17:30 B C:\Projects\CLIR\www.diglib.org\forums\fall2001\kurthetal_files\slide0022_image072.jpg <-- CLIR.ORG Old Host /diglib/forums/fall2001/kurthetal_files slide0022_image072.jpg
2003.10.06 17:30 B C:\Projects\CLIR\www.diglib.org\forums\fall2001\kurthetal_files\slide0022_image073.gif <-- CLIR.ORG Old Host /diglib/forums/fall2001/kurthetal_files slide0022_image073.gif
2003.10.06 17:30 B C:\Projects\CLIR\www.diglib.org\forums\fall2001\kurthetal_files\slide0024.htm <-- CLIR.ORG Old Host /diglib/forums/fall2001/kurthetal_files slide0024.htm
2003.10.06 17:30 B C:\Projects\CLIR\www.diglib.org\forums\fall2001\kurthetal_files\slide0024_image075.png <-- CLIR.ORG Old Host /diglib/forums/fall2001/kurthetal_files slide0024_image075.png
2003.10.06 17:30 B C:\Projects\CLIR\www.diglib.org\forums\fall2001\kurthetal_files\slide0024_image076.jpg <-- CLIR.ORG Old Host /diglib/forums/fall2001/kurthetal_files slide0024_image076.jpg
2003.10.06 17:30 B C:\Projects\CLIR\www.diglib.org\forums\fall2001\kurthetal_files\slide0024_image077.gif <-- CLIR.ORG Old Host /diglib/forums/fall2001/kurthetal_files slide0024_image077.gif
2003.10.06 17:30 B C:\Projects\CLIR\www.diglib.org\forums\fall2001\kurthetal_files\slide0025.htm <-- CLIR.ORG Old Host /diglib/forums/fall2001/kurthetal_files slide0025.htm
2003.10.06 17:30 B C:\Projects\CLIR\www.diglib.org\forums\fall2001\kurthetal_files\slide0025_image078.gif <-- CLIR.ORG Old Host /diglib/forums/fall2001/kurthetal_files slide0025_image078.gif
2003.10.06 17:30 B C:\Projects\CLIR\www.diglib.org\forums\fall2001\kurthetal_files\slide0026.htm <-- CLIR.ORG Old Host /diglib/forums/fall2001/kurthetal_files slide0026.htm
2003.10.06 17:30 B C:\Projects\CLIR\www.diglib.org\forums\fall2001\kurthetal_files\slide0026_image079.gif <-- CLIR.ORG Old Host /diglib/forums/fall2001/kurthetal_files slide0026_image079.gif
2003.10.06 17:30 B C:\Projects\CLIR\www.diglib.org\forums\fall2001\kurthetal_files\slide0027.htm <-- CLIR.ORG Old Host /diglib/forums/fall2001/kurthetal_files slide0027.htm
2003.10.06 17:30 B C:\Projects\CLIR\www.diglib.org\forums\fall2001\kurthetal_files\slide0027_image080.gif <-- CLIR.ORG Old Host /diglib/forums/fall2001/kurthetal_files slide0027_image080.gif
2003.10.06 17:30 B C:\Projects\CLIR\www.diglib.org\forums\fall2001\kurthetal_files\slide0028.htm <-- CLIR.ORG Old Host /diglib/forums/fall2001/kurthetal_files slide0028.htm
2003.10.06 17:30 B C:\Projects\CLIR\www.diglib.org\forums\fall2001\kurthetal_files\slide0028_image070.gif <-- CLIR.ORG Old Host /diglib/forums/fall2001/kurthetal_files slide0028_image070.gif
2003.10.06 17:30 B C:\Projects\CLIR\www.diglib.org\forums\fall2001\kurthetal_files\slide0029.htm <-- CLIR.ORG Old Host /diglib/forums/fall2001/kurthetal_files slide0029.htm
2003.10.06 17:30 B C:\Projects\CLIR\www.diglib.org\forums\fall2001\kurthetal_files\slide0029_image074.gif <-- CLIR.ORG Old Host /diglib/forums/fall2001/kurthetal_files slide0029_image074.gif
2003.10.06 17:30 B C:\Projects\CLIR\www.diglib.org\forums\fall2001\kurthetal_files\v3_document.htm <-- CLIR.ORG Old Host /diglib/forums/fall2001/kurthetal_files v3_document.htm
2003.10.06 17:30 B C:\Projects\CLIR\www.diglib.org\forums\fall2001\kurthetal_files\v3_endshow.htm <-- CLIR.ORG Old Host /diglib/forums/fall2001/kurthetal_files v3_endshow.htm
2003.10.06 17:30 B C:\Projects\CLIR\www.diglib.org\forums\fall2001\kurthetal_files\v3_navigation_bar.htm <-- CLIR.ORG Old Host /diglib/forums/fall2001/kurthetal_files v3_navigation_bar.htm
2003.10.06 17:30 B C:\Projects\CLIR\www.diglib.org\forums\fall2001\kurthetal_files\v3_next_active.gif <-- CLIR.ORG Old Host /diglib/forums/fall2001/kurthetal_files v3_next_active.gif
2003.10.06 17:30 B C:\Projects\CLIR\www.diglib.org\forums\fall2001\kurthetal_files\v3_next_disabled.gif <-- CLIR.ORG Old Host /diglib/forums/fall2001/kurthetal_files v3_next_disabled.gif
2003.10.06 17:30 B C:\Projects\CLIR\www.diglib.org\forums\fall2001\kurthetal_files\v3_outline_collapse.gif <-- CLIR.ORG Old Host /diglib/forums/fall2001/kurthetal_files v3_outline_collapse.gif
2003.10.06 17:30 B C:\Projects\CLIR\www.diglib.org\forums\fall2001\kurthetal_files\v3_outline_collapsed.htm <-- CLIR.ORG Old Host /diglib/forums/fall2001/kurthetal_files v3_outline_collapsed.htm
2003.10.06 17:30 B C:\Projects\CLIR\www.diglib.org\forums\fall2001\kurthetal_files\v3_outline_expand.gif <-- CLIR.ORG Old Host /diglib/forums/fall2001/kurthetal_files v3_outline_expand.gif
2003.10.06 17:30 B C:\Projects\CLIR\www.diglib.org\forums\fall2001\kurthetal_files\v3_outline_expanded.htm <-- CLIR.ORG Old Host /diglib/forums/fall2001/kurthetal_files v3_outline_expanded.htm
2003.10.06 17:30 B C:\Projects\CLIR\www.diglib.org\forums\fall2001\kurthetal_files\v3_outline_navigation_bar.htm <-- CLIR.ORG Old Host /diglib/forums/fall2001/kurthetal_files v3_outline_navigation_bar.htm
2003.10.06 17:30 B C:\Projects\CLIR\www.diglib.org\forums\fall2001\kurthetal_files\v3_prev_active.gif <-- CLIR.ORG Old Host /diglib/forums/fall2001/kurthetal_files v3_prev_active.gif
2003.10.06 17:30 B C:\Projects\CLIR\www.diglib.org\forums\fall2001\kurthetal_files\v3_prev_disabled.gif <-- CLIR.ORG Old Host /diglib/forums/fall2001/kurthetal_files v3_prev_disabled.gif
2003.10.06 17:30 B C:\Projects\CLIR\www.diglib.org\forums\fall2001\kurthetal_files\v3_slide0003.htm <-- CLIR.ORG Old Host /diglib/forums/fall2001/kurthetal_files v3_slide0003.htm
2003.10.06 17:30 B C:\Projects\CLIR\www.diglib.org\forums\fall2001\kurthetal_files\v3_slide0003_image002.jpg <-- CLIR.ORG Old Host /diglib/forums/fall2001/kurthetal_files v3_slide0003_image002.jpg
2003.10.06 17:30 B C:\Projects\CLIR\www.diglib.org\forums\fall2001\kurthetal_files\v3_slide0003_notes_pane.htm <-- CLIR.ORG Old Host /diglib/forums/fall2001/kurthetal_files v3_slide0003_notes_pane.htm
2003.10.06 17:30 B C:\Projects\CLIR\www.diglib.org\forums\fall2001\kurthetal_files\v3_slide0004.htm <-- CLIR.ORG Old Host /diglib/forums/fall2001/kurthetal_files v3_slide0004.htm
2003.10.06 17:30 B C:\Projects\CLIR\www.diglib.org\forums\fall2001\kurthetal_files\v3_slide0004_image004.jpg <-- CLIR.ORG Old Host /diglib/forums/fall2001/kurthetal_files v3_slide0004_image004.jpg
2003.10.06 17:30 B C:\Projects\CLIR\www.diglib.org\forums\fall2001\kurthetal_files\v3_slide0004_notes_pane.htm <-- CLIR.ORG Old Host /diglib/forums/fall2001/kurthetal_files v3_slide0004_notes_pane.htm
2003.10.06 17:30 B C:\Projects\CLIR\www.diglib.org\forums\fall2001\kurthetal_files\v3_slide0005.htm <-- CLIR.ORG Old Host /diglib/forums/fall2001/kurthetal_files v3_slide0005.htm
2003.10.06 17:30 B C:\Projects\CLIR\www.diglib.org\forums\fall2001\kurthetal_files\v3_slide0005_image003.jpg <-- CLIR.ORG Old Host /diglib/forums/fall2001/kurthetal_files v3_slide0005_image003.jpg
2003.10.06 17:30 B C:\Projects\CLIR\www.diglib.org\forums\fall2001\kurthetal_files\v3_slide0005_notes_pane.htm <-- CLIR.ORG Old Host /diglib/forums/fall2001/kurthetal_files v3_slide0005_notes_pane.htm
2003.10.06 17:30 B C:\Projects\CLIR\www.diglib.org\forums\fall2001\kurthetal_files\v3_slide0006.htm <-- CLIR.ORG Old Host /diglib/forums/fall2001/kurthetal_files v3_slide0006.htm
2003.10.06 17:30 B C:\Projects\CLIR\www.diglib.org\forums\fall2001\kurthetal_files\v3_slide0006_background.gif <-- CLIR.ORG Old Host /diglib/forums/fall2001/kurthetal_files v3_slide0006_background.gif
2003.10.06 17:30 B C:\Projects\CLIR\www.diglib.org\forums\fall2001\kurthetal_files\v3_slide0006_image008.jpg <-- CLIR.ORG Old Host /diglib/forums/fall2001/kurthetal_files v3_slide0006_image008.jpg
2003.10.06 17:30 B C:\Projects\CLIR\www.diglib.org\forums\fall2001\kurthetal_files\v3_slide0006_image009.gif <-- CLIR.ORG Old Host /diglib/forums/fall2001/kurthetal_files v3_slide0006_image009.gif
2003.10.06 17:30 B C:\Projects\CLIR\www.diglib.org\forums\fall2001\kurthetal_files\v3_slide0006_image010.gif <-- CLIR.ORG Old Host /diglib/forums/fall2001/kurthetal_files v3_slide0006_image010.gif
2003.10.06 17:30 B C:\Projects\CLIR\www.diglib.org\forums\fall2001\kurthetal_files\v3_slide0006_image011.gif <-- CLIR.ORG Old Host /diglib/forums/fall2001/kurthetal_files v3_slide0006_image011.gif
2003.10.06 17:30 B C:\Projects\CLIR\www.diglib.org\forums\fall2001\kurthetal_files\v3_slide0006_image012.gif <-- CLIR.ORG Old Host /diglib/forums/fall2001/kurthetal_files v3_slide0006_image012.gif
2003.10.06 17:30 B C:\Projects\CLIR\www.diglib.org\forums\fall2001\kurthetal_files\v3_slide0006_image013.gif <-- CLIR.ORG Old Host /diglib/forums/fall2001/kurthetal_files v3_slide0006_image013.gif
2003.10.06 17:30 B C:\Projects\CLIR\www.diglib.org\forums\fall2001\kurthetal_files\v3_slide0006_notes_pane.htm <-- CLIR.ORG Old Host /diglib/forums/fall2001/kurthetal_files v3_slide0006_notes_pane.htm
2003.10.06 17:30 B C:\Projects\CLIR\www.diglib.org\forums\fall2001\kurthetal_files\v3_slide0007.htm <-- CLIR.ORG Old Host /diglib/forums/fall2001/kurthetal_files v3_slide0007.htm
2003.10.06 17:30 B C:\Projects\CLIR\www.diglib.org\forums\fall2001\kurthetal_files\v3_slide0007_background.gif <-- CLIR.ORG Old Host /diglib/forums/fall2001/kurthetal_files v3_slide0007_background.gif
2003.10.06 17:30 B C:\Projects\CLIR\www.diglib.org\forums\fall2001\kurthetal_files\v3_slide0007_notes_pane.htm <-- CLIR.ORG Old Host /diglib/forums/fall2001/kurthetal_files v3_slide0007_notes_pane.htm
2003.10.06 17:30 B C:\Projects\CLIR\www.diglib.org\forums\fall2001\kurthetal_files\v3_slide0008.htm <-- CLIR.ORG Old Host /diglib/forums/fall2001/kurthetal_files v3_slide0008.htm
2003.10.06 17:30 B C:\Projects\CLIR\www.diglib.org\forums\fall2001\kurthetal_files\v3_slide0008_image001.jpg <-- CLIR.ORG Old Host /diglib/forums/fall2001/kurthetal_files v3_slide0008_image001.jpg
2003.10.06 17:30 B C:\Projects\CLIR\www.diglib.org\forums\fall2001\kurthetal_files\v3_slide0008_notes_pane.htm <-- CLIR.ORG Old Host /diglib/forums/fall2001/kurthetal_files v3_slide0008_notes_pane.htm
2003.10.06 17:30 B C:\Projects\CLIR\www.diglib.org\forums\fall2001\kurthetal_files\v3_slide0013.htm <-- CLIR.ORG Old Host /diglib/forums/fall2001/kurthetal_files v3_slide0013.htm
2003.10.06 17:30 B C:\Projects\CLIR\www.diglib.org\forums\fall2001\kurthetal_files\v3_slide0013_background.jpg <-- CLIR.ORG Old Host /diglib/forums/fall2001/kurthetal_files v3_slide0013_background.jpg
2003.10.06 17:30 B C:\Projects\CLIR\www.diglib.org\forums\fall2001\kurthetal_files\v3_slide0013_image007.gif <-- CLIR.ORG Old Host /diglib/forums/fall2001/kurthetal_files v3_slide0013_image007.gif
2003.10.06 17:30 B C:\Projects\CLIR\www.diglib.org\forums\fall2001\kurthetal_files\v3_slide0013_notes_pane.htm <-- CLIR.ORG Old Host /diglib/forums/fall2001/kurthetal_files v3_slide0013_notes_pane.htm
2003.10.06 17:30 B C:\Projects\CLIR\www.diglib.org\forums\fall2001\kurthetal_files\v3_slide0014.htm <-- CLIR.ORG Old Host /diglib/forums/fall2001/kurthetal_files v3_slide0014.htm
2003.10.06 17:30 B C:\Projects\CLIR\www.diglib.org\forums\fall2001\kurthetal_files\v3_slide0014_image005.jpg <-- CLIR.ORG Old Host /diglib/forums/fall2001/kurthetal_files v3_slide0014_image005.jpg
2003.10.06 17:30 B C:\Projects\CLIR\www.diglib.org\forums\fall2001\kurthetal_files\v3_slide0014_image006.gif <-- CLIR.ORG Old Host /diglib/forums/fall2001/kurthetal_files v3_slide0014_image006.gif
2003.10.06 17:30 B C:\Projects\CLIR\www.diglib.org\forums\fall2001\kurthetal_files\v3_slide0014_notes_pane.htm <-- CLIR.ORG Old Host /diglib/forums/fall2001/kurthetal_files v3_slide0014_notes_pane.htm
2003.10.06 17:30 B C:\Projects\CLIR\www.diglib.org\forums\fall2001\kurthetal_files\v3_slide0016.htm <-- CLIR.ORG Old Host /diglib/forums/fall2001/kurthetal_files v3_slide0016.htm
2003.10.06 17:30 B C:\Projects\CLIR\www.diglib.org\forums\fall2001\kurthetal_files\v3_slide0016_image014.jpg <-- CLIR.ORG Old Host /diglib/forums/fall2001/kurthetal_files v3_slide0016_image014.jpg
2003.10.06 17:30 B C:\Projects\CLIR\www.diglib.org\forums\fall2001\kurthetal_files\v3_slide0016_image015.jpg <-- CLIR.ORG Old Host /diglib/forums/fall2001/kurthetal_files v3_slide0016_image015.jpg
2003.10.06 17:30 B C:\Projects\CLIR\www.diglib.org\forums\fall2001\kurthetal_files\v3_slide0016_image016.jpg <-- CLIR.ORG Old Host /diglib/forums/fall2001/kurthetal_files v3_slide0016_image016.jpg
2003.10.06 17:30 B C:\Projects\CLIR\www.diglib.org\forums\fall2001\kurthetal_files\v3_slide0016_image017.gif <-- CLIR.ORG Old Host /diglib/forums/fall2001/kurthetal_files v3_slide0016_image017.gif
2003.10.06 17:30 B C:\Projects\CLIR\www.diglib.org\forums\fall2001\kurthetal_files\v3_slide0016_image018.gif <-- CLIR.ORG Old Host /diglib/forums/fall2001/kurthetal_files v3_slide0016_image018.gif
2003.10.06 17:30 B C:\Projects\CLIR\www.diglib.org\forums\fall2001\kurthetal_files\v3_slide0016_notes_pane.htm <-- CLIR.ORG Old Host /diglib/forums/fall2001/kurthetal_files v3_slide0016_notes_pane.htm
2003.10.06 17:30 B C:\Projects\CLIR\www.diglib.org\forums\fall2001\kurthetal_files\v3_slide0017.htm <-- CLIR.ORG Old Host /diglib/forums/fall2001/kurthetal_files v3_slide0017.htm
2003.10.06 17:30 B C:\Projects\CLIR\www.diglib.org\forums\fall2001\kurthetal_files\v3_slide0017_image019.jpg <-- CLIR.ORG Old Host /diglib/forums/fall2001/kurthetal_files v3_slide0017_image019.jpg
2003.10.06 17:30 B C:\Projects\CLIR\www.diglib.org\forums\fall2001\kurthetal_files\v3_slide0017_image020.jpg <-- CLIR.ORG Old Host /diglib/forums/fall2001/kurthetal_files v3_slide0017_image020.jpg
2003.10.06 17:30 B C:\Projects\CLIR\www.diglib.org\forums\fall2001\kurthetal_files\v3_slide0017_notes_pane.htm <-- CLIR.ORG Old Host /diglib/forums/fall2001/kurthetal_files v3_slide0017_notes_pane.htm
2003.10.06 17:30 B C:\Projects\CLIR\www.diglib.org\forums\fall2001\kurthetal_files\v3_slide0018.htm <-- CLIR.ORG Old Host /diglib/forums/fall2001/kurthetal_files v3_slide0018.htm
2003.10.06 17:30 B C:\Projects\CLIR\www.diglib.org\forums\fall2001\kurthetal_files\v3_slide0018_image021.jpg <-- CLIR.ORG Old Host /diglib/forums/fall2001/kurthetal_files v3_slide0018_image021.jpg
2003.10.06 17:30 B C:\Projects\CLIR\www.diglib.org\forums\fall2001\kurthetal_files\v3_slide0018_image022.jpg <-- CLIR.ORG Old Host /diglib/forums/fall2001/kurthetal_files v3_slide0018_image022.jpg
2003.10.06 17:30 B C:\Projects\CLIR\www.diglib.org\forums\fall2001\kurthetal_files\v3_slide0018_notes_pane.htm <-- CLIR.ORG Old Host /diglib/forums/fall2001/kurthetal_files v3_slide0018_notes_pane.htm
2003.10.06 17:30 B C:\Projects\CLIR\www.diglib.org\forums\fall2001\kurthetal_files\v3_slide0019.htm <-- CLIR.ORG Old Host /diglib/forums/fall2001/kurthetal_files v3_slide0019.htm
2003.10.06 17:30 B C:\Projects\CLIR\www.diglib.org\forums\fall2001\kurthetal_files\v3_slide0019_background.jpg <-- CLIR.ORG Old Host /diglib/forums/fall2001/kurthetal_files v3_slide0019_background.jpg
2003.10.06 17:30 B C:\Projects\CLIR\www.diglib.org\forums\fall2001\kurthetal_files\v3_slide0019_image023.jpg <-- CLIR.ORG Old Host /diglib/forums/fall2001/kurthetal_files v3_slide0019_image023.jpg
2003.10.06 17:30 B C:\Projects\CLIR\www.diglib.org\forums\fall2001\kurthetal_files\v3_slide0019_notes_pane.htm <-- CLIR.ORG Old Host /diglib/forums/fall2001/kurthetal_files v3_slide0019_notes_pane.htm
2003.10.06 17:30 B C:\Projects\CLIR\www.diglib.org\forums\fall2001\kurthetal_files\v3_slide0020.htm <-- CLIR.ORG Old Host /diglib/forums/fall2001/kurthetal_files v3_slide0020.htm
2003.10.06 17:30 B C:\Projects\CLIR\www.diglib.org\forums\fall2001\kurthetal_files\v3_slide0020_image024.jpg <-- CLIR.ORG Old Host /diglib/forums/fall2001/kurthetal_files v3_slide0020_image024.jpg
2003.10.06 17:30 B C:\Projects\CLIR\www.diglib.org\forums\fall2001\kurthetal_files\v3_slide0020_image025.jpg <-- CLIR.ORG Old Host /diglib/forums/fall2001/kurthetal_files v3_slide0020_image025.jpg
2003.10.06 17:30 B C:\Projects\CLIR\www.diglib.org\forums\fall2001\kurthetal_files\v3_slide0020_notes_pane.htm <-- CLIR.ORG Old Host /diglib/forums/fall2001/kurthetal_files v3_slide0020_notes_pane.htm
2003.10.06 17:30 B C:\Projects\CLIR\www.diglib.org\forums\fall2001\kurthetal_files\v3_slide0022.htm <-- CLIR.ORG Old Host /diglib/forums/fall2001/kurthetal_files v3_slide0022.htm
2003.10.06 17:30 B C:\Projects\CLIR\www.diglib.org\forums\fall2001\kurthetal_files\v3_slide0022_image027.jpg <-- CLIR.ORG Old Host /diglib/forums/fall2001/kurthetal_files v3_slide0022_image027.jpg
2003.10.06 17:30 B C:\Projects\CLIR\www.diglib.org\forums\fall2001\kurthetal_files\v3_slide0022_image028.jpg <-- CLIR.ORG Old Host /diglib/forums/fall2001/kurthetal_files v3_slide0022_image028.jpg
2003.10.06 17:30 B C:\Projects\CLIR\www.diglib.org\forums\fall2001\kurthetal_files\v3_slide0022_notes_pane.htm <-- CLIR.ORG Old Host /diglib/forums/fall2001/kurthetal_files v3_slide0022_notes_pane.htm
2003.10.06 17:30 B C:\Projects\CLIR\www.diglib.org\forums\fall2001\kurthetal_files\v3_slide0024.htm <-- CLIR.ORG Old Host /diglib/forums/fall2001/kurthetal_files v3_slide0024.htm
2003.10.06 17:30 B C:\Projects\CLIR\www.diglib.org\forums\fall2001\kurthetal_files\v3_slide0024_image030.jpg <-- CLIR.ORG Old Host /diglib/forums/fall2001/kurthetal_files v3_slide0024_image030.jpg
2003.10.06 17:30 B C:\Projects\CLIR\www.diglib.org\forums\fall2001\kurthetal_files\v3_slide0024_image031.jpg <-- CLIR.ORG Old Host /diglib/forums/fall2001/kurthetal_files v3_slide0024_image031.jpg
2003.10.06 17:30 B C:\Projects\CLIR\www.diglib.org\forums\fall2001\kurthetal_files\v3_slide0024_notes_pane.htm <-- CLIR.ORG Old Host /diglib/forums/fall2001/kurthetal_files v3_slide0024_notes_pane.htm
2003.10.06 17:30 B C:\Projects\CLIR\www.diglib.org\forums\fall2001\kurthetal_files\v3_slide0025.htm <-- CLIR.ORG Old Host /diglib/forums/fall2001/kurthetal_files v3_slide0025.htm
2003.10.06 17:30 B C:\Projects\CLIR\www.diglib.org\forums\fall2001\kurthetal_files\v3_slide0025_image032.jpg <-- CLIR.ORG Old Host /diglib/forums/fall2001/kurthetal_files v3_slide0025_image032.jpg
2003.10.06 17:30 B C:\Projects\CLIR\www.diglib.org\forums\fall2001\kurthetal_files\v3_slide0025_image033.gif <-- CLIR.ORG Old Host /diglib/forums/fall2001/kurthetal_files v3_slide0025_image033.gif
2003.10.06 17:30 B C:\Projects\CLIR\www.diglib.org\forums\fall2001\kurthetal_files\v3_slide0025_notes_pane.htm <-- CLIR.ORG Old Host /diglib/forums/fall2001/kurthetal_files v3_slide0025_notes_pane.htm
2003.10.06 17:30 B C:\Projects\CLIR\www.diglib.org\forums\fall2001\kurthetal_files\v3_slide0026.htm <-- CLIR.ORG Old Host /diglib/forums/fall2001/kurthetal_files v3_slide0026.htm
2003.10.06 17:30 B C:\Projects\CLIR\www.diglib.org\forums\fall2001\kurthetal_files\v3_slide0026_image034.jpg <-- CLIR.ORG Old Host /diglib/forums/fall2001/kurthetal_files v3_slide0026_image034.jpg
2003.10.06 17:30 B C:\Projects\CLIR\www.diglib.org\forums\fall2001\kurthetal_files\v3_slide0026_image035.gif <-- CLIR.ORG Old Host /diglib/forums/fall2001/kurthetal_files v3_slide0026_image035.gif
2003.10.06 17:30 B C:\Projects\CLIR\www.diglib.org\forums\fall2001\kurthetal_files\v3_slide0026_notes_pane.htm <-- CLIR.ORG Old Host /diglib/forums/fall2001/kurthetal_files v3_slide0026_notes_pane.htm
2003.10.06 17:31 B C:\Projects\CLIR\www.diglib.org\forums\fall2001\kurthetal_files\v3_slide0027.htm <-- CLIR.ORG Old Host /diglib/forums/fall2001/kurthetal_files v3_slide0027.htm
2003.10.06 17:31 B C:\Projects\CLIR\www.diglib.org\forums\fall2001\kurthetal_files\v3_slide0027_image036.jpg <-- CLIR.ORG Old Host /diglib/forums/fall2001/kurthetal_files v3_slide0027_image036.jpg
2003.10.06 17:31 B C:\Projects\CLIR\www.diglib.org\forums\fall2001\kurthetal_files\v3_slide0027_notes_pane.htm <-- CLIR.ORG Old Host /diglib/forums/fall2001/kurthetal_files v3_slide0027_notes_pane.htm
2003.10.06 17:31 B C:\Projects\CLIR\www.diglib.org\forums\fall2001\kurthetal_files\v3_slide0028.htm <-- CLIR.ORG Old Host /diglib/forums/fall2001/kurthetal_files v3_slide0028.htm
2003.10.06 17:31 B C:\Projects\CLIR\www.diglib.org\forums\fall2001\kurthetal_files\v3_slide0028_image026.jpg <-- CLIR.ORG Old Host /diglib/forums/fall2001/kurthetal_files v3_slide0028_image026.jpg
2003.10.06 17:31 B C:\Projects\CLIR\www.diglib.org\forums\fall2001\kurthetal_files\v3_slide0028_notes_pane.htm <-- CLIR.ORG Old Host /diglib/forums/fall2001/kurthetal_files v3_slide0028_notes_pane.htm
2003.10.06 17:31 B C:\Projects\CLIR\www.diglib.org\forums\fall2001\kurthetal_files\v3_slide0029.htm <-- CLIR.ORG Old Host /diglib/forums/fall2001/kurthetal_files v3_slide0029.htm
2003.10.06 17:31 B C:\Projects\CLIR\www.diglib.org\forums\fall2001\kurthetal_files\v3_slide0029_image029.jpg <-- CLIR.ORG Old Host /diglib/forums/fall2001/kurthetal_files v3_slide0029_image029.jpg
2003.10.06 17:31 B C:\Projects\CLIR\www.diglib.org\forums\fall2001\kurthetal_files\v3_slide0029_notes_pane.htm <-- CLIR.ORG Old Host /diglib/forums/fall2001/kurthetal_files v3_slide0029_notes_pane.htm
2003.10.06 17:31 B C:\Projects\CLIR\www.diglib.org\forums\fall2001\kurthetal_files\v3_space.gif <-- CLIR.ORG Old Host /diglib/forums/fall2001/kurthetal_files v3_space.gif
2003.10.07 10:08 B C:\Projects\CLIR\www.diglib.org\forums\fall2001\kurthetal_files\buttons.gif --> 205.252.29.47 /diglib/forums/fall2001/kurthetal_files buttons.gif
2003.10.07 10:08 B C:\Projects\CLIR\www.diglib.org\forums\fall2001\kurthetal_files\error.htm --> 205.252.29.47 /diglib/forums/fall2001/kurthetal_files error.htm
2003.10.07 10:08 B C:\Projects\CLIR\www.diglib.org\forums\fall2001\kurthetal_files\filelist.xml --> 205.252.29.47 /diglib/forums/fall2001/kurthetal_files filelist.xml
2003.10.07 10:08 B C:\Projects\CLIR\www.diglib.org\forums\fall2001\kurthetal_files\frame.htm --> 205.252.29.47 /diglib/forums/fall2001/kurthetal_files frame.htm
2003.10.07 10:08 B C:\Projects\CLIR\www.diglib.org\forums\fall2001\kurthetal_files\fullscreen.htm --> 205.252.29.47 /diglib/forums/fall2001/kurthetal_files fullscreen.htm
2003.10.07 10:08 B C:\Projects\CLIR\www.diglib.org\forums\fall2001\kurthetal_files\master01.htm --> 205.252.29.47 /diglib/forums/fall2001/kurthetal_files master01.htm
2003.10.07 10:08 B C:\Projects\CLIR\www.diglib.org\forums\fall2001\kurthetal_files\master02.htm --> 205.252.29.47 /diglib/forums/fall2001/kurthetal_files master02.htm
2003.10.07 10:08 B C:\Projects\CLIR\www.diglib.org\forums\fall2001\kurthetal_files\master03.htm --> 205.252.29.47 /diglib/forums/fall2001/kurthetal_files master03.htm
2003.10.07 10:08 B C:\Projects\CLIR\www.diglib.org\forums\fall2001\kurthetal_files\master03.xml --> 205.252.29.47 /diglib/forums/fall2001/kurthetal_files master03.xml
2003.10.07 10:08 B C:\Projects\CLIR\www.diglib.org\forums\fall2001\kurthetal_files\master03_stylesheet.css --> 205.252.29.47 /diglib/forums/fall2001/kurthetal_files master03_stylesheet.css
2003.10.07 10:08 B C:\Projects\CLIR\www.diglib.org\forums\fall2001\kurthetal_files\notes_flag.gif --> 205.252.29.47 /diglib/forums/fall2001/kurthetal_files notes_flag.gif
2003.10.07 10:08 B C:\Projects\CLIR\www.diglib.org\forums\fall2001\kurthetal_files\outline.htm --> 205.252.29.47 /diglib/forums/fall2001/kurthetal_files outline.htm
2003.10.07 10:08 B C:\Projects\CLIR\www.diglib.org\forums\fall2001\kurthetal_files\pres.xml --> 205.252.29.47 /diglib/forums/fall2001/kurthetal_files pres.xml
2003.10.07 10:08 B C:\Projects\CLIR\www.diglib.org\forums\fall2001\kurthetal_files\preview.wmf --> 205.252.29.47 /diglib/forums/fall2001/kurthetal_files preview.wmf
2003.10.07 10:08 B C:\Projects\CLIR\www.diglib.org\forums\fall2001\kurthetal_files\script.js --> 205.252.29.47 /diglib/forums/fall2001/kurthetal_files script.js
2003.10.07 10:08 B C:\Projects\CLIR\www.diglib.org\forums\fall2001\kurthetal_files\slide0003.htm --> 205.252.29.47 /diglib/forums/fall2001/kurthetal_files slide0003.htm
2003.10.07 10:08 B C:\Projects\CLIR\www.diglib.org\forums\fall2001\kurthetal_files\slide0003_image039.gif --> 205.252.29.47 /diglib/forums/fall2001/kurthetal_files slide0003_image039.gif
2003.10.07 10:08 B C:\Projects\CLIR\www.diglib.org\forums\fall2001\kurthetal_files\slide0004.htm --> 205.252.29.47 /diglib/forums/fall2001/kurthetal_files slide0004.htm
2003.10.07 10:08 B C:\Projects\CLIR\www.diglib.org\forums\fall2001\kurthetal_files\slide0004_image041.gif --> 205.252.29.47 /diglib/forums/fall2001/kurthetal_files slide0004_image041.gif
2003.10.07 10:08 B C:\Projects\CLIR\www.diglib.org\forums\fall2001\kurthetal_files\slide0005.htm --> 205.252.29.47 /diglib/forums/fall2001/kurthetal_files slide0005.htm
2003.10.07 10:08 B C:\Projects\CLIR\www.diglib.org\forums\fall2001\kurthetal_files\slide0005_image040.gif --> 205.252.29.47 /diglib/forums/fall2001/kurthetal_files slide0005_image040.gif
2003.10.07 10:08 B C:\Projects\CLIR\www.diglib.org\forums\fall2001\kurthetal_files\slide0006.htm --> 205.252.29.47 /diglib/forums/fall2001/kurthetal_files slide0006.htm
2003.10.07 10:08 B C:\Projects\CLIR\www.diglib.org\forums\fall2001\kurthetal_files\slide0006_image051.gif --> 205.252.29.47 /diglib/forums/fall2001/kurthetal_files slide0006_image051.gif
2003.10.07 10:08 B C:\Projects\CLIR\www.diglib.org\forums\fall2001\kurthetal_files\slide0006_image052.gif --> 205.252.29.47 /diglib/forums/fall2001/kurthetal_files slide0006_image052.gif
2003.10.07 10:08 B C:\Projects\CLIR\www.diglib.org\forums\fall2001\kurthetal_files\slide0007.htm --> 205.252.29.47 /diglib/forums/fall2001/kurthetal_files slide0007.htm
2003.10.07 10:08 B C:\Projects\CLIR\www.diglib.org\forums\fall2001\kurthetal_files\slide0007_image042.png --> 205.252.29.47 /diglib/forums/fall2001/kurthetal_files slide0007_image042.png
2003.10.07 10:08 B C:\Projects\CLIR\www.diglib.org\forums\fall2001\kurthetal_files\slide0007_image043.gif --> 205.252.29.47 /diglib/forums/fall2001/kurthetal_files slide0007_image043.gif
2003.10.07 10:08 B C:\Projects\CLIR\www.diglib.org\forums\fall2001\kurthetal_files\slide0007_image044.gif --> 205.252.29.47 /diglib/forums/fall2001/kurthetal_files slide0007_image044.gif
2003.10.07 10:08 B C:\Projects\CLIR\www.diglib.org\forums\fall2001\kurthetal_files\slide0008.htm --> 205.252.29.47 /diglib/forums/fall2001/kurthetal_files slide0008.htm
2003.10.07 10:08 B C:\Projects\CLIR\www.diglib.org\forums\fall2001\kurthetal_files\slide0008_image037.png --> 205.252.29.47 /diglib/forums/fall2001/kurthetal_files slide0008_image037.png
2003.10.07 10:08 B C:\Projects\CLIR\www.diglib.org\forums\fall2001\kurthetal_files\slide0008_image038.gif --> 205.252.29.47 /diglib/forums/fall2001/kurthetal_files slide0008_image038.gif
2003.10.07 10:08 B C:\Projects\CLIR\www.diglib.org\forums\fall2001\kurthetal_files\slide0013.htm --> 205.252.29.47 /diglib/forums/fall2001/kurthetal_files slide0013.htm
2003.10.07 10:08 B C:\Projects\CLIR\www.diglib.org\forums\fall2001\kurthetal_files\slide0013_image048.gif --> 205.252.29.47 /diglib/forums/fall2001/kurthetal_files slide0013_image048.gif
2003.10.07 10:08 B C:\Projects\CLIR\www.diglib.org\forums\fall2001\kurthetal_files\slide0013_image049.png --> 205.252.29.47 /diglib/forums/fall2001/kurthetal_files slide0013_image049.png
2003.10.07 10:08 B C:\Projects\CLIR\www.diglib.org\forums\fall2001\kurthetal_files\slide0013_image050.gif --> 205.252.29.47 /diglib/forums/fall2001/kurthetal_files slide0013_image050.gif
2003.10.07 10:08 B C:\Projects\CLIR\www.diglib.org\forums\fall2001\kurthetal_files\slide0014.htm --> 205.252.29.47 /diglib/forums/fall2001/kurthetal_files slide0014.htm
2003.10.07 10:08 B C:\Projects\CLIR\www.diglib.org\forums\fall2001\kurthetal_files\slide0014_image045.gif --> 205.252.29.47 /diglib/forums/fall2001/kurthetal_files slide0014_image045.gif
2003.10.07 10:08 B C:\Projects\CLIR\www.diglib.org\forums\fall2001\kurthetal_files\slide0014_image046.png --> 205.252.29.47 /diglib/forums/fall2001/kurthetal_files slide0014_image046.png
2003.10.07 10:08 B C:\Projects\CLIR\www.diglib.org\forums\fall2001\kurthetal_files\slide0014_image047.gif --> 205.252.29.47 /diglib/forums/fall2001/kurthetal_files slide0014_image047.gif
2003.10.07 10:08 B C:\Projects\CLIR\www.diglib.org\forums\fall2001\kurthetal_files\slide0016.htm --> 205.252.29.47 /diglib/forums/fall2001/kurthetal_files slide0016.htm
2003.10.07 10:08 B C:\Projects\CLIR\www.diglib.org\forums\fall2001\kurthetal_files\slide0016_image053.jpg --> 205.252.29.47 /diglib/forums/fall2001/kurthetal_files slide0016_image053.jpg
2003.10.07 10:08 B C:\Projects\CLIR\www.diglib.org\forums\fall2001\kurthetal_files\slide0016_image054.jpg --> 205.252.29.47 /diglib/forums/fall2001/kurthetal_files slide0016_image054.jpg
2003.10.07 10:08 B C:\Projects\CLIR\www.diglib.org\forums\fall2001\kurthetal_files\slide0016_image055.jpg --> 205.252.29.47 /diglib/forums/fall2001/kurthetal_files slide0016_image055.jpg
2003.10.07 10:08 B C:\Projects\CLIR\www.diglib.org\forums\fall2001\kurthetal_files\slide0016_image056.jpg --> 205.252.29.47 /diglib/forums/fall2001/kurthetal_files slide0016_image056.jpg
2003.10.07 10:08 B C:\Projects\CLIR\www.diglib.org\forums\fall2001\kurthetal_files\slide0016_image057.gif --> 205.252.29.47 /diglib/forums/fall2001/kurthetal_files slide0016_image057.gif
2003.10.07 10:08 B C:\Projects\CLIR\www.diglib.org\forums\fall2001\kurthetal_files\slide0017.htm --> 205.252.29.47 /diglib/forums/fall2001/kurthetal_files slide0017.htm
2003.10.07 10:08 B C:\Projects\CLIR\www.diglib.org\forums\fall2001\kurthetal_files\slide0017_image058.png --> 205.252.29.47 /diglib/forums/fall2001/kurthetal_files slide0017_image058.png
2003.10.07 10:08 B C:\Projects\CLIR\www.diglib.org\forums\fall2001\kurthetal_files\slide0017_image059.jpg --> 205.252.29.47 /diglib/forums/fall2001/kurthetal_files slide0017_image059.jpg
2003.10.07 10:08 B C:\Projects\CLIR\www.diglib.org\forums\fall2001\kurthetal_files\slide0017_image060.gif --> 205.252.29.47 /diglib/forums/fall2001/kurthetal_files slide0017_image060.gif
2003.10.07 10:08 B C:\Projects\CLIR\www.diglib.org\forums\fall2001\kurthetal_files\slide0018.htm --> 205.252.29.47 /diglib/forums/fall2001/kurthetal_files slide0018.htm
2003.10.07 10:08 B C:\Projects\CLIR\www.diglib.org\forums\fall2001\kurthetal_files\slide0018_image061.png --> 205.252.29.47 /diglib/forums/fall2001/kurthetal_files slide0018_image061.png
2003.10.07 10:08 B C:\Projects\CLIR\www.diglib.org\forums\fall2001\kurthetal_files\slide0018_image062.jpg --> 205.252.29.47 /diglib/forums/fall2001/kurthetal_files slide0018_image062.jpg
2003.10.07 10:08 B C:\Projects\CLIR\www.diglib.org\forums\fall2001\kurthetal_files\slide0018_image063.gif --> 205.252.29.47 /diglib/forums/fall2001/kurthetal_files slide0018_image063.gif
2003.10.07 10:08 B C:\Projects\CLIR\www.diglib.org\forums\fall2001\kurthetal_files\slide0019.htm --> 205.252.29.47 /diglib/forums/fall2001/kurthetal_files slide0019.htm
2003.10.07 10:08 B C:\Projects\CLIR\www.diglib.org\forums\fall2001\kurthetal_files\slide0019_image064.png --> 205.252.29.47 /diglib/forums/fall2001/kurthetal_files slide0019_image064.png
2003.10.07 10:08 B C:\Projects\CLIR\www.diglib.org\forums\fall2001\kurthetal_files\slide0019_image065.jpg --> 205.252.29.47 /diglib/forums/fall2001/kurthetal_files slide0019_image065.jpg
2003.10.07 10:08 B C:\Projects\CLIR\www.diglib.org\forums\fall2001\kurthetal_files\slide0019_image066.gif --> 205.252.29.47 /diglib/forums/fall2001/kurthetal_files slide0019_image066.gif
2003.10.07 10:08 B C:\Projects\CLIR\www.diglib.org\forums\fall2001\kurthetal_files\slide0020.htm --> 205.252.29.47 /diglib/forums/fall2001/kurthetal_files slide0020.htm
2003.10.07 10:08 B C:\Projects\CLIR\www.diglib.org\forums\fall2001\kurthetal_files\slide0020_image067.png --> 205.252.29.47 /diglib/forums/fall2001/kurthetal_files slide0020_image067.png
2003.10.07 10:08 B C:\Projects\CLIR\www.diglib.org\forums\fall2001\kurthetal_files\slide0020_image068.jpg --> 205.252.29.47 /diglib/forums/fall2001/kurthetal_files slide0020_image068.jpg
2003.10.07 10:08 B C:\Projects\CLIR\www.diglib.org\forums\fall2001\kurthetal_files\slide0020_image069.gif --> 205.252.29.47 /diglib/forums/fall2001/kurthetal_files slide0020_image069.gif
2003.10.07 10:08 B C:\Projects\CLIR\www.diglib.org\forums\fall2001\kurthetal_files\slide0022.htm --> 205.252.29.47 /diglib/forums/fall2001/kurthetal_files slide0022.htm
2003.10.07 10:08 B C:\Projects\CLIR\www.diglib.org\forums\fall2001\kurthetal_files\slide0022_image071.png --> 205.252.29.47 /diglib/forums/fall2001/kurthetal_files slide0022_image071.png
2003.10.07 10:08 B C:\Projects\CLIR\www.diglib.org\forums\fall2001\kurthetal_files\slide0022_image072.jpg --> 205.252.29.47 /diglib/forums/fall2001/kurthetal_files slide0022_image072.jpg
2003.10.07 10:08 B C:\Projects\CLIR\www.diglib.org\forums\fall2001\kurthetal_files\slide0022_image073.gif --> 205.252.29.47 /diglib/forums/fall2001/kurthetal_files slide0022_image073.gif
2003.10.07 10:08 B C:\Projects\CLIR\www.diglib.org\forums\fall2001\kurthetal_files\slide0024.htm --> 205.252.29.47 /diglib/forums/fall2001/kurthetal_files slide0024.htm
2003.10.07 10:08 B C:\Projects\CLIR\www.diglib.org\forums\fall2001\kurthetal_files\slide0024_image075.png --> 205.252.29.47 /diglib/forums/fall2001/kurthetal_files slide0024_image075.png
2003.10.07 10:08 B C:\Projects\CLIR\www.diglib.org\forums\fall2001\kurthetal_files\slide0024_image076.jpg --> 205.252.29.47 /diglib/forums/fall2001/kurthetal_files slide0024_image076.jpg
2003.10.07 10:08 B C:\Projects\CLIR\www.diglib.org\forums\fall2001\kurthetal_files\slide0024_image077.gif --> 205.252.29.47 /diglib/forums/fall2001/kurthetal_files slide0024_image077.gif
2003.10.07 10:08 B C:\Projects\CLIR\www.diglib.org\forums\fall2001\kurthetal_files\slide0025.htm --> 205.252.29.47 /diglib/forums/fall2001/kurthetal_files slide0025.htm
2003.10.07 10:08 B C:\Projects\CLIR\www.diglib.org\forums\fall2001\kurthetal_files\slide0025_image078.gif --> 205.252.29.47 /diglib/forums/fall2001/kurthetal_files slide0025_image078.gif
2003.10.07 10:08 B C:\Projects\CLIR\www.diglib.org\forums\fall2001\kurthetal_files\slide0026.htm --> 205.252.29.47 /diglib/forums/fall2001/kurthetal_files slide0026.htm
2003.10.07 10:08 B C:\Projects\CLIR\www.diglib.org\forums\fall2001\kurthetal_files\slide0026_image079.gif --> 205.252.29.47 /diglib/forums/fall2001/kurthetal_files slide0026_image079.gif
2003.10.07 10:08 B C:\Projects\CLIR\www.diglib.org\forums\fall2001\kurthetal_files\slide0027.htm --> 205.252.29.47 /diglib/forums/fall2001/kurthetal_files slide0027.htm
2003.10.07 10:08 B C:\Projects\CLIR\www.diglib.org\forums\fall2001\kurthetal_files\slide0027_image080.gif --> 205.252.29.47 /diglib/forums/fall2001/kurthetal_files slide0027_image080.gif
2003.10.07 10:08 B C:\Projects\CLIR\www.diglib.org\forums\fall2001\kurthetal_files\slide0028.htm --> 205.252.29.47 /diglib/forums/fall2001/kurthetal_files slide0028.htm
2003.10.07 10:08 B C:\Projects\CLIR\www.diglib.org\forums\fall2001\kurthetal_files\slide0028_image070.gif --> 205.252.29.47 /diglib/forums/fall2001/kurthetal_files slide0028_image070.gif
2003.10.07 10:08 B C:\Projects\CLIR\www.diglib.org\forums\fall2001\kurthetal_files\slide0029.htm --> 205.252.29.47 /diglib/forums/fall2001/kurthetal_files slide0029.htm
2003.10.07 10:08 B C:\Projects\CLIR\www.diglib.org\forums\fall2001\kurthetal_files\slide0029_image074.gif --> 205.252.29.47 /diglib/forums/fall2001/kurthetal_files slide0029_image074.gif
2003.10.07 10:08 B C:\Projects\CLIR\www.diglib.org\forums\fall2001\kurthetal_files\v3_document.htm --> 205.252.29.47 /diglib/forums/fall2001/kurthetal_files v3_document.htm
2003.10.07 10:08 B C:\Projects\CLIR\www.diglib.org\forums\fall2001\kurthetal_files\v3_endshow.htm --> 205.252.29.47 /diglib/forums/fall2001/kurthetal_files v3_endshow.htm
2003.10.07 10:08 B C:\Projects\CLIR\www.diglib.org\forums\fall2001\kurthetal_files\v3_navigation_bar.htm --> 205.252.29.47 /diglib/forums/fall2001/kurthetal_files v3_navigation_bar.htm
2003.10.07 10:08 B C:\Projects\CLIR\www.diglib.org\forums\fall2001\kurthetal_files\v3_next_active.gif --> 205.252.29.47 /diglib/forums/fall2001/kurthetal_files v3_next_active.gif
2003.10.07 10:08 B C:\Projects\CLIR\www.diglib.org\forums\fall2001\kurthetal_files\v3_next_disabled.gif --> 205.252.29.47 /diglib/forums/fall2001/kurthetal_files v3_next_disabled.gif
2003.10.07 10:08 B C:\Projects\CLIR\www.diglib.org\forums\fall2001\kurthetal_files\v3_outline_collapse.gif --> 205.252.29.47 /diglib/forums/fall2001/kurthetal_files v3_outline_collapse.gif
2003.10.07 10:08 B C:\Projects\CLIR\www.diglib.org\forums\fall2001\kurthetal_files\v3_outline_collapsed.htm --> 205.252.29.47 /diglib/forums/fall2001/kurthetal_files v3_outline_collapsed.htm
2003.10.07 10:08 B C:\Projects\CLIR\www.diglib.org\forums\fall2001\kurthetal_files\v3_outline_expand.gif --> 205.252.29.47 /diglib/forums/fall2001/kurthetal_files v3_outline_expand.gif
2003.10.07 10:08 B C:\Projects\CLIR\www.diglib.org\forums\fall2001\kurthetal_files\v3_outline_expanded.htm --> 205.252.29.47 /diglib/forums/fall2001/kurthetal_files v3_outline_expanded.htm
2003.10.07 10:08 B C:\Projects\CLIR\www.diglib.org\forums\fall2001\kurthetal_files\v3_outline_navigation_bar.htm --> 205.252.29.47 /diglib/forums/fall2001/kurthetal_files v3_outline_navigation_bar.htm
2003.10.07 10:08 B C:\Projects\CLIR\www.diglib.org\forums\fall2001\kurthetal_files\v3_prev_active.gif --> 205.252.29.47 /diglib/forums/fall2001/kurthetal_files v3_prev_active.gif
2003.10.07 10:08 B C:\Projects\CLIR\www.diglib.org\forums\fall2001\kurthetal_files\v3_prev_disabled.gif --> 205.252.29.47 /diglib/forums/fall2001/kurthetal_files v3_prev_disabled.gif
2003.10.07 10:08 B C:\Projects\CLIR\www.diglib.org\forums\fall2001\kurthetal_files\v3_slide0003.htm --> 205.252.29.47 /diglib/forums/fall2001/kurthetal_files v3_slide0003.htm
2003.10.07 10:08 B C:\Projects\CLIR\www.diglib.org\forums\fall2001\kurthetal_files\v3_slide0003_image002.jpg --> 205.252.29.47 /diglib/forums/fall2001/kurthetal_files v3_slide0003_image002.jpg
2003.10.07 10:08 B C:\Projects\CLIR\www.diglib.org\forums\fall2001\kurthetal_files\v3_slide0003_notes_pane.htm --> 205.252.29.47 /diglib/forums/fall2001/kurthetal_files v3_slide0003_notes_pane.htm
2003.10.07 10:08 B C:\Projects\CLIR\www.diglib.org\forums\fall2001\kurthetal_files\v3_slide0004.htm --> 205.252.29.47 /diglib/forums/fall2001/kurthetal_files v3_slide0004.htm
2003.10.07 10:08 B C:\Projects\CLIR\www.diglib.org\forums\fall2001\kurthetal_files\v3_slide0004_image004.jpg --> 205.252.29.47 /diglib/forums/fall2001/kurthetal_files v3_slide0004_image004.jpg
2003.10.07 10:08 B C:\Projects\CLIR\www.diglib.org\forums\fall2001\kurthetal_files\v3_slide0004_notes_pane.htm --> 205.252.29.47 /diglib/forums/fall2001/kurthetal_files v3_slide0004_notes_pane.htm
2003.10.07 10:08 B C:\Projects\CLIR\www.diglib.org\forums\fall2001\kurthetal_files\v3_slide0005.htm --> 205.252.29.47 /diglib/forums/fall2001/kurthetal_files v3_slide0005.htm
2003.10.07 10:08 B C:\Projects\CLIR\www.diglib.org\forums\fall2001\kurthetal_files\v3_slide0005_image003.jpg --> 205.252.29.47 /diglib/forums/fall2001/kurthetal_files v3_slide0005_image003.jpg
2003.10.07 10:08 B C:\Projects\CLIR\www.diglib.org\forums\fall2001\kurthetal_files\v3_slide0005_notes_pane.htm --> 205.252.29.47 /diglib/forums/fall2001/kurthetal_files v3_slide0005_notes_pane.htm
2003.10.07 10:08 B C:\Projects\CLIR\www.diglib.org\forums\fall2001\kurthetal_files\v3_slide0006.htm --> 205.252.29.47 /diglib/forums/fall2001/kurthetal_files v3_slide0006.htm
2003.10.07 10:08 B C:\Projects\CLIR\www.diglib.org\forums\fall2001\kurthetal_files\v3_slide0006_background.gif --> 205.252.29.47 /diglib/forums/fall2001/kurthetal_files v3_slide0006_background.gif
2003.10.07 10:08 B C:\Projects\CLIR\www.diglib.org\forums\fall2001\kurthetal_files\v3_slide0006_image008.jpg --> 205.252.29.47 /diglib/forums/fall2001/kurthetal_files v3_slide0006_image008.jpg
2003.10.07 10:08 B C:\Projects\CLIR\www.diglib.org\forums\fall2001\kurthetal_files\v3_slide0006_image009.gif --> 205.252.29.47 /diglib/forums/fall2001/kurthetal_files v3_slide0006_image009.gif
2003.10.07 10:08 B C:\Projects\CLIR\www.diglib.org\forums\fall2001\kurthetal_files\v3_slide0006_image010.gif --> 205.252.29.47 /diglib/forums/fall2001/kurthetal_files v3_slide0006_image010.gif
2003.10.07 10:08 B C:\Projects\CLIR\www.diglib.org\forums\fall2001\kurthetal_files\v3_slide0006_image011.gif --> 205.252.29.47 /diglib/forums/fall2001/kurthetal_files v3_slide0006_image011.gif
2003.10.07 10:08 B C:\Projects\CLIR\www.diglib.org\forums\fall2001\kurthetal_files\v3_slide0006_image012.gif --> 205.252.29.47 /diglib/forums/fall2001/kurthetal_files v3_slide0006_image012.gif
2003.10.07 10:08 B C:\Projects\CLIR\www.diglib.org\forums\fall2001\kurthetal_files\v3_slide0006_image013.gif --> 205.252.29.47 /diglib/forums/fall2001/kurthetal_files v3_slide0006_image013.gif
2003.10.07 10:08 B C:\Projects\CLIR\www.diglib.org\forums\fall2001\kurthetal_files\v3_slide0006_notes_pane.htm --> 205.252.29.47 /diglib/forums/fall2001/kurthetal_files v3_slide0006_notes_pane.htm
2003.10.07 10:08 B C:\Projects\CLIR\www.diglib.org\forums\fall2001\kurthetal_files\v3_slide0007.htm --> 205.252.29.47 /diglib/forums/fall2001/kurthetal_files v3_slide0007.htm
2003.10.07 10:08 B C:\Projects\CLIR\www.diglib.org\forums\fall2001\kurthetal_files\v3_slide0007_background.gif --> 205.252.29.47 /diglib/forums/fall2001/kurthetal_files v3_slide0007_background.gif
2003.10.07 10:08 B C:\Projects\CLIR\www.diglib.org\forums\fall2001\kurthetal_files\v3_slide0007_notes_pane.htm --> 205.252.29.47 /diglib/forums/fall2001/kurthetal_files v3_slide0007_notes_pane.htm
2003.10.07 10:08 B C:\Projects\CLIR\www.diglib.org\forums\fall2001\kurthetal_files\v3_slide0008.htm --> 205.252.29.47 /diglib/forums/fall2001/kurthetal_files v3_slide0008.htm
2003.10.07 10:08 B C:\Projects\CLIR\www.diglib.org\forums\fall2001\kurthetal_files\v3_slide0008_image001.jpg --> 205.252.29.47 /diglib/forums/fall2001/kurthetal_files v3_slide0008_image001.jpg
2003.10.07 10:08 B C:\Projects\CLIR\www.diglib.org\forums\fall2001\kurthetal_files\v3_slide0008_notes_pane.htm --> 205.252.29.47 /diglib/forums/fall2001/kurthetal_files v3_slide0008_notes_pane.htm
2003.10.07 10:08 B C:\Projects\CLIR\www.diglib.org\forums\fall2001\kurthetal_files\v3_slide0013.htm --> 205.252.29.47 /diglib/forums/fall2001/kurthetal_files v3_slide0013.htm
2003.10.07 10:08 B C:\Projects\CLIR\www.diglib.org\forums\fall2001\kurthetal_files\v3_slide0013_background.jpg --> 205.252.29.47 /diglib/forums/fall2001/kurthetal_files v3_slide0013_background.jpg
2003.10.07 10:08 B C:\Projects\CLIR\www.diglib.org\forums\fall2001\kurthetal_files\v3_slide0013_image007.gif --> 205.252.29.47 /diglib/forums/fall2001/kurthetal_files v3_slide0013_image007.gif
2003.10.07 10:08 B C:\Projects\CLIR\www.diglib.org\forums\fall2001\kurthetal_files\v3_slide0013_notes_pane.htm --> 205.252.29.47 /diglib/forums/fall2001/kurthetal_files v3_slide0013_notes_pane.htm
2003.10.07 10:08 B C:\Projects\CLIR\www.diglib.org\forums\fall2001\kurthetal_files\v3_slide0014.htm --> 205.252.29.47 /diglib/forums/fall2001/kurthetal_files v3_slide0014.htm
2003.10.07 10:08 B C:\Projects\CLIR\www.diglib.org\forums\fall2001\kurthetal_files\v3_slide0014_image005.jpg --> 205.252.29.47 /diglib/forums/fall2001/kurthetal_files v3_slide0014_image005.jpg
2003.10.07 10:08 B C:\Projects\CLIR\www.diglib.org\forums\fall2001\kurthetal_files\v3_slide0014_image006.gif --> 205.252.29.47 /diglib/forums/fall2001/kurthetal_files v3_slide0014_image006.gif
2003.10.07 10:08 B C:\Projects\CLIR\www.diglib.org\forums\fall2001\kurthetal_files\v3_slide0014_notes_pane.htm --> 205.252.29.47 /diglib/forums/fall2001/kurthetal_files v3_slide0014_notes_pane.htm
2003.10.07 10:08 B C:\Projects\CLIR\www.diglib.org\forums\fall2001\kurthetal_files\v3_slide0016.htm --> 205.252.29.47 /diglib/forums/fall2001/kurthetal_files v3_slide0016.htm
2003.10.07 10:08 B C:\Projects\CLIR\www.diglib.org\forums\fall2001\kurthetal_files\v3_slide0016_image014.jpg --> 205.252.29.47 /diglib/forums/fall2001/kurthetal_files v3_slide0016_image014.jpg
2003.10.07 10:08 B C:\Projects\CLIR\www.diglib.org\forums\fall2001\kurthetal_files\v3_slide0016_image015.jpg --> 205.252.29.47 /diglib/forums/fall2001/kurthetal_files v3_slide0016_image015.jpg
2003.10.07 10:08 B C:\Projects\CLIR\www.diglib.org\forums\fall2001\kurthetal_files\v3_slide0016_image016.jpg --> 205.252.29.47 /diglib/forums/fall2001/kurthetal_files v3_slide0016_image016.jpg
2003.10.07 10:08 B C:\Projects\CLIR\www.diglib.org\forums\fall2001\kurthetal_files\v3_slide0016_image017.gif --> 205.252.29.47 /diglib/forums/fall2001/kurthetal_files v3_slide0016_image017.gif
2003.10.07 10:08 B C:\Projects\CLIR\www.diglib.org\forums\fall2001\kurthetal_files\v3_slide0016_image018.gif --> 205.252.29.47 /diglib/forums/fall2001/kurthetal_files v3_slide0016_image018.gif
2003.10.07 10:08 B C:\Projects\CLIR\www.diglib.org\forums\fall2001\kurthetal_files\v3_slide0016_notes_pane.htm --> 205.252.29.47 /diglib/forums/fall2001/kurthetal_files v3_slide0016_notes_pane.htm
2003.10.07 10:08 B C:\Projects\CLIR\www.diglib.org\forums\fall2001\kurthetal_files\v3_slide0017.htm --> 205.252.29.47 /diglib/forums/fall2001/kurthetal_files v3_slide0017.htm
2003.10.07 10:08 B C:\Projects\CLIR\www.diglib.org\forums\fall2001\kurthetal_files\v3_slide0017_image019.jpg --> 205.252.29.47 /diglib/forums/fall2001/kurthetal_files v3_slide0017_image019.jpg
2003.10.07 10:08 B C:\Projects\CLIR\www.diglib.org\forums\fall2001\kurthetal_files\v3_slide0017_image020.jpg --> 205.252.29.47 /diglib/forums/fall2001/kurthetal_files v3_slide0017_image020.jpg
2003.10.07 10:08 B C:\Projects\CLIR\www.diglib.org\forums\fall2001\kurthetal_files\v3_slide0017_notes_pane.htm --> 205.252.29.47 /diglib/forums/fall2001/kurthetal_files v3_slide0017_notes_pane.htm
2003.10.07 10:08 B C:\Projects\CLIR\www.diglib.org\forums\fall2001\kurthetal_files\v3_slide0018.htm --> 205.252.29.47 /diglib/forums/fall2001/kurthetal_files v3_slide0018.htm
2003.10.07 10:08 B C:\Projects\CLIR\www.diglib.org\forums\fall2001\kurthetal_files\v3_slide0018_image021.jpg --> 205.252.29.47 /diglib/forums/fall2001/kurthetal_files v3_slide0018_image021.jpg
2003.10.07 10:08 B C:\Projects\CLIR\www.diglib.org\forums\fall2001\kurthetal_files\v3_slide0018_image022.jpg --> 205.252.29.47 /diglib/forums/fall2001/kurthetal_files v3_slide0018_image022.jpg
2003.10.07 10:08 B C:\Projects\CLIR\www.diglib.org\forums\fall2001\kurthetal_files\v3_slide0018_notes_pane.htm --> 205.252.29.47 /diglib/forums/fall2001/kurthetal_files v3_slide0018_notes_pane.htm
2003.10.07 10:08 B C:\Projects\CLIR\www.diglib.org\forums\fall2001\kurthetal_files\v3_slide0019.htm --> 205.252.29.47 /diglib/forums/fall2001/kurthetal_files v3_slide0019.htm
2003.10.07 10:08 B C:\Projects\CLIR\www.diglib.org\forums\fall2001\kurthetal_files\v3_slide0019_background.jpg --> 205.252.29.47 /diglib/forums/fall2001/kurthetal_files v3_slide0019_background.jpg
2003.10.07 10:08 B C:\Projects\CLIR\www.diglib.org\forums\fall2001\kurthetal_files\v3_slide0019_image023.jpg --> 205.252.29.47 /diglib/forums/fall2001/kurthetal_files v3_slide0019_image023.jpg
2003.10.07 10:08 B C:\Projects\CLIR\www.diglib.org\forums\fall2001\kurthetal_files\v3_slide0019_notes_pane.htm --> 205.252.29.47 /diglib/forums/fall2001/kurthetal_files v3_slide0019_notes_pane.htm
2003.10.07 10:08 B C:\Projects\CLIR\www.diglib.org\forums\fall2001\kurthetal_files\v3_slide0020.htm --> 205.252.29.47 /diglib/forums/fall2001/kurthetal_files v3_slide0020.htm
2003.10.07 10:08 B C:\Projects\CLIR\www.diglib.org\forums\fall2001\kurthetal_files\v3_slide0020_image024.jpg --> 205.252.29.47 /diglib/forums/fall2001/kurthetal_files v3_slide0020_image024.jpg
2003.10.07 10:08 B C:\Projects\CLIR\www.diglib.org\forums\fall2001\kurthetal_files\v3_slide0020_image025.jpg --> 205.252.29.47 /diglib/forums/fall2001/kurthetal_files v3_slide0020_image025.jpg
2003.10.07 10:08 B C:\Projects\CLIR\www.diglib.org\forums\fall2001\kurthetal_files\v3_slide0020_notes_pane.htm --> 205.252.29.47 /diglib/forums/fall2001/kurthetal_files v3_slide0020_notes_pane.htm
2003.10.07 10:08 B C:\Projects\CLIR\www.diglib.org\forums\fall2001\kurthetal_files\v3_slide0022.htm --> 205.252.29.47 /diglib/forums/fall2001/kurthetal_files v3_slide0022.htm
2003.10.07 10:08 B C:\Projects\CLIR\www.diglib.org\forums\fall2001\kurthetal_files\v3_slide0022_image027.jpg --> 205.252.29.47 /diglib/forums/fall2001/kurthetal_files v3_slide0022_image027.jpg
2003.10.07 10:08 B C:\Projects\CLIR\www.diglib.org\forums\fall2001\kurthetal_files\v3_slide0022_image028.jpg --> 205.252.29.47 /diglib/forums/fall2001/kurthetal_files v3_slide0022_image028.jpg
2003.10.07 10:08 B C:\Projects\CLIR\www.diglib.org\forums\fall2001\kurthetal_files\v3_slide0022_notes_pane.htm --> 205.252.29.47 /diglib/forums/fall2001/kurthetal_files v3_slide0022_notes_pane.htm
2003.10.07 10:08 B C:\Projects\CLIR\www.diglib.org\forums\fall2001\kurthetal_files\v3_slide0024.htm --> 205.252.29.47 /diglib/forums/fall2001/kurthetal_files v3_slide0024.htm
2003.10.07 10:08 B C:\Projects\CLIR\www.diglib.org\forums\fall2001\kurthetal_files\v3_slide0024_image030.jpg --> 205.252.29.47 /diglib/forums/fall2001/kurthetal_files v3_slide0024_image030.jpg
2003.10.07 10:08 B C:\Projects\CLIR\www.diglib.org\forums\fall2001\kurthetal_files\v3_slide0024_image031.jpg --> 205.252.29.47 /diglib/forums/fall2001/kurthetal_files v3_slide0024_image031.jpg
2003.10.07 10:08 B C:\Projects\CLIR\www.diglib.org\forums\fall2001\kurthetal_files\v3_slide0024_notes_pane.htm --> 205.252.29.47 /diglib/forums/fall2001/kurthetal_files v3_slide0024_notes_pane.htm
2003.10.07 10:08 B C:\Projects\CLIR\www.diglib.org\forums\fall2001\kurthetal_files\v3_slide0025.htm --> 205.252.29.47 /diglib/forums/fall2001/kurthetal_files v3_slide0025.htm
2003.10.07 10:08 B C:\Projects\CLIR\www.diglib.org\forums\fall2001\kurthetal_files\v3_slide0025_image032.jpg --> 205.252.29.47 /diglib/forums/fall2001/kurthetal_files v3_slide0025_image032.jpg
2003.10.07 10:08 B C:\Projects\CLIR\www.diglib.org\forums\fall2001\kurthetal_files\v3_slide0025_image033.gif --> 205.252.29.47 /diglib/forums/fall2001/kurthetal_files v3_slide0025_image033.gif
2003.10.07 10:08 B C:\Projects\CLIR\www.diglib.org\forums\fall2001\kurthetal_files\v3_slide0025_notes_pane.htm --> 205.252.29.47 /diglib/forums/fall2001/kurthetal_files v3_slide0025_notes_pane.htm
2003.10.07 10:08 B C:\Projects\CLIR\www.diglib.org\forums\fall2001\kurthetal_files\v3_slide0026.htm --> 205.252.29.47 /diglib/forums/fall2001/kurthetal_files v3_slide0026.htm
2003.10.07 10:08 B C:\Projects\CLIR\www.diglib.org\forums\fall2001\kurthetal_files\v3_slide0026_image034.jpg --> 205.252.29.47 /diglib/forums/fall2001/kurthetal_files v3_slide0026_image034.jpg
2003.10.07 10:08 B C:\Projects\CLIR\www.diglib.org\forums\fall2001\kurthetal_files\v3_slide0026_image035.gif --> 205.252.29.47 /diglib/forums/fall2001/kurthetal_files v3_slide0026_image035.gif
2003.10.07 10:08 B C:\Projects\CLIR\www.diglib.org\forums\fall2001\kurthetal_files\v3_slide0026_notes_pane.htm --> 205.252.29.47 /diglib/forums/fall2001/kurthetal_files v3_slide0026_notes_pane.htm
2003.10.07 10:08 B C:\Projects\CLIR\www.diglib.org\forums\fall2001\kurthetal_files\v3_slide0027.htm --> 205.252.29.47 /diglib/forums/fall2001/kurthetal_files v3_slide0027.htm
2003.10.07 10:08 B C:\Projects\CLIR\www.diglib.org\forums\fall2001\kurthetal_files\v3_slide0027_image036.jpg --> 205.252.29.47 /diglib/forums/fall2001/kurthetal_files v3_slide0027_image036.jpg
2003.10.07 10:08 B C:\Projects\CLIR\www.diglib.org\forums\fall2001\kurthetal_files\v3_slide0027_notes_pane.htm --> 205.252.29.47 /diglib/forums/fall2001/kurthetal_files v3_slide0027_notes_pane.htm
2003.10.07 10:08 B C:\Projects\CLIR\www.diglib.org\forums\fall2001\kurthetal_files\v3_slide0028.htm --> 205.252.29.47 /diglib/forums/fall2001/kurthetal_files v3_slide0028.htm
2003.10.07 10:08 B C:\Projects\CLIR\www.diglib.org\forums\fall2001\kurthetal_files\v3_slide0028_image026.jpg --> 205.252.29.47 /diglib/forums/fall2001/kurthetal_files v3_slide0028_image026.jpg
2003.10.07 10:08 B C:\Projects\CLIR\www.diglib.org\forums\fall2001\kurthetal_files\v3_slide0028_notes_pane.htm --> 205.252.29.47 /diglib/forums/fall2001/kurthetal_files v3_slide0028_notes_pane.htm
2003.10.07 10:09 B C:\Projects\CLIR\www.diglib.org\forums\fall2001\kurthetal_files\v3_slide0029.htm --> 205.252.29.47 /diglib/forums/fall2001/kurthetal_files v3_slide0029.htm
2003.10.07 10:09 B C:\Projects\CLIR\www.diglib.org\forums\fall2001\kurthetal_files\v3_slide0029_image029.jpg --> 205.252.29.47 /diglib/forums/fall2001/kurthetal_files v3_slide0029_image029.jpg
2003.10.07 10:09 B C:\Projects\CLIR\www.diglib.org\forums\fall2001\kurthetal_files\v3_slide0029_notes_pane.htm --> 205.252.29.47 /diglib/forums/fall2001/kurthetal_files v3_slide0029_notes_pane.htm
2003.10.07 10:09 B C:\Projects\CLIR\www.diglib.org\forums\fall2001\kurthetal_files\v3_space.gif --> 205.252.29.47 /diglib/forums/fall2001/kurthetal_files v3_space.gif
2003.10.07 10:09 B C:\Projects\CLIR\www.diglib.org\forums\fall2001\kurthetal_files\WS_FTP.LOG --> 205.252.29.47 /diglib/forums/fall2001/kurthetal_files WS_FTP.LOG
2003.10.07 11:23 B C:\Projects\CLIR\www.diglib.org\forums\fall2001\kurthetal_files\buttons.gif --> 205.252.29.47 /diglib/forums/fall2001/kurthetal_files buttons.gif
2003.10.07 11:23 B C:\Projects\CLIR\www.diglib.org\forums\fall2001\kurthetal_files\error.htm --> 205.252.29.47 /diglib/forums/fall2001/kurthetal_files error.htm
2003.10.07 11:23 B C:\Projects\CLIR\www.diglib.org\forums\fall2001\kurthetal_files\filelist.xml --> 205.252.29.47 /diglib/forums/fall2001/kurthetal_files filelist.xml
2003.10.07 11:23 B C:\Projects\CLIR\www.diglib.org\forums\fall2001\kurthetal_files\frame.htm --> 205.252.29.47 /diglib/forums/fall2001/kurthetal_files frame.htm
2003.10.07 11:23 B C:\Projects\CLIR\www.diglib.org\forums\fall2001\kurthetal_files\fullscreen.htm --> 205.252.29.47 /diglib/forums/fall2001/kurthetal_files fullscreen.htm
2003.10.07 11:23 B C:\Projects\CLIR\www.diglib.org\forums\fall2001\kurthetal_files\master01.htm --> 205.252.29.47 /diglib/forums/fall2001/kurthetal_files master01.htm
2003.10.07 11:23 B C:\Projects\CLIR\www.diglib.org\forums\fall2001\kurthetal_files\master02.htm --> 205.252.29.47 /diglib/forums/fall2001/kurthetal_files master02.htm
2003.10.07 11:23 B C:\Projects\CLIR\www.diglib.org\forums\fall2001\kurthetal_files\master03.htm --> 205.252.29.47 /diglib/forums/fall2001/kurthetal_files master03.htm
2003.10.07 11:23 B C:\Projects\CLIR\www.diglib.org\forums\fall2001\kurthetal_files\master03.xml --> 205.252.29.47 /diglib/forums/fall2001/kurthetal_files master03.xml
2003.10.07 11:23 B C:\Projects\CLIR\www.diglib.org\forums\fall2001\kurthetal_files\master03_stylesheet.css --> 205.252.29.47 /diglib/forums/fall2001/kurthetal_files master03_stylesheet.css
2003.10.07 11:23 B C:\Projects\CLIR\www.diglib.org\forums\fall2001\kurthetal_files\notes_flag.gif --> 205.252.29.47 /diglib/forums/fall2001/kurthetal_files notes_flag.gif
2003.10.07 11:23 B C:\Projects\CLIR\www.diglib.org\forums\fall2001\kurthetal_files\outline.htm --> 205.252.29.47 /diglib/forums/fall2001/kurthetal_files outline.htm
2003.10.07 11:23 B C:\Projects\CLIR\www.diglib.org\forums\fall2001\kurthetal_files\pres.xml --> 205.252.29.47 /diglib/forums/fall2001/kurthetal_files pres.xml
2003.10.07 11:23 B C:\Projects\CLIR\www.diglib.org\forums\fall2001\kurthetal_files\preview.wmf --> 205.252.29.47 /diglib/forums/fall2001/kurthetal_files preview.wmf
2003.10.07 11:23 B C:\Projects\CLIR\www.diglib.org\forums\fall2001\kurthetal_files\script.js --> 205.252.29.47 /diglib/forums/fall2001/kurthetal_files script.js
2003.10.07 11:23 B C:\Projects\CLIR\www.diglib.org\forums\fall2001\kurthetal_files\slide0003.htm --> 205.252.29.47 /diglib/forums/fall2001/kurthetal_files slide0003.htm
2003.10.07 11:23 B C:\Projects\CLIR\www.diglib.org\forums\fall2001\kurthetal_files\slide0003_image039.gif --> 205.252.29.47 /diglib/forums/fall2001/kurthetal_files slide0003_image039.gif
2003.10.07 11:23 B C:\Projects\CLIR\www.diglib.org\forums\fall2001\kurthetal_files\slide0004.htm --> 205.252.29.47 /diglib/forums/fall2001/kurthetal_files slide0004.htm
2003.10.07 11:23 B C:\Projects\CLIR\www.diglib.org\forums\fall2001\kurthetal_files\slide0004_image041.gif --> 205.252.29.47 /diglib/forums/fall2001/kurthetal_files slide0004_image041.gif
2003.10.07 11:23 B C:\Projects\CLIR\www.diglib.org\forums\fall2001\kurthetal_files\slide0005.htm --> 205.252.29.47 /diglib/forums/fall2001/kurthetal_files slide0005.htm
2003.10.07 11:23 B C:\Projects\CLIR\www.diglib.org\forums\fall2001\kurthetal_files\slide0005_image040.gif --> 205.252.29.47 /diglib/forums/fall2001/kurthetal_files slide0005_image040.gif
2003.10.07 11:23 B C:\Projects\CLIR\www.diglib.org\forums\fall2001\kurthetal_files\slide0006.htm --> 205.252.29.47 /diglib/forums/fall2001/kurthetal_files slide0006.htm
2003.10.07 11:23 B C:\Projects\CLIR\www.diglib.org\forums\fall2001\kurthetal_files\slide0006_image051.gif --> 205.252.29.47 /diglib/forums/fall2001/kurthetal_files slide0006_image051.gif
2003.10.07 11:23 B C:\Projects\CLIR\www.diglib.org\forums\fall2001\kurthetal_files\slide0006_image052.gif --> 205.252.29.47 /diglib/forums/fall2001/kurthetal_files slide0006_image052.gif
2003.10.07 11:23 B C:\Projects\CLIR\www.diglib.org\forums\fall2001\kurthetal_files\slide0007.htm --> 205.252.29.47 /diglib/forums/fall2001/kurthetal_files slide0007.htm
2003.10.07 11:23 B C:\Projects\CLIR\www.diglib.org\forums\fall2001\kurthetal_files\slide0007_image042.png --> 205.252.29.47 /diglib/forums/fall2001/kurthetal_files slide0007_image042.png
2003.10.07 11:23 B C:\Projects\CLIR\www.diglib.org\forums\fall2001\kurthetal_files\slide0007_image043.gif --> 205.252.29.47 /diglib/forums/fall2001/kurthetal_files slide0007_image043.gif
2003.10.07 11:23 B C:\Projects\CLIR\www.diglib.org\forums\fall2001\kurthetal_files\slide0007_image044.gif --> 205.252.29.47 /diglib/forums/fall2001/kurthetal_files slide0007_image044.gif
2003.10.07 11:23 B C:\Projects\CLIR\www.diglib.org\forums\fall2001\kurthetal_files\slide0008.htm --> 205.252.29.47 /diglib/forums/fall2001/kurthetal_files slide0008.htm
2003.10.07 11:23 B C:\Projects\CLIR\www.diglib.org\forums\fall2001\kurthetal_files\slide0008_image037.png --> 205.252.29.47 /diglib/forums/fall2001/kurthetal_files slide0008_image037.png
2003.10.07 11:23 B C:\Projects\CLIR\www.diglib.org\forums\fall2001\kurthetal_files\slide0008_image038.gif --> 205.252.29.47 /diglib/forums/fall2001/kurthetal_files slide0008_image038.gif
2003.10.07 11:23 B C:\Projects\CLIR\www.diglib.org\forums\fall2001\kurthetal_files\slide0013.htm --> 205.252.29.47 /diglib/forums/fall2001/kurthetal_files slide0013.htm
2003.10.07 11:23 B C:\Projects\CLIR\www.diglib.org\forums\fall2001\kurthetal_files\slide0013_image048.gif --> 205.252.29.47 /diglib/forums/fall2001/kurthetal_files slide0013_image048.gif
2003.10.07 11:23 B C:\Projects\CLIR\www.diglib.org\forums\fall2001\kurthetal_files\slide0013_image049.png --> 205.252.29.47 /diglib/forums/fall2001/kurthetal_files slide0013_image049.png
2003.10.07 11:23 B C:\Projects\CLIR\www.diglib.org\forums\fall2001\kurthetal_files\slide0013_image050.gif --> 205.252.29.47 /diglib/forums/fall2001/kurthetal_files slide0013_image050.gif
2003.10.07 11:23 B C:\Projects\CLIR\www.diglib.org\forums\fall2001\kurthetal_files\slide0014.htm --> 205.252.29.47 /diglib/forums/fall2001/kurthetal_files slide0014.htm
2003.10.07 11:23 B C:\Projects\CLIR\www.diglib.org\forums\fall2001\kurthetal_files\slide0014_image045.gif --> 205.252.29.47 /diglib/forums/fall2001/kurthetal_files slide0014_image045.gif
2003.10.07 11:23 B C:\Projects\CLIR\www.diglib.org\forums\fall2001\kurthetal_files\slide0014_image046.png --> 205.252.29.47 /diglib/forums/fall2001/kurthetal_files slide0014_image046.png
2003.10.07 11:23 B C:\Projects\CLIR\www.diglib.org\forums\fall2001\kurthetal_files\slide0014_image047.gif --> 205.252.29.47 /diglib/forums/fall2001/kurthetal_files slide0014_image047.gif
2003.10.07 11:23 B C:\Projects\CLIR\www.diglib.org\forums\fall2001\kurthetal_files\slide0016.htm --> 205.252.29.47 /diglib/forums/fall2001/kurthetal_files slide0016.htm
2003.10.07 11:23 B C:\Projects\CLIR\www.diglib.org\forums\fall2001\kurthetal_files\slide0016_image053.jpg --> 205.252.29.47 /diglib/forums/fall2001/kurthetal_files slide0016_image053.jpg
2003.10.07 11:23 B C:\Projects\CLIR\www.diglib.org\forums\fall2001\kurthetal_files\slide0016_image054.jpg --> 205.252.29.47 /diglib/forums/fall2001/kurthetal_files slide0016_image054.jpg
2003.10.07 11:23 B C:\Projects\CLIR\www.diglib.org\forums\fall2001\kurthetal_files\slide0016_image055.jpg --> 205.252.29.47 /diglib/forums/fall2001/kurthetal_files slide0016_image055.jpg
2003.10.07 11:23 B C:\Projects\CLIR\www.diglib.org\forums\fall2001\kurthetal_files\slide0016_image056.jpg --> 205.252.29.47 /diglib/forums/fall2001/kurthetal_files slide0016_image056.jpg
2003.10.07 11:23 B C:\Projects\CLIR\www.diglib.org\forums\fall2001\kurthetal_files\slide0016_image057.gif --> 205.252.29.47 /diglib/forums/fall2001/kurthetal_files slide0016_image057.gif
2003.10.07 11:23 B C:\Projects\CLIR\www.diglib.org\forums\fall2001\kurthetal_files\slide0017.htm --> 205.252.29.47 /diglib/forums/fall2001/kurthetal_files slide0017.htm
2003.10.07 11:23 B C:\Projects\CLIR\www.diglib.org\forums\fall2001\kurthetal_files\slide0017_image058.png --> 205.252.29.47 /diglib/forums/fall2001/kurthetal_files slide0017_image058.png
2003.10.07 11:23 B C:\Projects\CLIR\www.diglib.org\forums\fall2001\kurthetal_files\slide0017_image059.jpg --> 205.252.29.47 /diglib/forums/fall2001/kurthetal_files slide0017_image059.jpg
2003.10.07 11:23 B C:\Projects\CLIR\www.diglib.org\forums\fall2001\kurthetal_files\slide0017_image060.gif --> 205.252.29.47 /diglib/forums/fall2001/kurthetal_files slide0017_image060.gif
2003.10.07 11:24 B C:\Projects\CLIR\www.diglib.org\forums\fall2001\kurthetal_files\slide0018.htm --> 205.252.29.47 /diglib/forums/fall2001/kurthetal_files slide0018.htm
2003.10.07 11:24 B C:\Projects\CLIR\www.diglib.org\forums\fall2001\kurthetal_files\slide0018_image061.png --> 205.252.29.47 /diglib/forums/fall2001/kurthetal_files slide0018_image061.png
2003.10.07 11:24 B C:\Projects\CLIR\www.diglib.org\forums\fall2001\kurthetal_files\slide0018_image062.jpg --> 205.252.29.47 /diglib/forums/fall2001/kurthetal_files slide0018_image062.jpg
2003.10.07 11:24 B C:\Projects\CLIR\www.diglib.org\forums\fall2001\kurthetal_files\slide0018_image063.gif --> 205.252.29.47 /diglib/forums/fall2001/kurthetal_files slide0018_image063.gif
2003.10.07 11:24 B C:\Projects\CLIR\www.diglib.org\forums\fall2001\kurthetal_files\slide0019.htm --> 205.252.29.47 /diglib/forums/fall2001/kurthetal_files slide0019.htm
2003.10.07 11:24 B C:\Projects\CLIR\www.diglib.org\forums\fall2001\kurthetal_files\slide0019_image064.png --> 205.252.29.47 /diglib/forums/fall2001/kurthetal_files slide0019_image064.png
2003.10.07 11:24 B C:\Projects\CLIR\www.diglib.org\forums\fall2001\kurthetal_files\slide0019_image065.jpg --> 205.252.29.47 /diglib/forums/fall2001/kurthetal_files slide0019_image065.jpg
2003.10.07 11:24 B C:\Projects\CLIR\www.diglib.org\forums\fall2001\kurthetal_files\slide0019_image066.gif --> 205.252.29.47 /diglib/forums/fall2001/kurthetal_files slide0019_image066.gif
2003.10.07 11:24 B C:\Projects\CLIR\www.diglib.org\forums\fall2001\kurthetal_files\slide0020.htm --> 205.252.29.47 /diglib/forums/fall2001/kurthetal_files slide0020.htm
2003.10.07 11:24 B C:\Projects\CLIR\www.diglib.org\forums\fall2001\kurthetal_files\slide0020_image067.png --> 205.252.29.47 /diglib/forums/fall2001/kurthetal_files slide0020_image067.png
2003.10.07 11:24 B C:\Projects\CLIR\www.diglib.org\forums\fall2001\kurthetal_files\slide0020_image068.jpg --> 205.252.29.47 /diglib/forums/fall2001/kurthetal_files slide0020_image068.jpg
2003.10.07 11:24 B C:\Projects\CLIR\www.diglib.org\forums\fall2001\kurthetal_files\slide0020_image069.gif --> 205.252.29.47 /diglib/forums/fall2001/kurthetal_files slide0020_image069.gif
2003.10.07 11:24 B C:\Projects\CLIR\www.diglib.org\forums\fall2001\kurthetal_files\slide0022.htm --> 205.252.29.47 /diglib/forums/fall2001/kurthetal_files slide0022.htm
2003.10.07 11:24 B C:\Projects\CLIR\www.diglib.org\forums\fall2001\kurthetal_files\slide0022_image071.png --> 205.252.29.47 /diglib/forums/fall2001/kurthetal_files slide0022_image071.png
2003.10.07 11:24 B C:\Projects\CLIR\www.diglib.org\forums\fall2001\kurthetal_files\slide0022_image072.jpg --> 205.252.29.47 /diglib/forums/fall2001/kurthetal_files slide0022_image072.jpg
2003.10.07 11:24 B C:\Projects\CLIR\www.diglib.org\forums\fall2001\kurthetal_files\slide0022_image073.gif --> 205.252.29.47 /diglib/forums/fall2001/kurthetal_files slide0022_image073.gif
2003.10.07 11:24 B C:\Projects\CLIR\www.diglib.org\forums\fall2001\kurthetal_files\slide0024.htm --> 205.252.29.47 /diglib/forums/fall2001/kurthetal_files slide0024.htm
2003.10.07 11:24 B C:\Projects\CLIR\www.diglib.org\forums\fall2001\kurthetal_files\slide0024_image075.png --> 205.252.29.47 /diglib/forums/fall2001/kurthetal_files slide0024_image075.png
2003.10.07 11:24 B C:\Projects\CLIR\www.diglib.org\forums\fall2001\kurthetal_files\slide0024_image076.jpg --> 205.252.29.47 /diglib/forums/fall2001/kurthetal_files slide0024_image076.jpg
2003.10.07 11:24 B C:\Projects\CLIR\www.diglib.org\forums\fall2001\kurthetal_files\slide0024_image077.gif --> 205.252.29.47 /diglib/forums/fall2001/kurthetal_files slide0024_image077.gif
2003.10.07 11:24 B C:\Projects\CLIR\www.diglib.org\forums\fall2001\kurthetal_files\slide0025.htm --> 205.252.29.47 /diglib/forums/fall2001/kurthetal_files slide0025.htm
2003.10.07 11:24 B C:\Projects\CLIR\www.diglib.org\forums\fall2001\kurthetal_files\slide0025_image078.gif --> 205.252.29.47 /diglib/forums/fall2001/kurthetal_files slide0025_image078.gif
2003.10.07 11:24 B C:\Projects\CLIR\www.diglib.org\forums\fall2001\kurthetal_files\slide0026.htm --> 205.252.29.47 /diglib/forums/fall2001/kurthetal_files slide0026.htm
2003.10.07 11:24 B C:\Projects\CLIR\www.diglib.org\forums\fall2001\kurthetal_files\slide0026_image079.gif --> 205.252.29.47 /diglib/forums/fall2001/kurthetal_files slide0026_image079.gif
2003.10.07 11:24 B C:\Projects\CLIR\www.diglib.org\forums\fall2001\kurthetal_files\slide0027.htm --> 205.252.29.47 /diglib/forums/fall2001/kurthetal_files slide0027.htm
2003.10.07 11:24 B C:\Projects\CLIR\www.diglib.org\forums\fall2001\kurthetal_files\slide0027_image080.gif --> 205.252.29.47 /diglib/forums/fall2001/kurthetal_files slide0027_image080.gif
2003.10.07 11:24 B C:\Projects\CLIR\www.diglib.org\forums\fall2001\kurthetal_files\slide0028.htm --> 205.252.29.47 /diglib/forums/fall2001/kurthetal_files slide0028.htm
2003.10.07 11:24 B C:\Projects\CLIR\www.diglib.org\forums\fall2001\kurthetal_files\slide0028_image070.gif --> 205.252.29.47 /diglib/forums/fall2001/kurthetal_files slide0028_image070.gif
2003.10.07 11:24 B C:\Projects\CLIR\www.diglib.org\forums\fall2001\kurthetal_files\slide0029.htm --> 205.252.29.47 /diglib/forums/fall2001/kurthetal_files slide0029.htm
2003.10.07 11:24 B C:\Projects\CLIR\www.diglib.org\forums\fall2001\kurthetal_files\slide0029_image074.gif --> 205.252.29.47 /diglib/forums/fall2001/kurthetal_files slide0029_image074.gif
2003.10.07 11:24 B C:\Projects\CLIR\www.diglib.org\forums\fall2001\kurthetal_files\v3_document.htm --> 205.252.29.47 /diglib/forums/fall2001/kurthetal_files v3_document.htm
2003.10.07 11:24 B C:\Projects\CLIR\www.diglib.org\forums\fall2001\kurthetal_files\v3_endshow.htm --> 205.252.29.47 /diglib/forums/fall2001/kurthetal_files v3_endshow.htm
2003.10.07 11:24 B C:\Projects\CLIR\www.diglib.org\forums\fall2001\kurthetal_files\v3_navigation_bar.htm --> 205.252.29.47 /diglib/forums/fall2001/kurthetal_files v3_navigation_bar.htm
2003.10.07 11:24 B C:\Projects\CLIR\www.diglib.org\forums\fall2001\kurthetal_files\v3_next_active.gif --> 205.252.29.47 /diglib/forums/fall2001/kurthetal_files v3_next_active.gif
2003.10.07 11:24 B C:\Projects\CLIR\www.diglib.org\forums\fall2001\kurthetal_files\v3_next_disabled.gif --> 205.252.29.47 /diglib/forums/fall2001/kurthetal_files v3_next_disabled.gif
2003.10.07 11:24 B C:\Projects\CLIR\www.diglib.org\forums\fall2001\kurthetal_files\v3_outline_collapse.gif --> 205.252.29.47 /diglib/forums/fall2001/kurthetal_files v3_outline_collapse.gif
2003.10.07 11:24 B C:\Projects\CLIR\www.diglib.org\forums\fall2001\kurthetal_files\v3_outline_collapsed.htm --> 205.252.29.47 /diglib/forums/fall2001/kurthetal_files v3_outline_collapsed.htm
2003.10.07 11:24 B C:\Projects\CLIR\www.diglib.org\forums\fall2001\kurthetal_files\v3_outline_expand.gif --> 205.252.29.47 /diglib/forums/fall2001/kurthetal_files v3_outline_expand.gif
2003.10.07 11:24 B C:\Projects\CLIR\www.diglib.org\forums\fall2001\kurthetal_files\v3_outline_expanded.htm --> 205.252.29.47 /diglib/forums/fall2001/kurthetal_files v3_outline_expanded.htm
2003.10.07 11:24 B C:\Projects\CLIR\www.diglib.org\forums\fall2001\kurthetal_files\v3_outline_navigation_bar.htm --> 205.252.29.47 /diglib/forums/fall2001/kurthetal_files v3_outline_navigation_bar.htm
2003.10.07 11:24 B C:\Projects\CLIR\www.diglib.org\forums\fall2001\kurthetal_files\v3_prev_active.gif --> 205.252.29.47 /diglib/forums/fall2001/kurthetal_files v3_prev_active.gif
2003.10.07 11:24 B C:\Projects\CLIR\www.diglib.org\forums\fall2001\kurthetal_files\v3_prev_disabled.gif --> 205.252.29.47 /diglib/forums/fall2001/kurthetal_files v3_prev_disabled.gif
2003.10.07 11:24 B C:\Projects\CLIR\www.diglib.org\forums\fall2001\kurthetal_files\v3_slide0003.htm --> 205.252.29.47 /diglib/forums/fall2001/kurthetal_files v3_slide0003.htm
2003.10.07 11:24 B C:\Projects\CLIR\www.diglib.org\forums\fall2001\kurthetal_files\v3_slide0003_image002.jpg --> 205.252.29.47 /diglib/forums/fall2001/kurthetal_files v3_slide0003_image002.jpg
2003.10.07 11:24 B C:\Projects\CLIR\www.diglib.org\forums\fall2001\kurthetal_files\v3_slide0003_notes_pane.htm --> 205.252.29.47 /diglib/forums/fall2001/kurthetal_files v3_slide0003_notes_pane.htm
2003.10.07 11:24 B C:\Projects\CLIR\www.diglib.org\forums\fall2001\kurthetal_files\v3_slide0004.htm --> 205.252.29.47 /diglib/forums/fall2001/kurthetal_files v3_slide0004.htm
2003.10.07 11:24 B C:\Projects\CLIR\www.diglib.org\forums\fall2001\kurthetal_files\v3_slide0004_image004.jpg --> 205.252.29.47 /diglib/forums/fall2001/kurthetal_files v3_slide0004_image004.jpg
2003.10.07 11:24 B C:\Projects\CLIR\www.diglib.org\forums\fall2001\kurthetal_files\v3_slide0004_notes_pane.htm --> 205.252.29.47 /diglib/forums/fall2001/kurthetal_files v3_slide0004_notes_pane.htm
2003.10.07 11:24 B C:\Projects\CLIR\www.diglib.org\forums\fall2001\kurthetal_files\v3_slide0005.htm --> 205.252.29.47 /diglib/forums/fall2001/kurthetal_files v3_slide0005.htm
2003.10.07 11:24 B C:\Projects\CLIR\www.diglib.org\forums\fall2001\kurthetal_files\v3_slide0005_image003.jpg --> 205.252.29.47 /diglib/forums/fall2001/kurthetal_files v3_slide0005_image003.jpg
2003.10.07 11:24 B C:\Projects\CLIR\www.diglib.org\forums\fall2001\kurthetal_files\v3_slide0005_notes_pane.htm --> 205.252.29.47 /diglib/forums/fall2001/kurthetal_files v3_slide0005_notes_pane.htm
2003.10.07 11:24 B C:\Projects\CLIR\www.diglib.org\forums\fall2001\kurthetal_files\v3_slide0006.htm --> 205.252.29.47 /diglib/forums/fall2001/kurthetal_files v3_slide0006.htm
2003.10.07 11:24 B C:\Projects\CLIR\www.diglib.org\forums\fall2001\kurthetal_files\v3_slide0006_background.gif --> 205.252.29.47 /diglib/forums/fall2001/kurthetal_files v3_slide0006_background.gif
2003.10.07 11:24 B C:\Projects\CLIR\www.diglib.org\forums\fall2001\kurthetal_files\v3_slide0006_image008.jpg --> 205.252.29.47 /diglib/forums/fall2001/kurthetal_files v3_slide0006_image008.jpg
2003.10.07 11:24 B C:\Projects\CLIR\www.diglib.org\forums\fall2001\kurthetal_files\v3_slide0006_image009.gif --> 205.252.29.47 /diglib/forums/fall2001/kurthetal_files v3_slide0006_image009.gif
2003.10.07 11:24 B C:\Projects\CLIR\www.diglib.org\forums\fall2001\kurthetal_files\v3_slide0006_image010.gif --> 205.252.29.47 /diglib/forums/fall2001/kurthetal_files v3_slide0006_image010.gif
2003.10.07 11:24 B C:\Projects\CLIR\www.diglib.org\forums\fall2001\kurthetal_files\v3_slide0006_image011.gif --> 205.252.29.47 /diglib/forums/fall2001/kurthetal_files v3_slide0006_image011.gif
2003.10.07 11:24 B C:\Projects\CLIR\www.diglib.org\forums\fall2001\kurthetal_files\v3_slide0006_image012.gif --> 205.252.29.47 /diglib/forums/fall2001/kurthetal_files v3_slide0006_image012.gif
2003.10.07 11:24 B C:\Projects\CLIR\www.diglib.org\forums\fall2001\kurthetal_files\v3_slide0006_image013.gif --> 205.252.29.47 /diglib/forums/fall2001/kurthetal_files v3_slide0006_image013.gif
2003.10.07 11:24 B C:\Projects\CLIR\www.diglib.org\forums\fall2001\kurthetal_files\v3_slide0006_notes_pane.htm --> 205.252.29.47 /diglib/forums/fall2001/kurthetal_files v3_slide0006_notes_pane.htm
2003.10.07 11:24 B C:\Projects\CLIR\www.diglib.org\forums\fall2001\kurthetal_files\v3_slide0007.htm --> 205.252.29.47 /diglib/forums/fall2001/kurthetal_files v3_slide0007.htm
2003.10.07 11:24 B C:\Projects\CLIR\www.diglib.org\forums\fall2001\kurthetal_files\v3_slide0007_background.gif --> 205.252.29.47 /diglib/forums/fall2001/kurthetal_files v3_slide0007_background.gif
2003.10.07 11:24 B C:\Projects\CLIR\www.diglib.org\forums\fall2001\kurthetal_files\v3_slide0007_notes_pane.htm --> 205.252.29.47 /diglib/forums/fall2001/kurthetal_files v3_slide0007_notes_pane.htm
2003.10.07 11:24 B C:\Projects\CLIR\www.diglib.org\forums\fall2001\kurthetal_files\v3_slide0008.htm --> 205.252.29.47 /diglib/forums/fall2001/kurthetal_files v3_slide0008.htm
2003.10.07 11:24 B C:\Projects\CLIR\www.diglib.org\forums\fall2001\kurthetal_files\v3_slide0008_image001.jpg --> 205.252.29.47 /diglib/forums/fall2001/kurthetal_files v3_slide0008_image001.jpg
2003.10.07 11:24 B C:\Projects\CLIR\www.diglib.org\forums\fall2001\kurthetal_files\v3_slide0008_notes_pane.htm --> 205.252.29.47 /diglib/forums/fall2001/kurthetal_files v3_slide0008_notes_pane.htm
2003.10.07 11:24 B C:\Projects\CLIR\www.diglib.org\forums\fall2001\kurthetal_files\v3_slide0013.htm --> 205.252.29.47 /diglib/forums/fall2001/kurthetal_files v3_slide0013.htm
2003.10.07 11:24 B C:\Projects\CLIR\www.diglib.org\forums\fall2001\kurthetal_files\v3_slide0013_background.jpg --> 205.252.29.47 /diglib/forums/fall2001/kurthetal_files v3_slide0013_background.jpg
2003.10.07 11:24 B C:\Projects\CLIR\www.diglib.org\forums\fall2001\kurthetal_files\v3_slide0013_image007.gif --> 205.252.29.47 /diglib/forums/fall2001/kurthetal_files v3_slide0013_image007.gif
2003.10.07 11:24 B C:\Projects\CLIR\www.diglib.org\forums\fall2001\kurthetal_files\v3_slide0013_notes_pane.htm --> 205.252.29.47 /diglib/forums/fall2001/kurthetal_files v3_slide0013_notes_pane.htm
2003.10.07 11:24 B C:\Projects\CLIR\www.diglib.org\forums\fall2001\kurthetal_files\v3_slide0014.htm --> 205.252.29.47 /diglib/forums/fall2001/kurthetal_files v3_slide0014.htm
2003.10.07 11:24 B C:\Projects\CLIR\www.diglib.org\forums\fall2001\kurthetal_files\v3_slide0014_image005.jpg --> 205.252.29.47 /diglib/forums/fall2001/kurthetal_files v3_slide0014_image005.jpg
2003.10.07 11:24 B C:\Projects\CLIR\www.diglib.org\forums\fall2001\kurthetal_files\v3_slide0014_image006.gif --> 205.252.29.47 /diglib/forums/fall2001/kurthetal_files v3_slide0014_image006.gif
2003.10.07 11:24 B C:\Projects\CLIR\www.diglib.org\forums\fall2001\kurthetal_files\v3_slide0014_notes_pane.htm --> 205.252.29.47 /diglib/forums/fall2001/kurthetal_files v3_slide0014_notes_pane.htm
2003.10.07 11:24 B C:\Projects\CLIR\www.diglib.org\forums\fall2001\kurthetal_files\v3_slide0016.htm --> 205.252.29.47 /diglib/forums/fall2001/kurthetal_files v3_slide0016.htm
2003.10.07 11:24 B C:\Projects\CLIR\www.diglib.org\forums\fall2001\kurthetal_files\v3_slide0016_image014.jpg --> 205.252.29.47 /diglib/forums/fall2001/kurthetal_files v3_slide0016_image014.jpg
2003.10.07 11:24 B C:\Projects\CLIR\www.diglib.org\forums\fall2001\kurthetal_files\v3_slide0016_image015.jpg --> 205.252.29.47 /diglib/forums/fall2001/kurthetal_files v3_slide0016_image015.jpg
2003.10.07 11:24 B C:\Projects\CLIR\www.diglib.org\forums\fall2001\kurthetal_files\v3_slide0016_image016.jpg --> 205.252.29.47 /diglib/forums/fall2001/kurthetal_files v3_slide0016_image016.jpg
2003.10.07 11:24 B C:\Projects\CLIR\www.diglib.org\forums\fall2001\kurthetal_files\v3_slide0016_image017.gif --> 205.252.29.47 /diglib/forums/fall2001/kurthetal_files v3_slide0016_image017.gif
2003.10.07 11:24 B C:\Projects\CLIR\www.diglib.org\forums\fall2001\kurthetal_files\v3_slide0016_image018.gif --> 205.252.29.47 /diglib/forums/fall2001/kurthetal_files v3_slide0016_image018.gif
2003.10.07 11:24 B C:\Projects\CLIR\www.diglib.org\forums\fall2001\kurthetal_files\v3_slide0016_notes_pane.htm --> 205.252.29.47 /diglib/forums/fall2001/kurthetal_files v3_slide0016_notes_pane.htm
2003.10.07 11:24 B C:\Projects\CLIR\www.diglib.org\forums\fall2001\kurthetal_files\v3_slide0017.htm --> 205.252.29.47 /diglib/forums/fall2001/kurthetal_files v3_slide0017.htm
2003.10.07 11:24 B C:\Projects\CLIR\www.diglib.org\forums\fall2001\kurthetal_files\v3_slide0017_image019.jpg --> 205.252.29.47 /diglib/forums/fall2001/kurthetal_files v3_slide0017_image019.jpg
2003.10.07 11:24 B C:\Projects\CLIR\www.diglib.org\forums\fall2001\kurthetal_files\v3_slide0017_image020.jpg --> 205.252.29.47 /diglib/forums/fall2001/kurthetal_files v3_slide0017_image020.jpg
2003.10.07 11:24 B C:\Projects\CLIR\www.diglib.org\forums\fall2001\kurthetal_files\v3_slide0017_notes_pane.htm --> 205.252.29.47 /diglib/forums/fall2001/kurthetal_files v3_slide0017_notes_pane.htm
2003.10.07 11:24 B C:\Projects\CLIR\www.diglib.org\forums\fall2001\kurthetal_files\v3_slide0018.htm --> 205.252.29.47 /diglib/forums/fall2001/kurthetal_files v3_slide0018.htm
2003.10.07 11:24 B C:\Projects\CLIR\www.diglib.org\forums\fall2001\kurthetal_files\v3_slide0018_image021.jpg --> 205.252.29.47 /diglib/forums/fall2001/kurthetal_files v3_slide0018_image021.jpg
2003.10.07 11:24 B C:\Projects\CLIR\www.diglib.org\forums\fall2001\kurthetal_files\v3_slide0018_image022.jpg --> 205.252.29.47 /diglib/forums/fall2001/kurthetal_files v3_slide0018_image022.jpg
2003.10.07 11:24 B C:\Projects\CLIR\www.diglib.org\forums\fall2001\kurthetal_files\v3_slide0018_notes_pane.htm --> 205.252.29.47 /diglib/forums/fall2001/kurthetal_files v3_slide0018_notes_pane.htm
2003.10.07 11:24 B C:\Projects\CLIR\www.diglib.org\forums\fall2001\kurthetal_files\v3_slide0019.htm --> 205.252.29.47 /diglib/forums/fall2001/kurthetal_files v3_slide0019.htm
2003.10.07 11:24 B C:\Projects\CLIR\www.diglib.org\forums\fall2001\kurthetal_files\v3_slide0019_background.jpg --> 205.252.29.47 /diglib/forums/fall2001/kurthetal_files v3_slide0019_background.jpg
2003.10.07 11:24 B C:\Projects\CLIR\www.diglib.org\forums\fall2001\kurthetal_files\v3_slide0019_image023.jpg --> 205.252.29.47 /diglib/forums/fall2001/kurthetal_files v3_slide0019_image023.jpg
2003.10.07 11:24 B C:\Projects\CLIR\www.diglib.org\forums\fall2001\kurthetal_files\v3_slide0019_notes_pane.htm --> 205.252.29.47 /diglib/forums/fall2001/kurthetal_files v3_slide0019_notes_pane.htm
2003.10.07 11:24 B C:\Projects\CLIR\www.diglib.org\forums\fall2001\kurthetal_files\v3_slide0020.htm --> 205.252.29.47 /diglib/forums/fall2001/kurthetal_files v3_slide0020.htm
2003.10.07 11:24 B C:\Projects\CLIR\www.diglib.org\forums\fall2001\kurthetal_files\v3_slide0020_image024.jpg --> 205.252.29.47 /diglib/forums/fall2001/kurthetal_files v3_slide0020_image024.jpg
2003.10.07 11:24 B C:\Projects\CLIR\www.diglib.org\forums\fall2001\kurthetal_files\v3_slide0020_image025.jpg --> 205.252.29.47 /diglib/forums/fall2001/kurthetal_files v3_slide0020_image025.jpg
2003.10.07 11:24 B C:\Projects\CLIR\www.diglib.org\forums\fall2001\kurthetal_files\v3_slide0020_notes_pane.htm --> 205.252.29.47 /diglib/forums/fall2001/kurthetal_files v3_slide0020_notes_pane.htm
2003.10.07 11:24 B C:\Projects\CLIR\www.diglib.org\forums\fall2001\kurthetal_files\v3_slide0022.htm --> 205.252.29.47 /diglib/forums/fall2001/kurthetal_files v3_slide0022.htm
2003.10.07 11:24 B C:\Projects\CLIR\www.diglib.org\forums\fall2001\kurthetal_files\v3_slide0022_image027.jpg --> 205.252.29.47 /diglib/forums/fall2001/kurthetal_files v3_slide0022_image027.jpg
2003.10.07 11:24 B C:\Projects\CLIR\www.diglib.org\forums\fall2001\kurthetal_files\v3_slide0022_image028.jpg --> 205.252.29.47 /diglib/forums/fall2001/kurthetal_files v3_slide0022_image028.jpg
2003.10.07 11:24 B C:\Projects\CLIR\www.diglib.org\forums\fall2001\kurthetal_files\v3_slide0022_notes_pane.htm --> 205.252.29.47 /diglib/forums/fall2001/kurthetal_files v3_slide0022_notes_pane.htm
2003.10.07 11:24 B C:\Projects\CLIR\www.diglib.org\forums\fall2001\kurthetal_files\v3_slide0024.htm --> 205.252.29.47 /diglib/forums/fall2001/kurthetal_files v3_slide0024.htm
2003.10.07 11:24 B C:\Projects\CLIR\www.diglib.org\forums\fall2001\kurthetal_files\v3_slide0024_image030.jpg --> 205.252.29.47 /diglib/forums/fall2001/kurthetal_files v3_slide0024_image030.jpg
2003.10.07 11:24 B C:\Projects\CLIR\www.diglib.org\forums\fall2001\kurthetal_files\v3_slide0024_image031.jpg --> 205.252.29.47 /diglib/forums/fall2001/kurthetal_files v3_slide0024_image031.jpg
2003.10.07 11:24 B C:\Projects\CLIR\www.diglib.org\forums\fall2001\kurthetal_files\v3_slide0024_notes_pane.htm --> 205.252.29.47 /diglib/forums/fall2001/kurthetal_files v3_slide0024_notes_pane.htm
2003.10.07 11:24 B C:\Projects\CLIR\www.diglib.org\forums\fall2001\kurthetal_files\v3_slide0025.htm --> 205.252.29.47 /diglib/forums/fall2001/kurthetal_files v3_slide0025.htm
2003.10.07 11:24 B C:\Projects\CLIR\www.diglib.org\forums\fall2001\kurthetal_files\v3_slide0025_image032.jpg --> 205.252.29.47 /diglib/forums/fall2001/kurthetal_files v3_slide0025_image032.jpg
2003.10.07 11:24 B C:\Projects\CLIR\www.diglib.org\forums\fall2001\kurthetal_files\v3_slide0025_image033.gif --> 205.252.29.47 /diglib/forums/fall2001/kurthetal_files v3_slide0025_image033.gif
2003.10.07 11:24 B C:\Projects\CLIR\www.diglib.org\forums\fall2001\kurthetal_files\v3_slide0025_notes_pane.htm --> 205.252.29.47 /diglib/forums/fall2001/kurthetal_files v3_slide0025_notes_pane.htm
2003.10.07 11:24 B C:\Projects\CLIR\www.diglib.org\forums\fall2001\kurthetal_files\v3_slide0026.htm --> 205.252.29.47 /diglib/forums/fall2001/kurthetal_files v3_slide0026.htm
2003.10.07 11:24 B C:\Projects\CLIR\www.diglib.org\forums\fall2001\kurthetal_files\v3_slide0026_image034.jpg --> 205.252.29.47 /diglib/forums/fall2001/kurthetal_files v3_slide0026_image034.jpg
2003.10.07 11:24 B C:\Projects\CLIR\www.diglib.org\forums\fall2001\kurthetal_files\v3_slide0026_image035.gif --> 205.252.29.47 /diglib/forums/fall2001/kurthetal_files v3_slide0026_image035.gif
2003.10.07 11:24 B C:\Projects\CLIR\www.diglib.org\forums\fall2001\kurthetal_files\v3_slide0026_notes_pane.htm --> 205.252.29.47 /diglib/forums/fall2001/kurthetal_files v3_slide0026_notes_pane.htm
2003.10.07 11:24 B C:\Projects\CLIR\www.diglib.org\forums\fall2001\kurthetal_files\v3_slide0027.htm --> 205.252.29.47 /diglib/forums/fall2001/kurthetal_files v3_slide0027.htm
2003.10.07 11:24 B C:\Projects\CLIR\www.diglib.org\forums\fall2001\kurthetal_files\v3_slide0027_image036.jpg --> 205.252.29.47 /diglib/forums/fall2001/kurthetal_files v3_slide0027_image036.jpg
2003.10.07 11:24 B C:\Projects\CLIR\www.diglib.org\forums\fall2001\kurthetal_files\v3_slide0027_notes_pane.htm --> 205.252.29.47 /diglib/forums/fall2001/kurthetal_files v3_slide0027_notes_pane.htm
2003.10.07 11:24 B C:\Projects\CLIR\www.diglib.org\forums\fall2001\kurthetal_files\v3_slide0028.htm --> 205.252.29.47 /diglib/forums/fall2001/kurthetal_files v3_slide0028.htm
2003.10.07 11:24 B C:\Projects\CLIR\www.diglib.org\forums\fall2001\kurthetal_files\v3_slide0028_image026.jpg --> 205.252.29.47 /diglib/forums/fall2001/kurthetal_files v3_slide0028_image026.jpg
2003.10.07 11:24 B C:\Projects\CLIR\www.diglib.org\forums\fall2001\kurthetal_files\v3_slide0028_notes_pane.htm --> 205.252.29.47 /diglib/forums/fall2001/kurthetal_files v3_slide0028_notes_pane.htm
2003.10.07 11:24 B C:\Projects\CLIR\www.diglib.org\forums\fall2001\kurthetal_files\v3_slide0029.htm --> 205.252.29.47 /diglib/forums/fall2001/kurthetal_files v3_slide0029.htm
2003.10.07 11:24 B C:\Projects\CLIR\www.diglib.org\forums\fall2001\kurthetal_files\v3_slide0029_image029.jpg --> 205.252.29.47 /diglib/forums/fall2001/kurthetal_files v3_slide0029_image029.jpg
2003.10.07 11:24 B C:\Projects\CLIR\www.diglib.org\forums\fall2001\kurthetal_files\v3_slide0029_notes_pane.htm --> 205.252.29.47 /diglib/forums/fall2001/kurthetal_files v3_slide0029_notes_pane.htm
2003.10.07 11:24 B C:\Projects\CLIR\www.diglib.org\forums\fall2001\kurthetal_files\v3_space.gif --> 205.252.29.47 /diglib/forums/fall2001/kurthetal_files v3_space.gif
2003.10.07 11:24 B C:\Projects\CLIR\www.diglib.org\forums\fall2001\kurthetal_files\WS_FTP.LOG --> 205.252.29.47 /diglib/forums/fall2001/kurthetal_files WS_FTP.LOG
2003.10.16 02:14 B C:\Projects\InfoSource\www.diglib.org\forums\fall2001\kurthetal_files\slide0014_image045.gif <-- diglib.org /diglib/forums/fall2001/kurthetal_files slide0014_image045.gif
2003.10.16 04:21 B C:\Projects\InfoSource\www.diglib.org\forums\fall2001\kurthetal_files\WS_FTP.LOG --> 205.252.29.47 /diglib/forums/fall2001/kurthetal_files WS_FTP.LOG
